#
# There is insufficient memory for the Java Runtime Environment to continue.
# Native memory allocation (malloc) failed to allocate 1075216 bytes for Chunk::new
# Possible reasons:
#   The system is out of physical RAM or swap space
#   The process is running with CompressedOops enabled, and the Java Heap may be blocking the growth of the native heap
# Possible solutions:
#   Reduce memory load on the system
#   Increase physical memory or swap space
#   Check if swap backing store is full
#   Decrease Java heap size (-Xmx/-Xms)
#   Decrease number of Java threads
#   Decrease Java thread stack sizes (-Xss)
#   Set larger code cache with -XX:ReservedCodeCacheSize=
#   JVM is running with Unscaled Compressed Oops mode in which the Java heap is
#     placed in the first 4GB address space. The Java Heap base address is the
#     maximum limit for the native heap growth. Please use -XX:HeapBaseMinAddress
#     to set the Java Heap base and to place the Java Heap above 4GB virtual address.
# This output file may be truncated or incomplete.
#
#  Out of Memory Error (./open/src/hotspot/share/memory/arena.cpp:195), pid=17508, tid=17736
#
# JRE version: OpenJDK Runtime Environment (14.0.2+12) (build 14.0.2+12-46)
# Java VM: OpenJDK 64-Bit Server VM (14.0.2+12-46, mixed mode, sharing, tiered, compressed oops, g1 gc, windows-amd64)
# No core dump will be written. Minidumps are not enabled by default on client versions of Windows
#

---------------  S U M M A R Y ------------

Command Line: --add-opens=java.base/java.util=ALL-UNNAMED --add-opens=java.base/java.lang=ALL-UNNAMED --add-opens=java.base/java.lang.invoke=ALL-UNNAMED --add-opens=java.prefs/java.util.prefs=ALL-UNNAMED -Xmx2048m -Dfile.encoding=windows-1252 -Duser.country=US -Duser.language=en -Duser.variant org.gradle.launcher.daemon.bootstrap.GradleDaemon 6.3

Host: Intel(R) Core(TM) i7-8700 CPU @ 3.20GHz, 12 cores, 15G,  Windows 10 , 64 bit Build 19041 (10.0.19041.3393)
Time: Sun Sep 17 14:09:49 2023 Pacific Daylight Time elapsed time: 8 seconds (0d 0h 0m 8s)

---------------  T H R E A D  ---------------

Current thread (0x00000237b6667000):  JavaThread "C2 CompilerThread1" daemon [_thread_in_native, id=17736, stack(0x000000f333200000,0x000000f333300000)]


Current CompileTask:
C2:   8200 6869       4       java.io.WinNTFileSystem::normalize (143 bytes)

Stack: [0x000000f333200000,0x000000f333300000]
Native frames: (J=compiled Java code, j=interpreted, Vv=VM code, C=native code)
V  [jvm.dll+0x5f8a9a]
V  [jvm.dll+0x74247a]
V  [jvm.dll+0x743c2f]
V  [jvm.dll+0x744273]
V  [jvm.dll+0x20d288]
V  [jvm.dll+0xabb07]
V  [jvm.dll+0xac1fc]
V  [jvm.dll+0x31c438]
V  [jvm.dll+0x2e6b38]
V  [jvm.dll+0x2e5f3a]
V  [jvm.dll+0x1e5e16]
V  [jvm.dll+0x1e50b8]
V  [jvm.dll+0x1779cc]
V  [jvm.dll+0x1f4105]
V  [jvm.dll+0x1f22eb]
V  [jvm.dll+0x7070cd]
V  [jvm.dll+0x6ffeda]
V  [jvm.dll+0x5f78f6]
C  [ucrtbase.dll+0x21bb2]
C  [KERNEL32.DLL+0x17344]
C  [ntdll.dll+0x526b1]


---------------  P R O C E S S  ---------------

Threads class SMR info:
_java_thread_list=0x00000237b76b2c70, length=45, elements={
0x000002379239f000, 0x00000237b216a000, 0x00000237b216b800, 0x00000237b217f800,
0x00000237b2185000, 0x00000237b2186000, 0x00000237b2187000, 0x00000237b2196000,
0x00000237b21ca800, 0x00000237b22fe000, 0x00000237b2313000, 0x00000237b3672000,
0x00000237b35f4800, 0x00000237b363c800, 0x00000237b3e99000, 0x00000237b3fc0800,
0x00000237b4071800, 0x00000237b4069000, 0x00000237b4068000, 0x00000237b3ff2800,
0x00000237b3ff2000, 0x00000237b3ff1000, 0x00000237b3ff3800, 0x00000237b3ff4000,
0x00000237b3ff5000, 0x00000237b3fef800, 0x00000237b3ff0000, 0x00000237b6576000,
0x00000237b6572000, 0x00000237b6573800, 0x00000237b6570000, 0x00000237b6574800,
0x00000237b6575000, 0x00000237b6576800, 0x00000237b6571000, 0x00000237b657c800,
0x00000237b6578800, 0x00000237b6577800, 0x00000237b657a000, 0x00000237b657d000,
0x00000237b6579000, 0x00000237b657e000, 0x00000237b5d9d000, 0x00000237b5d9e800,
0x00000237b6667000
}

Java Threads: ( => current thread )
  0x000002379239f000 JavaThread "main" [_thread_blocked, id=1980, stack(0x000000f332000000,0x000000f332100000)]
  0x00000237b216a000 JavaThread "Reference Handler" daemon [_thread_blocked, id=10632, stack(0x000000f332700000,0x000000f332800000)]
  0x00000237b216b800 JavaThread "Finalizer" daemon [_thread_blocked, id=12236, stack(0x000000f332800000,0x000000f332900000)]
  0x00000237b217f800 JavaThread "Signal Dispatcher" daemon [_thread_blocked, id=12348, stack(0x000000f332900000,0x000000f332a00000)]
  0x00000237b2185000 JavaThread "Attach Listener" daemon [_thread_blocked, id=16900, stack(0x000000f332a00000,0x000000f332b00000)]
  0x00000237b2186000 JavaThread "Service Thread" daemon [_thread_blocked, id=3472, stack(0x000000f332b00000,0x000000f332c00000)]
  0x00000237b2187000 JavaThread "C2 CompilerThread0" daemon [_thread_in_native, id=12824, stack(0x000000f332c00000,0x000000f332d00000)]
  0x00000237b2196000 JavaThread "C1 CompilerThread0" daemon [_thread_blocked, id=18388, stack(0x000000f332d00000,0x000000f332e00000)]
  0x00000237b21ca800 JavaThread "Sweeper thread" daemon [_thread_blocked, id=1992, stack(0x000000f332e00000,0x000000f332f00000)]
  0x00000237b22fe000 JavaThread "Common-Cleaner" daemon [_thread_blocked, id=3768, stack(0x000000f332f00000,0x000000f333000000)]
  0x00000237b2313000 JavaThread "Notification Thread" daemon [_thread_blocked, id=11496, stack(0x000000f333000000,0x000000f333100000)]
  0x00000237b3672000 JavaThread "Daemon health stats" [_thread_blocked, id=8516, stack(0x000000f333800000,0x000000f333900000)]
  0x00000237b35f4800 JavaThread "Incoming local TCP Connector on port 51122" [_thread_in_native, id=12000, stack(0x000000f333900000,0x000000f333a00000)]
  0x00000237b363c800 JavaThread "Daemon periodic checks" [_thread_blocked, id=9992, stack(0x000000f333a00000,0x000000f333b00000)]
  0x00000237b3e99000 JavaThread "Daemon" [_thread_blocked, id=5304, stack(0x000000f333b00000,0x000000f333c00000)]
  0x00000237b3fc0800 JavaThread "Handler for socket connection from /127.0.0.1:51122 to /127.0.0.1:51123" [_thread_in_native, id=17524, stack(0x000000f333c00000,0x000000f333d00000)]
  0x00000237b4071800 JavaThread "Cancel handler" [_thread_blocked, id=13456, stack(0x000000f333d00000,0x000000f333e00000)]
  0x00000237b4069000 JavaThread "Daemon worker" [_thread_in_vm, id=13448, stack(0x000000f333e00000,0x000000f333f00000)]
  0x00000237b4068000 JavaThread "Asynchronous log dispatcher for DefaultDaemonConnection: socket connection from /127.0.0.1:51122 to /127.0.0.1:51123" [_thread_blocked, id=544, stack(0x000000f333f00000,0x000000f334000000)]
  0x00000237b3ff2800 JavaThread "Stdin handler" [_thread_blocked, id=260, stack(0x000000f334000000,0x000000f334100000)]
  0x00000237b3ff2000 JavaThread "Thread-8" [_thread_blocked, id=6940, stack(0x000000f334100000,0x000000f334200000)]
  0x00000237b3ff1000 JavaThread "Cache worker for journal cache (C:\Users\Darius\.gradle\caches\journal-1)" [_thread_blocked, id=13252, stack(0x000000f334200000,0x000000f334300000)]
  0x00000237b3ff3800 JavaThread "File lock request listener" [_thread_in_native, id=12700, stack(0x000000f334300000,0x000000f334400000)]
  0x00000237b3ff4000 JavaThread "Cache worker for file hash cache (C:\Users\Darius\.gradle\caches\6.3\fileHashes)" [_thread_blocked, id=11768, stack(0x000000f334400000,0x000000f334500000)]
  0x00000237b3ff5000 JavaThread "Cache worker for checksums cache (D:\Darius Stuff\AndroidStudioProjects\noteApp\.gradle\checksums)" [_thread_blocked, id=12696, stack(0x000000f334500000,0x000000f334600000)]
  0x00000237b3fef800 JavaThread "Cache worker for file hash cache (D:\Darius Stuff\AndroidStudioProjects\noteApp\.gradle\6.3\fileHashes)" [_thread_blocked, id=8524, stack(0x000000f334600000,0x000000f334700000)]
  0x00000237b3ff0000 JavaThread "Cache worker for cache directory md-supplier (C:\Users\Darius\.gradle\caches\6.3\md-supplier)" [_thread_blocked, id=11844, stack(0x000000f334800000,0x000000f334900000)]
  0x00000237b6576000 JavaThread "Cache worker for cache directory md-rule (C:\Users\Darius\.gradle\caches\6.3\md-rule)" [_thread_blocked, id=4580, stack(0x000000f334900000,0x000000f334a00000)]
  0x00000237b6572000 JavaThread "Cache worker for execution history cache (C:\Users\Darius\.gradle\caches\6.3\executionHistory)" [_thread_blocked, id=9704, stack(0x000000f335000000,0x000000f335100000)]
  0x00000237b6573800 JavaThread "Build operations" [_thread_blocked, id=10316, stack(0x000000f335200000,0x000000f335300000)]
  0x00000237b6570000 JavaThread "Build operations Thread 2" [_thread_blocked, id=15724, stack(0x000000f335300000,0x000000f335400000)]
  0x00000237b6574800 JavaThread "Build operations Thread 3" [_thread_blocked, id=11320, stack(0x000000f335400000,0x000000f335500000)]
  0x00000237b6575000 JavaThread "Build operations Thread 4" [_thread_blocked, id=14996, stack(0x000000f335500000,0x000000f335600000)]
  0x00000237b6576800 JavaThread "Build operations Thread 5" [_thread_blocked, id=17540, stack(0x000000f335600000,0x000000f335700000)]
  0x00000237b6571000 JavaThread "Build operations Thread 6" [_thread_blocked, id=4808, stack(0x000000f335700000,0x000000f335800000)]
  0x00000237b657c800 JavaThread "Build operations Thread 7" [_thread_blocked, id=15076, stack(0x000000f335800000,0x000000f335900000)]
  0x00000237b6578800 JavaThread "Build operations Thread 8" [_thread_blocked, id=9480, stack(0x000000f335900000,0x000000f335a00000)]
  0x00000237b6577800 JavaThread "Build operations Thread 9" [_thread_blocked, id=2148, stack(0x000000f335a00000,0x000000f335b00000)]
  0x00000237b657a000 JavaThread "Build operations Thread 10" [_thread_blocked, id=2500, stack(0x000000f335b00000,0x000000f335c00000)]
  0x00000237b657d000 JavaThread "Build operations Thread 11" [_thread_blocked, id=15656, stack(0x000000f335c00000,0x000000f335d00000)]
  0x00000237b6579000 JavaThread "Build operations Thread 12" [_thread_blocked, id=14852, stack(0x000000f335d00000,0x000000f335e00000)]
  0x00000237b657e000 JavaThread "Cache worker for Build Output Cleanup Cache (D:\Darius Stuff\AndroidStudioProjects\noteApp\.gradle\buildOutputCleanup)" [_thread_blocked, id=6188, stack(0x000000f335f00000,0x000000f336000000)]
  0x00000237b5d9d000 JavaThread "Cache worker for execution history cache (D:\Darius Stuff\AndroidStudioProjects\noteApp\.gradle\6.3\executionHistory)" [_thread_blocked, id=7840, stack(0x000000f336b00000,0x000000f336c00000)]
  0x00000237b5d9e800 JavaThread "idea-tooling-model-converter" [_thread_blocked, id=18092, stack(0x000000f336000000,0x000000f336100000)]
=>0x00000237b6667000 JavaThread "C2 CompilerThread1" daemon [_thread_in_native, id=17736, stack(0x000000f333200000,0x000000f333300000)]

Other Threads:
  0x00000237b2162000 VMThread "VM Thread" [stack: 0x000000f332600000,0x000000f332700000] [id=1416]
  0x00000237b2313800 WatcherThread [stack: 0x000000f333100000,0x000000f333200000] [id=5164]
  0x00000237923e2800 GCTaskThread "GC Thread#0" [stack: 0x000000f332100000,0x000000f332200000] [id=16748]
  0x00000237b31e5800 GCTaskThread "GC Thread#1" [stack: 0x000000f333300000,0x000000f333400000] [id=18004]
  0x00000237b314d800 GCTaskThread "GC Thread#2" [stack: 0x000000f333400000,0x000000f333500000] [id=10660]
  0x00000237b314e800 GCTaskThread "GC Thread#3" [stack: 0x000000f333500000,0x000000f333600000] [id=3360]
  0x00000237b2ff9800 GCTaskThread "GC Thread#4" [stack: 0x000000f333600000,0x000000f333700000] [id=5048]
  0x00000237b2ffa800 GCTaskThread "GC Thread#5" [stack: 0x000000f333700000,0x000000f333800000] [id=18024]
  0x00000237b5c0a000 GCTaskThread "GC Thread#6" [stack: 0x000000f334a00000,0x000000f334b00000] [id=17636]
  0x00000237b440a800 GCTaskThread "GC Thread#7" [stack: 0x000000f334b00000,0x000000f334c00000] [id=2584]
  0x00000237b42c3000 GCTaskThread "GC Thread#8" [stack: 0x000000f334c00000,0x000000f334d00000] [id=16952]
  0x00000237b486c000 GCTaskThread "GC Thread#9" [stack: 0x000000f334d00000,0x000000f334e00000] [id=9908]
  0x00000237923f5800 ConcurrentGCThread "G1 Main Marker" [stack: 0x000000f332200000,0x000000f332300000] [id=4416]
  0x00000237923f7000 ConcurrentGCThread "G1 Conc#0" [stack: 0x000000f332300000,0x000000f332400000] [id=13464]
  0x00000237b4012000 ConcurrentGCThread "G1 Conc#1" [stack: 0x000000f334e00000,0x000000f334f00000] [id=6384]
  0x00000237b4dc9000 ConcurrentGCThread "G1 Conc#2" [stack: 0x000000f334f00000,0x000000f335000000] [id=4664]
  0x00000237b17d6800 ConcurrentGCThread "G1 Refine#0" [stack: 0x000000f332400000,0x000000f332500000] [id=7288]
  0x00000237b4db7800 ConcurrentGCThread "G1 Refine#1" [stack: 0x000000f335100000,0x000000f335200000] [id=16940]
  0x00000237b7738800 ConcurrentGCThread "G1 Refine#2" [stack: 0x000000f335e00000,0x000000f335f00000] [id=7796]
  0x00000237b17d7800 ConcurrentGCThread "G1 Young RemSet Sampling" [stack: 0x000000f332500000,0x000000f332600000] [id=17568]

Threads with active compile tasks:
C2 CompilerThread0     8223 6706 %     4       org.gradle.internal.instantiation.generator.AbstractClassGenerator::inspectType @ 431 (559 bytes)
C2 CompilerThread1     8223 6869       4       java.io.WinNTFileSystem::normalize (143 bytes)

VM state:not at safepoint (normal execution)

VM Mutex/Monitor currently owned by a thread: None

Heap address: 0x0000000080000000, size: 2048 MB, Compressed Oops mode: 32-bit
Narrow klass base: 0x0000000800000000, Narrow klass shift: 3
Compressed class space size: 1073741824 Address: 0x0000000800b30000

Heap:
 garbage-first heap   total 186368K, used 142252K [0x0000000080000000, 0x0000000100000000)
  region size 1024K, 36 young (36864K), 2 survivors (2048K)
 Metaspace       used 68264K, capacity 70145K, committed 70476K, reserved 1110016K
  class space    used 9120K, capacity 9736K, committed 9856K, reserved 1048576K
Heap Regions: E=young(eden), S=young(survivor), O=old, HS=humongous(starts), HC=humongous(continues), CS=collection set, F=free, OA=open archive, CA=closed archive, TAMS=top-at-mark-start (previous, next)
|   0|0x0000000080000000, 0x0000000080100000, 0x0000000080100000|100%| O|  |TAMS 0x0000000080100000, 0x0000000080000000| Untracked 
|   1|0x0000000080100000, 0x0000000080200000, 0x0000000080200000|100%| O|  |TAMS 0x0000000080200000, 0x0000000080100000| Untracked 
|   2|0x0000000080200000, 0x0000000080234c00, 0x0000000080300000| 20%| O|  |TAMS 0x0000000080234c00, 0x0000000080200000| Untracked 
|   3|0x0000000080300000, 0x0000000080400000, 0x0000000080400000|100%|HS|  |TAMS 0x0000000080400000, 0x0000000080300000| Complete 
|   4|0x0000000080400000, 0x0000000080500000, 0x0000000080500000|100%|HC|  |TAMS 0x0000000080500000, 0x0000000080400000| Complete 
|   5|0x0000000080500000, 0x0000000080600000, 0x0000000080600000|100%|HC|  |TAMS 0x0000000080600000, 0x0000000080500000| Complete 
|   6|0x0000000080600000, 0x0000000080700000, 0x0000000080700000|100%| O|  |TAMS 0x0000000080700000, 0x0000000080600000| Untracked 
|   7|0x0000000080700000, 0x0000000080800000, 0x0000000080800000|100%| O|  |TAMS 0x0000000080800000, 0x0000000080700000| Untracked 
|   8|0x0000000080800000, 0x0000000080900000, 0x0000000080900000|100%| O|  |TAMS 0x0000000080900000, 0x0000000080800000| Untracked 
|   9|0x0000000080900000, 0x0000000080a00000, 0x0000000080a00000|100%| O|  |TAMS 0x0000000080a00000, 0x0000000080900000| Untracked 
|  10|0x0000000080a00000, 0x0000000080b00000, 0x0000000080b00000|100%|HS|  |TAMS 0x0000000080b00000, 0x0000000080a00000| Complete 
|  11|0x0000000080b00000, 0x0000000080c00000, 0x0000000080c00000|100%|HC|  |TAMS 0x0000000080c00000, 0x0000000080b00000| Complete 
|  12|0x0000000080c00000, 0x0000000080d00000, 0x0000000080d00000|100%|HS|  |TAMS 0x0000000080d00000, 0x0000000080c00000| Complete 
|  13|0x0000000080d00000, 0x0000000080e00000, 0x0000000080e00000|100%|HC|  |TAMS 0x0000000080e00000, 0x0000000080d00000| Complete 
|  14|0x0000000080e00000, 0x0000000080f00000, 0x0000000080f00000|100%|HC|  |TAMS 0x0000000080f00000, 0x0000000080e00000| Complete 
|  15|0x0000000080f00000, 0x0000000081000000, 0x0000000081000000|100%|HS|  |TAMS 0x0000000081000000, 0x0000000080f00000| Complete 
|  16|0x0000000081000000, 0x0000000081100000, 0x0000000081100000|100%|HC|  |TAMS 0x0000000081100000, 0x0000000081000000| Complete 
|  17|0x0000000081100000, 0x0000000081200000, 0x0000000081200000|100%|HC|  |TAMS 0x0000000081200000, 0x0000000081100000| Complete 
|  18|0x0000000081200000, 0x0000000081300000, 0x0000000081300000|100%|HS|  |TAMS 0x0000000081300000, 0x0000000081200000| Complete 
|  19|0x0000000081300000, 0x0000000081400000, 0x0000000081400000|100%|HC|  |TAMS 0x0000000081400000, 0x0000000081300000| Complete 
|  20|0x0000000081400000, 0x0000000081500000, 0x0000000081500000|100%|HC|  |TAMS 0x0000000081500000, 0x0000000081400000| Complete 
|  21|0x0000000081500000, 0x0000000081600000, 0x0000000081600000|100%|HC|  |TAMS 0x0000000081600000, 0x0000000081500000| Complete 
|  22|0x0000000081600000, 0x0000000081700000, 0x0000000081700000|100%|HC|  |TAMS 0x0000000081700000, 0x0000000081600000| Complete 
|  23|0x0000000081700000, 0x0000000081800000, 0x0000000081800000|100%|HC|  |TAMS 0x0000000081800000, 0x0000000081700000| Complete 
|  24|0x0000000081800000, 0x0000000081900000, 0x0000000081900000|100%|HC|  |TAMS 0x0000000081900000, 0x0000000081800000| Complete 
|  25|0x0000000081900000, 0x0000000081a00000, 0x0000000081a00000|100%|HC|  |TAMS 0x0000000081a00000, 0x0000000081900000| Complete 
|  26|0x0000000081a00000, 0x0000000081b00000, 0x0000000081b00000|100%|HC|  |TAMS 0x0000000081b00000, 0x0000000081a00000| Complete 
|  27|0x0000000081b00000, 0x0000000081c00000, 0x0000000081c00000|100%|HC|  |TAMS 0x0000000081c00000, 0x0000000081b00000| Complete 
|  28|0x0000000081c00000, 0x0000000081d00000, 0x0000000081d00000|100%|HC|  |TAMS 0x0000000081d00000, 0x0000000081c00000| Complete 
|  29|0x0000000081d00000, 0x0000000081e00000, 0x0000000081e00000|100%|HC|  |TAMS 0x0000000081e00000, 0x0000000081d00000| Complete 
|  30|0x0000000081e00000, 0x0000000081f00000, 0x0000000081f00000|100%|HS|  |TAMS 0x0000000081f00000, 0x0000000081e00000| Complete 
|  31|0x0000000081f00000, 0x0000000082000000, 0x0000000082000000|100%|HC|  |TAMS 0x0000000082000000, 0x0000000081f00000| Complete 
|  32|0x0000000082000000, 0x0000000082100000, 0x0000000082100000|100%| O|  |TAMS 0x0000000082100000, 0x0000000082000000| Untracked 
|  33|0x0000000082100000, 0x0000000082200000, 0x0000000082200000|100%| O|  |TAMS 0x0000000082200000, 0x0000000082100000| Untracked 
|  34|0x0000000082200000, 0x0000000082300000, 0x0000000082300000|100%| O|  |TAMS 0x0000000082300000, 0x0000000082200000| Untracked 
|  35|0x0000000082300000, 0x0000000082400000, 0x0000000082400000|100%| O|  |TAMS 0x0000000082400000, 0x0000000082300000| Untracked 
|  36|0x0000000082400000, 0x0000000082500000, 0x0000000082500000|100%| O|  |TAMS 0x0000000082500000, 0x0000000082400000| Untracked 
|  37|0x0000000082500000, 0x0000000082600000, 0x0000000082600000|100%| O|  |TAMS 0x0000000082600000, 0x0000000082500000| Untracked 
|  38|0x0000000082600000, 0x0000000082700000, 0x0000000082700000|100%| O|  |TAMS 0x0000000082700000, 0x0000000082600000| Untracked 
|  39|0x0000000082700000, 0x0000000082800000, 0x0000000082800000|100%| O|  |TAMS 0x0000000082800000, 0x0000000082700000| Untracked 
|  40|0x0000000082800000, 0x0000000082900000, 0x0000000082900000|100%| O|  |TAMS 0x0000000082900000, 0x0000000082800000| Untracked 
|  41|0x0000000082900000, 0x0000000082a00000, 0x0000000082a00000|100%| O|  |TAMS 0x0000000082a00000, 0x0000000082900000| Untracked 
|  42|0x0000000082a00000, 0x0000000082b00000, 0x0000000082b00000|100%| O|  |TAMS 0x0000000082b00000, 0x0000000082a00000| Untracked 
|  43|0x0000000082b00000, 0x0000000082c00000, 0x0000000082c00000|100%| O|  |TAMS 0x0000000082c00000, 0x0000000082b00000| Untracked 
|  44|0x0000000082c00000, 0x0000000082d00000, 0x0000000082d00000|100%| O|  |TAMS 0x0000000082d00000, 0x0000000082c00000| Untracked 
|  45|0x0000000082d00000, 0x0000000082e00000, 0x0000000082e00000|100%| O|  |TAMS 0x0000000082e00000, 0x0000000082d00000| Untracked 
|  46|0x0000000082e00000, 0x0000000082f00000, 0x0000000082f00000|100%| O|  |TAMS 0x0000000082f00000, 0x0000000082e00000| Untracked 
|  47|0x0000000082f00000, 0x0000000083000000, 0x0000000083000000|100%| O|  |TAMS 0x0000000083000000, 0x0000000082f00000| Untracked 
|  48|0x0000000083000000, 0x0000000083100000, 0x0000000083100000|100%| O|  |TAMS 0x0000000083100000, 0x0000000083000000| Untracked 
|  49|0x0000000083100000, 0x0000000083200000, 0x0000000083200000|100%| O|  |TAMS 0x0000000083200000, 0x0000000083100000| Untracked 
|  50|0x0000000083200000, 0x0000000083300000, 0x0000000083300000|100%| O|  |TAMS 0x0000000083300000, 0x0000000083200000| Untracked 
|  51|0x0000000083300000, 0x0000000083400000, 0x0000000083400000|100%|HS|  |TAMS 0x0000000083400000, 0x0000000083300000| Complete 
|  52|0x0000000083400000, 0x0000000083500000, 0x0000000083500000|100%|HC|  |TAMS 0x0000000083500000, 0x0000000083400000| Complete 
|  53|0x0000000083500000, 0x0000000083600000, 0x0000000083600000|100%|HC|  |TAMS 0x0000000083600000, 0x0000000083500000| Complete 
|  54|0x0000000083600000, 0x0000000083700000, 0x0000000083700000|100%|HS|  |TAMS 0x0000000083700000, 0x0000000083600000| Complete 
|  55|0x0000000083700000, 0x0000000083800000, 0x0000000083800000|100%|HC|  |TAMS 0x0000000083800000, 0x0000000083700000| Complete 
|  56|0x0000000083800000, 0x0000000083900000, 0x0000000083900000|100%| O|  |TAMS 0x0000000083900000, 0x0000000083800000| Untracked 
|  57|0x0000000083900000, 0x0000000083a00000, 0x0000000083a00000|100%| O|  |TAMS 0x0000000083a00000, 0x0000000083900000| Untracked 
|  58|0x0000000083a00000, 0x0000000083b00000, 0x0000000083b00000|100%| O|  |TAMS 0x0000000083b00000, 0x0000000083a00000| Untracked 
|  59|0x0000000083b00000, 0x0000000083c00000, 0x0000000083c00000|100%| O|  |TAMS 0x0000000083c00000, 0x0000000083b00000| Untracked 
|  60|0x0000000083c00000, 0x0000000083d00000, 0x0000000083d00000|100%| O|  |TAMS 0x0000000083d00000, 0x0000000083c00000| Untracked 
|  61|0x0000000083d00000, 0x0000000083e00000, 0x0000000083e00000|100%| O|  |TAMS 0x0000000083e00000, 0x0000000083d00000| Untracked 
|  62|0x0000000083e00000, 0x0000000083f00000, 0x0000000083f00000|100%| O|  |TAMS 0x0000000083f00000, 0x0000000083e00000| Untracked 
|  63|0x0000000083f00000, 0x0000000084000000, 0x0000000084000000|100%| O|  |TAMS 0x0000000084000000, 0x0000000083f00000| Untracked 
|  64|0x0000000084000000, 0x0000000084100000, 0x0000000084100000|100%| O|  |TAMS 0x0000000084100000, 0x0000000084000000| Untracked 
|  65|0x0000000084100000, 0x0000000084200000, 0x0000000084200000|100%| O|  |TAMS 0x0000000084200000, 0x0000000084100000| Untracked 
|  66|0x0000000084200000, 0x0000000084300000, 0x0000000084300000|100%| O|  |TAMS 0x0000000084300000, 0x0000000084200000| Untracked 
|  67|0x0000000084300000, 0x0000000084400000, 0x0000000084400000|100%| O|  |TAMS 0x0000000084400000, 0x0000000084300000| Untracked 
|  68|0x0000000084400000, 0x0000000084500000, 0x0000000084500000|100%| O|  |TAMS 0x0000000084500000, 0x0000000084400000| Untracked 
|  69|0x0000000084500000, 0x0000000084600000, 0x0000000084600000|100%| O|  |TAMS 0x0000000084600000, 0x0000000084500000| Untracked 
|  70|0x0000000084600000, 0x0000000084700000, 0x0000000084700000|100%| O|  |TAMS 0x0000000084700000, 0x0000000084600000| Untracked 
|  71|0x0000000084700000, 0x0000000084800000, 0x0000000084800000|100%| O|  |TAMS 0x0000000084800000, 0x0000000084700000| Untracked 
|  72|0x0000000084800000, 0x0000000084900000, 0x0000000084900000|100%| O|  |TAMS 0x0000000084900000, 0x0000000084800000| Untracked 
|  73|0x0000000084900000, 0x0000000084a00000, 0x0000000084a00000|100%| O|  |TAMS 0x0000000084a00000, 0x0000000084900000| Untracked 
|  74|0x0000000084a00000, 0x0000000084b00000, 0x0000000084b00000|100%| O|  |TAMS 0x0000000084b00000, 0x0000000084a00000| Untracked 
|  75|0x0000000084b00000, 0x0000000084c00000, 0x0000000084c00000|100%| O|  |TAMS 0x0000000084c00000, 0x0000000084b00000| Untracked 
|  76|0x0000000084c00000, 0x0000000084d00000, 0x0000000084d00000|100%|HS|  |TAMS 0x0000000084d00000, 0x0000000084c00000| Complete 
|  77|0x0000000084d00000, 0x0000000084e00000, 0x0000000084e00000|100%|HC|  |TAMS 0x0000000084e00000, 0x0000000084d00000| Complete 
|  78|0x0000000084e00000, 0x0000000084f00000, 0x0000000084f00000|100%|HS|  |TAMS 0x0000000084f00000, 0x0000000084e00000| Complete 
|  79|0x0000000084f00000, 0x0000000085000000, 0x0000000085000000|100%|HC|  |TAMS 0x0000000085000000, 0x0000000084f00000| Complete 
|  80|0x0000000085000000, 0x0000000085100000, 0x0000000085100000|100%|HC|  |TAMS 0x0000000085100000, 0x0000000085000000| Complete 
|  81|0x0000000085100000, 0x0000000085200000, 0x0000000085200000|100%|HS|  |TAMS 0x0000000085200000, 0x0000000085100000| Complete 
|  82|0x0000000085200000, 0x0000000085300000, 0x0000000085300000|100%|HC|  |TAMS 0x0000000085300000, 0x0000000085200000| Complete 
|  83|0x0000000085300000, 0x0000000085400000, 0x0000000085400000|100%|HC|  |TAMS 0x0000000085400000, 0x0000000085300000| Complete 
|  84|0x0000000085400000, 0x0000000085500000, 0x0000000085500000|100%|HS|  |TAMS 0x0000000085500000, 0x0000000085400000| Complete 
|  85|0x0000000085500000, 0x0000000085600000, 0x0000000085600000|100%|HC|  |TAMS 0x0000000085600000, 0x0000000085500000| Complete 
|  86|0x0000000085600000, 0x0000000085700000, 0x0000000085700000|100%|HC|  |TAMS 0x0000000085700000, 0x0000000085600000| Complete 
|  87|0x0000000085700000, 0x0000000085800000, 0x0000000085800000|100%|HC|  |TAMS 0x0000000085800000, 0x0000000085700000| Complete 
|  88|0x0000000085800000, 0x0000000085900000, 0x0000000085900000|100%|HC|  |TAMS 0x0000000085900000, 0x0000000085800000| Complete 
|  89|0x0000000085900000, 0x0000000085a00000, 0x0000000085a00000|100%|HC|  |TAMS 0x0000000085a00000, 0x0000000085900000| Complete 
|  90|0x0000000085a00000, 0x0000000085b00000, 0x0000000085b00000|100%|HC|  |TAMS 0x0000000085b00000, 0x0000000085a00000| Complete 
|  91|0x0000000085b00000, 0x0000000085c00000, 0x0000000085c00000|100%|HC|  |TAMS 0x0000000085c00000, 0x0000000085b00000| Complete 
|  92|0x0000000085c00000, 0x0000000085d00000, 0x0000000085d00000|100%|HC|  |TAMS 0x0000000085d00000, 0x0000000085c00000| Complete 
|  93|0x0000000085d00000, 0x0000000085e00000, 0x0000000085e00000|100%|HC|  |TAMS 0x0000000085e00000, 0x0000000085d00000| Complete 
|  94|0x0000000085e00000, 0x0000000085f00000, 0x0000000085f00000|100%|HC|  |TAMS 0x0000000085f00000, 0x0000000085e00000| Complete 
|  95|0x0000000085f00000, 0x0000000086000000, 0x0000000086000000|100%|HC|  |TAMS 0x0000000086000000, 0x0000000085f00000| Complete 
|  96|0x0000000086000000, 0x0000000086100000, 0x0000000086100000|100%|HS|  |TAMS 0x0000000086100000, 0x0000000086000000| Complete 
|  97|0x0000000086100000, 0x0000000086200000, 0x0000000086200000|100%|HC|  |TAMS 0x0000000086200000, 0x0000000086100000| Complete 
|  98|0x0000000086200000, 0x0000000086300000, 0x0000000086300000|100%| O|  |TAMS 0x00000000862a1e00, 0x0000000086200000| Untracked 
|  99|0x0000000086300000, 0x0000000086400000, 0x0000000086400000|100%| O|  |TAMS 0x0000000086300000, 0x0000000086300000| Untracked 
| 100|0x0000000086400000, 0x0000000086500000, 0x0000000086500000|100%| O|  |TAMS 0x0000000086400000, 0x0000000086400000| Untracked 
| 101|0x0000000086500000, 0x0000000086600000, 0x0000000086600000|100%| O|  |TAMS 0x0000000086500000, 0x0000000086500000| Untracked 
| 102|0x0000000086600000, 0x0000000086700000, 0x0000000086700000|100%| O|  |TAMS 0x0000000086600000, 0x0000000086600000| Untracked 
| 103|0x0000000086700000, 0x0000000086800000, 0x0000000086800000|100%| O|  |TAMS 0x0000000086700000, 0x0000000086700000| Untracked 
| 104|0x0000000086800000, 0x0000000086900000, 0x0000000086900000|100%| O|  |TAMS 0x0000000086800000, 0x0000000086800000| Untracked 
| 105|0x0000000086900000, 0x0000000086972c00, 0x0000000086a00000| 44%| O|  |TAMS 0x0000000086900000, 0x0000000086900000| Untracked 
| 106|0x0000000086a00000, 0x0000000086a00000, 0x0000000086b00000|  0%| F|  |TAMS 0x0000000086a00000, 0x0000000086a00000| Untracked 
| 107|0x0000000086b00000, 0x0000000086b00000, 0x0000000086c00000|  0%| F|  |TAMS 0x0000000086b00000, 0x0000000086b00000| Untracked 
| 108|0x0000000086c00000, 0x0000000086c00000, 0x0000000086d00000|  0%| F|  |TAMS 0x0000000086c00000, 0x0000000086c00000| Untracked 
| 109|0x0000000086d00000, 0x0000000086d00000, 0x0000000086e00000|  0%| F|  |TAMS 0x0000000086d00000, 0x0000000086d00000| Untracked 
| 110|0x0000000086e00000, 0x0000000086e00000, 0x0000000086f00000|  0%| F|  |TAMS 0x0000000086e00000, 0x0000000086e00000| Untracked 
| 111|0x0000000086f00000, 0x0000000086f00000, 0x0000000087000000|  0%| F|  |TAMS 0x0000000086f00000, 0x0000000086f00000| Untracked 
| 112|0x0000000087000000, 0x0000000087000000, 0x0000000087100000|  0%| F|  |TAMS 0x0000000087000000, 0x0000000087000000| Untracked 
| 113|0x0000000087100000, 0x0000000087100000, 0x0000000087200000|  0%| F|  |TAMS 0x0000000087100000, 0x0000000087100000| Untracked 
| 114|0x0000000087200000, 0x0000000087200000, 0x0000000087300000|  0%| F|  |TAMS 0x0000000087200000, 0x0000000087200000| Untracked 
| 115|0x0000000087300000, 0x0000000087300000, 0x0000000087400000|  0%| F|  |TAMS 0x0000000087300000, 0x0000000087300000| Untracked 
| 116|0x0000000087400000, 0x0000000087400000, 0x0000000087500000|  0%| F|  |TAMS 0x0000000087400000, 0x0000000087400000| Untracked 
| 117|0x0000000087500000, 0x0000000087500000, 0x0000000087600000|  0%| F|  |TAMS 0x0000000087500000, 0x0000000087500000| Untracked 
| 118|0x0000000087600000, 0x0000000087600000, 0x0000000087700000|  0%| F|  |TAMS 0x0000000087600000, 0x0000000087600000| Untracked 
| 119|0x0000000087700000, 0x0000000087700000, 0x0000000087800000|  0%| F|  |TAMS 0x0000000087700000, 0x0000000087700000| Untracked 
| 120|0x0000000087800000, 0x0000000087800000, 0x0000000087900000|  0%| F|  |TAMS 0x0000000087800000, 0x0000000087800000| Untracked 
| 121|0x0000000087900000, 0x0000000087900000, 0x0000000087a00000|  0%| F|  |TAMS 0x0000000087900000, 0x0000000087900000| Untracked 
| 122|0x0000000087a00000, 0x0000000087a00000, 0x0000000087b00000|  0%| F|  |TAMS 0x0000000087a00000, 0x0000000087a00000| Untracked 
| 123|0x0000000087b00000, 0x0000000087b00000, 0x0000000087c00000|  0%| F|  |TAMS 0x0000000087b00000, 0x0000000087b00000| Untracked 
| 124|0x0000000087c00000, 0x0000000087c00000, 0x0000000087d00000|  0%| F|  |TAMS 0x0000000087c00000, 0x0000000087c00000| Untracked 
| 125|0x0000000087d00000, 0x0000000087d00000, 0x0000000087e00000|  0%| F|  |TAMS 0x0000000087d00000, 0x0000000087d00000| Untracked 
| 126|0x0000000087e00000, 0x0000000087e00000, 0x0000000087f00000|  0%| F|  |TAMS 0x0000000087e00000, 0x0000000087e00000| Untracked 
| 127|0x0000000087f00000, 0x0000000087f00000, 0x0000000088000000|  0%| F|  |TAMS 0x0000000087f00000, 0x0000000087f00000| Untracked 
| 128|0x0000000088000000, 0x0000000088000000, 0x0000000088100000|  0%| F|  |TAMS 0x0000000088000000, 0x0000000088000000| Untracked 
| 129|0x0000000088100000, 0x0000000088100000, 0x0000000088200000|  0%| F|  |TAMS 0x0000000088100000, 0x0000000088100000| Untracked 
| 130|0x0000000088200000, 0x0000000088200000, 0x0000000088300000|  0%| F|  |TAMS 0x0000000088200000, 0x0000000088200000| Untracked 
| 131|0x0000000088300000, 0x0000000088300000, 0x0000000088400000|  0%| F|  |TAMS 0x0000000088300000, 0x0000000088300000| Untracked 
| 132|0x0000000088400000, 0x0000000088400000, 0x0000000088500000|  0%| F|  |TAMS 0x0000000088400000, 0x0000000088400000| Untracked 
| 133|0x0000000088500000, 0x0000000088500000, 0x0000000088600000|  0%| F|  |TAMS 0x0000000088500000, 0x0000000088500000| Untracked 
| 134|0x0000000088600000, 0x0000000088600000, 0x0000000088700000|  0%| F|  |TAMS 0x0000000088600000, 0x0000000088600000| Untracked 
| 135|0x0000000088700000, 0x0000000088700000, 0x0000000088800000|  0%| F|  |TAMS 0x0000000088700000, 0x0000000088700000| Untracked 
| 136|0x0000000088800000, 0x0000000088800000, 0x0000000088900000|  0%| F|  |TAMS 0x0000000088800000, 0x0000000088800000| Untracked 
| 137|0x0000000088900000, 0x0000000088900000, 0x0000000088a00000|  0%| F|  |TAMS 0x0000000088900000, 0x0000000088900000| Untracked 
| 138|0x0000000088a00000, 0x0000000088a00000, 0x0000000088b00000|  0%| F|  |TAMS 0x0000000088a00000, 0x0000000088a00000| Untracked 
| 139|0x0000000088b00000, 0x0000000088b00000, 0x0000000088c00000|  0%| F|  |TAMS 0x0000000088b00000, 0x0000000088b00000| Untracked 
| 140|0x0000000088c00000, 0x0000000088c00000, 0x0000000088d00000|  0%| F|  |TAMS 0x0000000088c00000, 0x0000000088c00000| Untracked 
| 141|0x0000000088d00000, 0x0000000088d00000, 0x0000000088e00000|  0%| F|  |TAMS 0x0000000088d00000, 0x0000000088d00000| Untracked 
| 142|0x0000000088e00000, 0x0000000088e00000, 0x0000000088f00000|  0%| F|  |TAMS 0x0000000088e00000, 0x0000000088e00000| Untracked 
| 143|0x0000000088f00000, 0x0000000088f43890, 0x0000000089000000| 26%| S|CS|TAMS 0x0000000088f00000, 0x0000000088f00000| Complete 
| 144|0x0000000089000000, 0x0000000089100000, 0x0000000089100000|100%| S|CS|TAMS 0x0000000089000000, 0x0000000089000000| Complete 
| 145|0x0000000089100000, 0x0000000089100000, 0x0000000089200000|  0%| F|  |TAMS 0x0000000089100000, 0x0000000089100000| Untracked 
| 146|0x0000000089200000, 0x0000000089200000, 0x0000000089300000|  0%| F|  |TAMS 0x0000000089200000, 0x0000000089200000| Untracked 
| 147|0x0000000089300000, 0x0000000089300000, 0x0000000089400000|  0%| F|  |TAMS 0x0000000089300000, 0x0000000089300000| Untracked 
| 148|0x0000000089400000, 0x0000000089500000, 0x0000000089500000|100%| E|  |TAMS 0x0000000089400000, 0x0000000089400000| Complete 
| 149|0x0000000089500000, 0x0000000089600000, 0x0000000089600000|100%| E|CS|TAMS 0x0000000089500000, 0x0000000089500000| Complete 
| 150|0x0000000089600000, 0x0000000089700000, 0x0000000089700000|100%| E|CS|TAMS 0x0000000089600000, 0x0000000089600000| Complete 
| 151|0x0000000089700000, 0x0000000089800000, 0x0000000089800000|100%| E|CS|TAMS 0x0000000089700000, 0x0000000089700000| Complete 
| 152|0x0000000089800000, 0x0000000089900000, 0x0000000089900000|100%| E|CS|TAMS 0x0000000089800000, 0x0000000089800000| Complete 
| 153|0x0000000089900000, 0x0000000089a00000, 0x0000000089a00000|100%| E|CS|TAMS 0x0000000089900000, 0x0000000089900000| Complete 
| 154|0x0000000089a00000, 0x0000000089b00000, 0x0000000089b00000|100%| E|CS|TAMS 0x0000000089a00000, 0x0000000089a00000| Complete 
| 155|0x0000000089b00000, 0x0000000089c00000, 0x0000000089c00000|100%| E|CS|TAMS 0x0000000089b00000, 0x0000000089b00000| Complete 
| 156|0x0000000089c00000, 0x0000000089d00000, 0x0000000089d00000|100%| E|CS|TAMS 0x0000000089c00000, 0x0000000089c00000| Complete 
| 157|0x0000000089d00000, 0x0000000089e00000, 0x0000000089e00000|100%| E|CS|TAMS 0x0000000089d00000, 0x0000000089d00000| Complete 
| 158|0x0000000089e00000, 0x0000000089f00000, 0x0000000089f00000|100%| E|CS|TAMS 0x0000000089e00000, 0x0000000089e00000| Complete 
| 159|0x0000000089f00000, 0x000000008a000000, 0x000000008a000000|100%| E|CS|TAMS 0x0000000089f00000, 0x0000000089f00000| Complete 
| 160|0x000000008a000000, 0x000000008a100000, 0x000000008a100000|100%| E|CS|TAMS 0x000000008a000000, 0x000000008a000000| Complete 
| 161|0x000000008a100000, 0x000000008a200000, 0x000000008a200000|100%| E|CS|TAMS 0x000000008a100000, 0x000000008a100000| Complete 
| 162|0x000000008a200000, 0x000000008a300000, 0x000000008a300000|100%| E|CS|TAMS 0x000000008a200000, 0x000000008a200000| Complete 
| 163|0x000000008a300000, 0x000000008a400000, 0x000000008a400000|100%| E|CS|TAMS 0x000000008a300000, 0x000000008a300000| Complete 
| 164|0x000000008a400000, 0x000000008a500000, 0x000000008a500000|100%| E|CS|TAMS 0x000000008a400000, 0x000000008a400000| Complete 
| 165|0x000000008a500000, 0x000000008a600000, 0x000000008a600000|100%| E|CS|TAMS 0x000000008a500000, 0x000000008a500000| Complete 
| 166|0x000000008a600000, 0x000000008a700000, 0x000000008a700000|100%| E|CS|TAMS 0x000000008a600000, 0x000000008a600000| Complete 
| 167|0x000000008a700000, 0x000000008a800000, 0x000000008a800000|100%| E|CS|TAMS 0x000000008a700000, 0x000000008a700000| Complete 
| 168|0x000000008a800000, 0x000000008a900000, 0x000000008a900000|100%| E|CS|TAMS 0x000000008a800000, 0x000000008a800000| Complete 
| 169|0x000000008a900000, 0x000000008aa00000, 0x000000008aa00000|100%| E|CS|TAMS 0x000000008a900000, 0x000000008a900000| Complete 
| 170|0x000000008aa00000, 0x000000008ab00000, 0x000000008ab00000|100%| E|CS|TAMS 0x000000008aa00000, 0x000000008aa00000| Complete 
| 171|0x000000008ab00000, 0x000000008ac00000, 0x000000008ac00000|100%| E|CS|TAMS 0x000000008ab00000, 0x000000008ab00000| Complete 
| 172|0x000000008ac00000, 0x000000008ad00000, 0x000000008ad00000|100%| E|CS|TAMS 0x000000008ac00000, 0x000000008ac00000| Complete 
| 173|0x000000008ad00000, 0x000000008ae00000, 0x000000008ae00000|100%| E|CS|TAMS 0x000000008ad00000, 0x000000008ad00000| Complete 
| 174|0x000000008ae00000, 0x000000008af00000, 0x000000008af00000|100%| E|CS|TAMS 0x000000008ae00000, 0x000000008ae00000| Complete 
| 175|0x000000008af00000, 0x000000008b000000, 0x000000008b000000|100%| E|CS|TAMS 0x000000008af00000, 0x000000008af00000| Complete 
| 176|0x000000008b000000, 0x000000008b100000, 0x000000008b100000|100%| E|CS|TAMS 0x000000008b000000, 0x000000008b000000| Complete 
| 177|0x000000008b100000, 0x000000008b200000, 0x000000008b200000|100%| E|CS|TAMS 0x000000008b100000, 0x000000008b100000| Complete 
| 178|0x000000008b200000, 0x000000008b300000, 0x000000008b300000|100%| E|CS|TAMS 0x000000008b200000, 0x000000008b200000| Complete 
| 179|0x000000008b300000, 0x000000008b400000, 0x000000008b400000|100%| E|CS|TAMS 0x000000008b300000, 0x000000008b300000| Complete 
| 180|0x000000008b400000, 0x000000008b500000, 0x000000008b500000|100%| E|CS|TAMS 0x000000008b400000, 0x000000008b400000| Complete 
| 255|0x000000008ff00000, 0x0000000090000000, 0x0000000090000000|100%| E|CS|TAMS 0x000000008ff00000, 0x000000008ff00000| Complete 

Card table byte_map: [0x00000237aa4a0000,0x00000237aa8a0000] _byte_map_base: 0x00000237aa0a0000

Marking Bits (Prev, Next): (CMBitMap*) 0x00000237923e3768, (CMBitMap*) 0x00000237923e37a8
 Prev Bits: [0x00000237aaca0000, 0x00000237acca0000)
 Next Bits: [0x00000237acca0000, 0x00000237aeca0000)

Polling page: 0x0000023790370000

Metaspace:

Usage:
  Non-class:     59.06 MB capacity,    57.78 MB ( 98%) used,     1.13 MB (  2%) free+waste,   157.00 KB ( <1%) overhead. 
      Class:      9.51 MB capacity,     8.91 MB ( 94%) used,   535.54 KB (  6%) free+waste,    75.50 KB ( <1%) overhead. 
       Both:     68.57 MB capacity,    66.69 MB ( 97%) used,     1.65 MB (  2%) free+waste,   232.50 KB ( <1%) overhead. 

Virtual space:
  Non-class space:       60.00 MB reserved,      59.20 MB ( 99%) committed 
      Class space:        1.00 GB reserved,       9.63 MB ( <1%) committed 
             Both:        1.06 GB reserved,      68.82 MB (  6%) committed 

Chunk freelists:
   Non-Class:  17.00 KB
       Class:  23.00 KB
        Both:  40.00 KB

MaxMetaspaceSize: 17179869184.00 GB
CompressedClassSpaceSize: 1.00 GB

CodeHeap 'non-profiled nmethods': size=120000Kb used=3651Kb max_used=3651Kb free=116348Kb
 bounds [0x00000237a2620000, 0x00000237a29c0000, 0x00000237a9b50000]
CodeHeap 'profiled nmethods': size=120000Kb used=14001Kb max_used=14001Kb free=105998Kb
 bounds [0x000002379b0f0000, 0x000002379bea0000, 0x00000237a2620000]
CodeHeap 'non-nmethods': size=5760Kb used=2398Kb max_used=2476Kb free=3361Kb
 bounds [0x000002379ab50000, 0x000002379adc0000, 0x000002379b0f0000]
 total_blobs=7254 nmethods=6369 adapters=797
 compilation: enabled
              stopped_count=0, restarted_count=0
 full_count=0

Compilation events (20 events):
Event: 8.173 Thread 0x00000237b2196000 6969       3       java.util.LinkedList::pollFirst (19 bytes)
Event: 8.173 Thread 0x00000237b2196000 nmethod 6969 0x000002379be55890 code [0x000002379be55a40, 0x000002379be55be8]
Event: 8.173 Thread 0x00000237b2196000 6966       3       org.gradle.cache.internal.filelock.LockFileAccess::markDirty (21 bytes)
Event: 8.173 Thread 0x00000237b2196000 nmethod 6966 0x000002379be55c90 code [0x000002379be55e60, 0x000002379be561e8]
Event: 8.173 Thread 0x00000237b2196000 6967       3       org.gradle.cache.internal.filelock.LockFileAccess::markClean (21 bytes)
Event: 8.173 Thread 0x00000237b2196000 nmethod 6967 0x000002379be56390 code [0x000002379be56560, 0x000002379be56a28]
Event: 8.174 Thread 0x00000237b2196000 6970       3       org.gradle.internal.serialize.BaseSerializerFactory$FileSerializer::write (10 bytes)
Event: 8.174 Thread 0x00000237b2196000 nmethod 6970 0x000002379be56c10 code [0x000002379be56dc0, 0x000002379be57168]
Event: 8.174 Thread 0x00000237b2196000 6971       3       org.gradle.internal.serialize.BaseSerializerFactory$FileSerializer::write (11 bytes)
Event: 8.174 Thread 0x00000237b2196000 nmethod 6971 0x000002379be57290 code [0x000002379be57440, 0x000002379be57648]
Event: 8.174 Thread 0x00000237b2196000 6974       3       org.gradle.api.internal.artifacts.ivyservice.resolveengine.artifact.ArtifactVisitor::endVisitCollection (1 bytes)
Event: 8.174 Thread 0x00000237b2196000 nmethod 6974 0x000002379be57790 code [0x000002379be57920, 0x000002379be57a38]
Event: 8.174 Thread 0x00000237b2196000 6975       3       org.gradle.api.internal.artifacts.ivyservice.resolveengine.artifact.ArtifactBackedResolvedVariant$SingleArtifactSet::visit (48 bytes)
Event: 8.175 Thread 0x00000237b2196000 nmethod 6975 0x000002379be57b10 code [0x000002379be57ce0, 0x000002379be580e8]
Event: 8.175 Thread 0x00000237b2196000 6972       3       sun.nio.fs.WindowsPath::subpath (7 bytes)
Event: 8.175 Thread 0x00000237b2196000 nmethod 6972 0x000002379be58210 code [0x000002379be583c0, 0x000002379be585a8]
Event: 8.175 Thread 0x00000237b2196000 6973       3       org.gradle.cache.internal.btree.BTreePersistentIndexedCache$DataBlock::write (33 bytes)
Event: 8.175 Thread 0x00000237b2196000 nmethod 6973 0x000002379be58690 code [0x000002379be58880, 0x000002379be58c68]
Event: 8.175 Thread 0x00000237b2196000 6976       1       org.gradle.api.internal.artifacts.result.DefaultResolvedArtifactResult::getId (5 bytes)
Event: 8.175 Thread 0x00000237b2196000 nmethod 6976 0x00000237a29a8790 code [0x00000237a29a8920, 0x00000237a29a89f8]

GC Heap History (20 events):
Event: 2.206 GC heap before
{Heap before GC invocations=2 (full 0):
 garbage-first heap   total 262144K, used 151763K [0x0000000080000000, 0x0000000100000000)
  region size 1024K, 119 young (121856K), 4 survivors (4096K)
 Metaspace       used 20399K, capacity 21083K, committed 21248K, reserved 1067008K
  class space    used 2973K, capacity 3205K, committed 3328K, reserved 1048576K
}
Event: 2.215 GC heap after
{Heap after GC invocations=3 (full 0):
 garbage-first heap   total 262144K, used 44784K [0x0000000080000000, 0x0000000100000000)
  region size 1024K, 14 young (14336K), 14 survivors (14336K)
 Metaspace       used 20399K, capacity 21083K, committed 21248K, reserved 1067008K
  class space    used 2973K, capacity 3205K, committed 3328K, reserved 1048576K
}
Event: 3.408 GC heap before
{Heap before GC invocations=4 (full 0):
 garbage-first heap   total 157696K, used 126704K [0x0000000080000000, 0x0000000100000000)
  region size 1024K, 92 young (94208K), 14 survivors (14336K)
 Metaspace       used 31644K, capacity 32555K, committed 32640K, reserved 1077248K
  class space    used 4331K, capacity 4674K, committed 4736K, reserved 1048576K
}
Event: 3.419 GC heap after
{Heap after GC invocations=5 (full 0):
 garbage-first heap   total 157696K, used 51338K [0x0000000080000000, 0x0000000100000000)
  region size 1024K, 7 young (7168K), 7 survivors (7168K)
 Metaspace       used 31644K, capacity 32555K, committed 32640K, reserved 1077248K
  class space    used 4331K, capacity 4674K, committed 4736K, reserved 1048576K
}
Event: 3.797 GC heap before
{Heap before GC invocations=5 (full 0):
 garbage-first heap   total 157696K, used 93322K [0x0000000080000000, 0x0000000100000000)
  region size 1024K, 49 young (50176K), 7 survivors (7168K)
 Metaspace       used 34702K, capacity 35710K, committed 35840K, reserved 1079296K
  class space    used 4803K, capacity 5165K, committed 5248K, reserved 1048576K
}
Event: 3.802 GC heap after
{Heap after GC invocations=6 (full 0):
 garbage-first heap   total 157696K, used 55071K [0x0000000080000000, 0x0000000100000000)
  region size 1024K, 4 young (4096K), 4 survivors (4096K)
 Metaspace       used 34702K, capacity 35710K, committed 35840K, reserved 1079296K
  class space    used 4803K, capacity 5165K, committed 5248K, reserved 1048576K
}
Event: 4.491 GC heap before
{Heap before GC invocations=7 (full 0):
 garbage-first heap   total 157696K, used 124703K [0x0000000080000000, 0x0000000100000000)
  region size 1024K, 67 young (68608K), 4 survivors (4096K)
 Metaspace       used 41910K, capacity 43343K, committed 43596K, reserved 1087488K
  class space    used 5741K, capacity 6196K, committed 6272K, reserved 1048576K
}
Event: 4.496 GC heap after
{Heap after GC invocations=8 (full 0):
 garbage-first heap   total 157696K, used 67577K [0x0000000080000000, 0x0000000100000000)
  region size 1024K, 9 young (9216K), 9 survivors (9216K)
 Metaspace       used 41910K, capacity 43343K, committed 43596K, reserved 1087488K
  class space    used 5741K, capacity 6196K, committed 6272K, reserved 1048576K
}
Event: 4.960 GC heap before
{Heap before GC invocations=8 (full 0):
 garbage-first heap   total 157696K, used 121849K [0x0000000080000000, 0x0000000100000000)
  region size 1024K, 62 young (63488K), 9 survivors (9216K)
 Metaspace       used 48039K, capacity 49496K, committed 49740K, reserved 1091584K
  class space    used 6511K, capacity 6987K, committed 7040K, reserved 1048576K
}
Event: 4.967 GC heap after
{Heap after GC invocations=9 (full 0):
 garbage-first heap   total 157696K, used 72601K [0x0000000080000000, 0x0000000100000000)
  region size 1024K, 5 young (5120K), 5 survivors (5120K)
 Metaspace       used 48039K, capacity 49496K, committed 49740K, reserved 1091584K
  class space    used 6511K, capacity 6987K, committed 7040K, reserved 1048576K
}
Event: 5.699 GC heap before
{Heap before GC invocations=9 (full 0):
 garbage-first heap   total 157696K, used 123801K [0x0000000080000000, 0x0000000100000000)
  region size 1024K, 55 young (56320K), 5 survivors (5120K)
 Metaspace       used 54415K, capacity 56032K, committed 56396K, reserved 1097728K
  class space    used 7366K, capacity 7939K, committed 8064K, reserved 1048576K
}
Event: 5.706 GC heap after
{Heap after GC invocations=10 (full 0):
 garbage-first heap   total 157696K, used 76539K [0x0000000080000000, 0x0000000100000000)
  region size 1024K, 5 young (5120K), 5 survivors (5120K)
 Metaspace       used 54415K, capacity 56032K, committed 56396K, reserved 1097728K
  class space    used 7366K, capacity 7939K, committed 8064K, reserved 1048576K
}
Event: 6.056 GC heap before
{Heap before GC invocations=10 (full 0):
 garbage-first heap   total 157696K, used 97019K [0x0000000080000000, 0x0000000100000000)
  region size 1024K, 26 young (26624K), 5 survivors (5120K)
 Metaspace       used 56759K, capacity 58396K, committed 58444K, reserved 1099776K
  class space    used 7716K, capacity 8294K, committed 8320K, reserved 1048576K
}
Event: 6.064 GC heap after
{Heap after GC invocations=11 (full 0):
 garbage-first heap   total 157696K, used 78050K [0x0000000080000000, 0x0000000100000000)
  region size 1024K, 2 young (2048K), 2 survivors (2048K)
 Metaspace       used 56759K, capacity 58396K, committed 58444K, reserved 1099776K
  class space    used 7716K, capacity 8294K, committed 8320K, reserved 1048576K
}
Event: 6.837 GC heap before
{Heap before GC invocations=12 (full 0):
 garbage-first heap   total 173056K, used 147682K [0x0000000080000000, 0x0000000100000000)
  region size 1024K, 49 young (50176K), 2 survivors (2048K)
 Metaspace       used 60062K, capacity 61905K, committed 62028K, reserved 1101824K
  class space    used 8122K, capacity 8722K, committed 8832K, reserved 1048576K
}
Event: 6.847 GC heap after
{Heap after GC invocations=13 (full 0):
 garbage-first heap   total 173056K, used 107354K [0x0000000080000000, 0x0000000100000000)
  region size 1024K, 7 young (7168K), 7 survivors (7168K)
 Metaspace       used 60062K, capacity 61905K, committed 62028K, reserved 1101824K
  class space    used 8122K, capacity 8722K, committed 8832K, reserved 1048576K
}
Event: 6.857 GC heap before
{Heap before GC invocations=13 (full 0):
 garbage-first heap   total 173056K, used 108378K [0x0000000080000000, 0x0000000100000000)
  region size 1024K, 10 young (10240K), 7 survivors (7168K)
 Metaspace       used 60291K, capacity 62097K, committed 62284K, reserved 1103872K
  class space    used 8138K, capacity 8722K, committed 8832K, reserved 1048576K
}
Event: 6.862 GC heap after
{Heap after GC invocations=14 (full 0):
 garbage-first heap   total 173056K, used 108044K [0x0000000080000000, 0x0000000100000000)
  region size 1024K, 1 young (1024K), 1 survivors (1024K)
 Metaspace       used 60291K, capacity 62097K, committed 62284K, reserved 1103872K
  class space    used 8138K, capacity 8722K, committed 8832K, reserved 1048576K
}
Event: 7.588 GC heap before
{Heap before GC invocations=15 (full 0):
 garbage-first heap   total 186368K, used 145932K [0x0000000080000000, 0x0000000100000000)
  region size 1024K, 37 young (37888K), 1 survivors (1024K)
 Metaspace       used 64912K, capacity 66823K, committed 67020K, reserved 1107968K
  class space    used 8733K, capacity 9350K, committed 9472K, reserved 1048576K
}
Event: 7.590 GC heap after
{Heap after GC invocations=16 (full 0):
 garbage-first heap   total 186368K, used 108460K [0x0000000080000000, 0x0000000100000000)
  region size 1024K, 2 young (2048K), 2 survivors (2048K)
 Metaspace       used 64912K, capacity 66823K, committed 67020K, reserved 1107968K
  class space    used 8733K, capacity 9350K, committed 9472K, reserved 1048576K
}

Deoptimization events (20 events):
Event: 8.086 Thread 0x00000237b4069000 DEOPT PACKING pc=0x000002379bb1d1a4 sp=0x000000f333ef8380
Event: 8.087 Thread 0x00000237b4069000 DEOPT UNPACKING pc=0x000002379ab9964e sp=0x000000f333ef7948 mode 0
Event: 8.106 Thread 0x00000237b4069000 DEOPT PACKING pc=0x000002379bdd1fc8 sp=0x000000f333ef8400
Event: 8.106 Thread 0x00000237b4069000 DEOPT UNPACKING pc=0x000002379ab9964e sp=0x000000f333ef7908 mode 0
Event: 8.132 Thread 0x00000237b4069000 Uncommon trap: trap_request=0xffffff45 fr.pc=0x00000237a291e188 relative=0x00000000000012a8
Event: 8.132 Thread 0x00000237b4069000 Uncommon trap: reason=unstable_if action=reinterpret pc=0x00000237a291e188 method=com.esotericsoftware.kryo.io.Input.readString()Ljava/lang/String; @ 38 c2
Event: 8.132 Thread 0x00000237b4069000 DEOPT PACKING pc=0x00000237a291e188 sp=0x000000f333ef7bc0
Event: 8.132 Thread 0x00000237b4069000 DEOPT UNPACKING pc=0x000002379ab9912f sp=0x000000f333ef7b88 mode 2
Event: 8.146 Thread 0x00000237b4069000 Uncommon trap: trap_request=0xffffff76 fr.pc=0x00000237a270719c relative=0x000000000000019c
Event: 8.146 Thread 0x00000237b4069000 Uncommon trap: reason=predicate action=maybe_recompile pc=0x00000237a270719c method=com.google.common.base.CharMatcher.indexIn(Ljava/lang/CharSequence;I)I @ 19 c2
Event: 8.146 Thread 0x00000237b4069000 DEOPT PACKING pc=0x00000237a270719c sp=0x000000f333ef7f50
Event: 8.146 Thread 0x00000237b4069000 DEOPT UNPACKING pc=0x000002379ab9912f sp=0x000000f333ef7ee0 mode 2
Event: 8.161 Thread 0x00000237b6578800 Uncommon trap: trap_request=0xffffff45 fr.pc=0x00000237a29a2c04 relative=0x0000000000000064
Event: 8.161 Thread 0x00000237b6578800 Uncommon trap: reason=unstable_if action=reinterpret pc=0x00000237a29a2c04 method=com.google.common.base.Objects.equal(Ljava/lang/Object;Ljava/lang/Object;)Z @ 14 c2
Event: 8.161 Thread 0x00000237b6578800 DEOPT PACKING pc=0x00000237a29a2c04 sp=0x000000f3359fdd80
Event: 8.161 Thread 0x00000237b6578800 DEOPT UNPACKING pc=0x000002379ab9912f sp=0x000000f3359fdd20 mode 2
Event: 8.161 Thread 0x00000237b657a000 DEOPT PACKING pc=0x000002379bdd1fc8 sp=0x000000f335bfde70
Event: 8.162 Thread 0x00000237b657a000 DEOPT UNPACKING pc=0x000002379ab9964e sp=0x000000f335bfd378 mode 0
Event: 8.171 Thread 0x00000237b4069000 DEOPT PACKING pc=0x000002379bdd1fc8 sp=0x000000f333ef7f80
Event: 8.171 Thread 0x00000237b4069000 DEOPT UNPACKING pc=0x000002379ab9964e sp=0x000000f333ef7488 mode 0

Classes unloaded (20 events):
Event: 6.098 Thread 0x00000237b2162000 Unloading class 0x000000080107dc40 'org/gradle/api/internal/artifacts/ivyservice/ivyresolve/ErrorHandlingModuleComponentRepository$ErrorHandlingModuleComponentRepositoryAccess$$Lambda$325'
Event: 6.098 Thread 0x00000237b2162000 Unloading class 0x000000080107d840 'org/gradle/api/internal/artifacts/ivyservice/ivyresolve/ErrorHandlingModuleComponentRepository$ErrorHandlingModuleComponentRepositoryAccess$$Lambda$321'
Event: 6.098 Thread 0x00000237b2162000 Unloading class 0x000000080107d040 'org/gradle/api/internal/artifacts/ivyservice/ivyresolve/ErrorHandlingModuleComponentRepository$ErrorHandlingModuleComponentRepositoryAccess$$Lambda$319'
Event: 6.098 Thread 0x00000237b2162000 Unloading class 0x000000080107cc40 'org/gradle/api/internal/artifacts/ivyservice/ivyresolve/ErrorHandlingModuleComponentRepository$ErrorHandlingModuleComponentRepositoryAccess$$Lambda$318'
Event: 6.098 Thread 0x00000237b2162000 Unloading class 0x000000080107c840 'org/gradle/api/internal/artifacts/ivyservice/ivyresolve/ErrorHandlingModuleComponentRepository$ErrorHandlingModuleComponentRepositoryAccess$$Lambda$317'
Event: 6.098 Thread 0x00000237b2162000 Unloading class 0x000000080107c440 'org/gradle/api/internal/artifacts/ivyservice/ivyresolve/ErrorHandlingModuleComponentRepository$ErrorHandlingModuleComponentRepositoryAccess$$Lambda$316'
Event: 6.098 Thread 0x00000237b2162000 Unloading class 0x000000080107bc40 'org/gradle/api/internal/artifacts/ivyservice/ivyresolve/ErrorHandlingModuleComponentRepository$ErrorHandlingModuleComponentRepositoryAccess$$Lambda$314'
Event: 6.098 Thread 0x00000237b2162000 Unloading class 0x000000080107b840 'org/gradle/api/internal/artifacts/ivyservice/ivyresolve/ErrorHandlingModuleComponentRepository$ErrorHandlingModuleComponentRepositoryAccess$$Lambda$310'
Event: 6.098 Thread 0x00000237b2162000 Unloading class 0x000000080107b440 'org/gradle/api/internal/artifacts/ivyservice/ivyresolve/ErrorHandlingModuleComponentRepository$ErrorHandlingModuleComponentRepositoryAccess$$Lambda$311'
Event: 6.098 Thread 0x00000237b2162000 Unloading class 0x000000080107b040 'org/gradle/api/internal/artifacts/ivyservice/ivyresolve/ErrorHandlingModuleComponentRepository$ErrorHandlingModuleComponentRepositoryAccess$$Lambda$309'
Event: 6.098 Thread 0x00000237b2162000 Unloading class 0x000000080107ac40 'org/gradle/api/internal/artifacts/ivyservice/ivyresolve/ErrorHandlingModuleComponentRepository$ErrorHandlingModuleComponentRepositoryAccess$$Lambda$315'
Event: 6.098 Thread 0x00000237b2162000 Unloading class 0x000000080107a840 'org/gradle/api/internal/artifacts/ivyservice/ivyresolve/ErrorHandlingModuleComponentRepository$ErrorHandlingModuleComponentRepositoryAccess$$Lambda$308'
Event: 6.098 Thread 0x00000237b2162000 Unloading class 0x000000080107a440 'org/gradle/api/internal/artifacts/ivyservice/ivyresolve/ErrorHandlingModuleComponentRepository$ErrorHandlingModuleComponentRepositoryAccess$$Lambda$306'
Event: 6.098 Thread 0x00000237b2162000 Unloading class 0x000000080107a040 'org/gradle/api/internal/artifacts/ivyservice/ivyresolve/ErrorHandlingModuleComponentRepository$ErrorHandlingModuleComponentRepositoryAccess$$Lambda$305'
Event: 6.098 Thread 0x00000237b2162000 Unloading class 0x0000000801079c40 'org/gradle/api/internal/artifacts/ivyservice/ivyresolve/ErrorHandlingModuleComponentRepository$ErrorHandlingModuleComponentRepositoryAccess$$Lambda$303'
Event: 6.098 Thread 0x00000237b2162000 Unloading class 0x0000000801079840 'org/gradle/api/internal/artifacts/ivyservice/ivyresolve/ErrorHandlingModuleComponentRepository$ErrorHandlingModuleComponentRepositoryAccess$$Lambda$307'
Event: 6.098 Thread 0x00000237b2162000 Unloading class 0x0000000801079440 'org/gradle/api/internal/artifacts/ivyservice/ivyresolve/ErrorHandlingModuleComponentRepository$ErrorHandlingModuleComponentRepositoryAccess$$Lambda$304'
Event: 6.098 Thread 0x00000237b2162000 Unloading class 0x0000000801079040 'org/gradle/api/internal/artifacts/ivyservice/ivyresolve/ErrorHandlingModuleComponentRepository$ErrorHandlingModuleComponentRepositoryAccess$$Lambda$301'
Event: 6.098 Thread 0x00000237b2162000 Unloading class 0x0000000801078840 'org/gradle/api/internal/artifacts/ivyservice/ivyresolve/ErrorHandlingModuleComponentRepository$ErrorHandlingModuleComponentRepositoryAccess$$Lambda$299'
Event: 6.099 Thread 0x00000237b2162000 Unloading class 0x0000000801078440 'org/gradle/api/internal/artifacts/ivyservice/ivyresolve/ErrorHandlingModuleComponentRepository$ErrorHandlingModuleComponentRepositoryAccess$$Lambda$300'

Classes redefined (0 events):
No events

Internal exceptions (20 events):
Event: 6.759 Thread 0x00000237b4069000 Exception <a 'java/lang/ClassNotFoundException'{0x00000000881d39b0}: org/codehaus/groovy/runtime/NullObjectBeanInfo> (0x00000000881d39b0) 
thrown [./open/src/hotspot/share/classfile/systemDictionary.cpp, line 226]
Event: 6.759 Thread 0x00000237b4069000 Exception <a 'java/lang/ClassNotFoundException'{0x00000000881e14b0}: org/codehaus/groovy/runtime/NullObjectCustomizer> (0x00000000881e14b0) 
thrown [./open/src/hotspot/share/classfile/systemDictionary.cpp, line 226]
Event: 6.764 Thread 0x00000237b4069000 Exception <a 'java/lang/ClassNotFoundException'{0x0000000088057a00}: java/lang/IntegerBeanInfo> (0x0000000088057a00) 
thrown [./open/src/hotspot/share/classfile/systemDictionary.cpp, line 226]
Event: 6.764 Thread 0x00000237b4069000 Exception <a 'java/lang/ClassNotFoundException'{0x000000008805e7c8}: java/lang/NumberBeanInfo> (0x000000008805e7c8) 
thrown [./open/src/hotspot/share/classfile/systemDictionary.cpp, line 226]
Event: 6.764 Thread 0x00000237b4069000 Exception <a 'java/lang/ClassNotFoundException'{0x0000000088065860}: java/lang/NumberCustomizer> (0x0000000088065860) 
thrown [./open/src/hotspot/share/classfile/systemDictionary.cpp, line 226]
Event: 6.765 Thread 0x00000237b4069000 Exception <a 'java/lang/ClassNotFoundException'{0x000000008806f698}: java/lang/IntegerCustomizer> (0x000000008806f698) 
thrown [./open/src/hotspot/share/classfile/systemDictionary.cpp, line 226]
Event: 6.767 Thread 0x00000237b4069000 Exception <a 'java/lang/ClassNotFoundException'{0x00000000880c3ee8}: org/gradle/internal/extensibility/DefaultConventionBeanInfo> (0x00000000880c3ee8) 
thrown [./open/src/hotspot/share/classfile/systemDictionary.cpp, line 226]
Event: 6.767 Thread 0x00000237b4069000 Exception <a 'java/lang/ClassNotFoundException'{0x00000000880d31b0}: org/gradle/internal/extensibility/DefaultConventionCustomizer> (0x00000000880d31b0) 
thrown [./open/src/hotspot/share/classfile/systemDictionary.cpp, line 226]
Event: 6.771 Thread 0x00000237b4069000 Exception <a 'java/lang/ClassNotFoundException'{0x0000000087f60ca8}: org/gradle/internal/extensibility/DefaultExtensionsSchemaBeanInfo> (0x0000000087f60ca8) 
thrown [./open/src/hotspot/share/classfile/systemDictionary.cpp, line 226]
Event: 6.771 Thread 0x00000237b4069000 Exception <a 'java/lang/ClassNotFoundException'{0x0000000087f70b20}: org/gradle/internal/extensibility/DefaultExtensionsSchemaCustomizer> (0x0000000087f70b20) 
thrown [./open/src/hotspot/share/classfile/systemDictionary.cpp, line 226]
Event: 6.772 Thread 0x00000237b4069000 Exception <a 'java/lang/ClassNotFoundException'{0x0000000087f9fce0}: org/gradle/internal/extensibility/ExtensionsStorage$ExtensionHolderBeanInfo> (0x0000000087f9fce0) 
thrown [./open/src/hotspot/share/classfile/systemDictionary.cpp, line 226]
Event: 6.772 Thread 0x00000237b4069000 Exception <a 'java/lang/ClassNotFoundException'{0x0000000087fb0718}: org/gradle/internal/extensibility/ExtensionsStorage$ExtensionHolderCustomizer> (0x0000000087fb0718) 
thrown [./open/src/hotspot/share/classfile/systemDictionary.cpp, line 226]
Event: 6.791 Thread 0x00000237b4069000 Exception <a 'java/lang/ClassNotFoundException'{0x0000000087c70638}: org/gradle/api/internal/tasks/DefaultSourceSetContainer_DecoratedBeanInfo> (0x0000000087c70638) 
thrown [./open/src/hotspot/share/classfile/systemDictionary.cpp, line 226]
Event: 6.792 Thread 0x00000237b4069000 Exception <a 'java/lang/ClassNotFoundException'{0x0000000087c8a238}: org/gradle/api/internal/tasks/DefaultSourceSetContainerBeanInfo> (0x0000000087c8a238) 
thrown [./open/src/hotspot/share/classfile/systemDictionary.cpp, line 226]
Event: 6.792 Thread 0x00000237b4069000 Exception <a 'java/lang/ClassNotFoundException'{0x0000000087ca3c18}: org/gradle/api/internal/tasks/DefaultSourceSetContainerCustomizer> (0x0000000087ca3c18) 
thrown [./open/src/hotspot/share/classfile/systemDictionary.cpp, line 226]
Event: 6.794 Thread 0x00000237b4069000 Exception <a 'java/lang/ClassNotFoundException'{0x0000000087ccb770}: org/gradle/api/internal/tasks/DefaultSourceSetContainer_DecoratedCustomizer> (0x0000000087ccb770) 
thrown [./open/src/hotspot/share/classfile/systemDictionary.cpp, line 226]
Event: 6.829 Thread 0x00000237b5d9e800 Exception <a 'java/lang/NoSuchMethodError'{0x000000008780ae50}: static Lorg/jetbrains/plugins/gradle/tooling/serialization/internal/adapter/kotlin/dsl/InternalKotlinDslScriptsModel;.<clinit>()V> (0x000000008780ae50) 
thrown [./open/src/hotspot/share/prims/jni.cpp, line 1348]
Event: 7.108 Thread 0x00000237b4069000 Exception <a 'java/lang/NullPointerException'{0x0000000089fca200}> (0x0000000089fca200) 
thrown [./open/src/hotspot/share/interpreter/linkResolver.cpp, line 1431]
Event: 7.575 Thread 0x00000237b4069000 Exception <a 'java/lang/NoSuchMethodError'{0x0000000089193d08}: 'int java.lang.invoke.DirectMethodHandle$Holder.invokeStatic(java.lang.Object, java.lang.Object, int, java.lang.Object)'> (0x0000000089193d08) 
thrown [./open/src/hotspot/share/interpreter/linkResolver.cpp, line 766]
Event: 7.851 Thread 0x00000237b4069000 Exception <a 'java/lang/reflect/InvocationTargetException'{0x000000008a833840}> (0x000000008a833840) 
thrown [./open/src/hotspot/share/runtime/reflection.cpp, line 1188]

Events (20 events):
Event: 7.632 Executing VM operation: HandshakeAllThreads done
Event: 7.787 Thread 0x00000237b89b8800 Thread exited: 0x00000237b89b8800
Event: 7.790 Thread 0x00000237b6667000 Thread exited: 0x00000237b6667000
Event: 7.927 Thread 0x00000237b6667000 Thread added: 0x00000237b6667000
Event: 8.148 Executing VM operation: ICBufferFull
Event: 8.148 Executing VM operation: ICBufferFull done
Event: 8.152 loading class java/nio/file/FileTreeWalker
Event: 8.152 loading class java/nio/file/FileTreeWalker done
Event: 8.152 loading class java/nio/file/FileTreeWalker$1
Event: 8.152 loading class java/nio/file/FileTreeWalker$1 done
Event: 8.153 loading class java/nio/file/FileTreeWalker$DirectoryNode
Event: 8.153 loading class java/nio/file/FileTreeWalker$DirectoryNode done
Event: 8.153 loading class java/nio/file/FileTreeWalker$Event
Event: 8.153 loading class java/nio/file/FileTreeWalker$Event done
Event: 8.153 loading class java/nio/file/FileTreeWalker$EventType
Event: 8.153 loading class java/nio/file/FileTreeWalker$EventType done
Event: 8.153 loading class java/nio/file/Files$3
Event: 8.153 loading class java/nio/file/Files$3 done
Event: 8.156 loading class java/nio/file/FileVisitResult
Event: 8.156 loading class java/nio/file/FileVisitResult done


Dynamic libraries:
0x00007ff747e90000 - 0x00007ff747e9d000 	C:\Users\Darius\Desktop\jdk-14.0.2\bin\java.exe
0x00007ffd781b0000 - 0x00007ffd783a8000 	C:\WINDOWS\SYSTEM32\ntdll.dll
0x00007ffd771d0000 - 0x00007ffd7728d000 	C:\WINDOWS\System32\KERNEL32.DLL
0x00007ffd75bd0000 - 0x00007ffd75ec6000 	C:\WINDOWS\System32\KERNELBASE.dll
0x00007ffd758c0000 - 0x00007ffd759c0000 	C:\WINDOWS\System32\ucrtbase.dll
0x00007ffd5c7c0000 - 0x00007ffd5c7d5000 	C:\Users\Darius\Desktop\jdk-14.0.2\bin\VCRUNTIME140.dll
0x00007ffd5c820000 - 0x00007ffd5c838000 	C:\Users\Darius\Desktop\jdk-14.0.2\bin\jli.dll
0x00007ffd77e40000 - 0x00007ffd77fde000 	C:\WINDOWS\System32\USER32.dll
0x00007ffd75890000 - 0x00007ffd758b2000 	C:\WINDOWS\System32\win32u.dll
0x00007ffd767b0000 - 0x00007ffd767dc000 	C:\WINDOWS\System32\GDI32.dll
0x00007ffd76030000 - 0x00007ffd7614a000 	C:\WINDOWS\System32\gdi32full.dll
0x00007ffd61590000 - 0x00007ffd6182a000 	C:\WINDOWS\WinSxS\amd64_microsoft.windows.common-controls_6595b64144ccf1df_6.0.19041.1110_none_60b5254171f9507e\COMCTL32.dll
0x00007ffd75a50000 - 0x00007ffd75aed000 	C:\WINDOWS\System32\msvcp_win.dll
0x00007ffd775c0000 - 0x00007ffd7765e000 	C:\WINDOWS\System32\msvcrt.dll
0x00007ffd76420000 - 0x00007ffd76450000 	C:\WINDOWS\System32\IMM32.DLL
0x00007ffd4a9a0000 - 0x00007ffd4aa3b000 	C:\Users\Darius\Desktop\jdk-14.0.2\bin\msvcp140.dll
0x00007ffd1e160000 - 0x00007ffd1ec7e000 	C:\Users\Darius\Desktop\jdk-14.0.2\bin\server\jvm.dll
0x00007ffd77660000 - 0x00007ffd7770e000 	C:\WINDOWS\System32\ADVAPI32.dll
0x00007ffd77710000 - 0x00007ffd777ac000 	C:\WINDOWS\System32\sechost.dll
0x00007ffd78040000 - 0x00007ffd78166000 	C:\WINDOWS\System32\RPCRT4.dll
0x00007ffd77d60000 - 0x00007ffd77d68000 	C:\WINDOWS\System32\PSAPI.DLL
0x00007ffd65ef0000 - 0x00007ffd65f17000 	C:\WINDOWS\SYSTEM32\WINMM.dll
0x00007ffd6d1c0000 - 0x00007ffd6d1ca000 	C:\WINDOWS\SYSTEM32\VERSION.dll
0x00007ffd5b6b0000 - 0x00007ffd5b6b9000 	C:\WINDOWS\SYSTEM32\WSOCK32.dll
0x00007ffd77030000 - 0x00007ffd7709b000 	C:\WINDOWS\System32\WS2_32.dll
0x00007ffd73740000 - 0x00007ffd73752000 	C:\WINDOWS\SYSTEM32\kernel.appcore.dll
0x00007ffd5b2a0000 - 0x00007ffd5b2aa000 	C:\Users\Darius\Desktop\jdk-14.0.2\bin\jimage.dll
0x00007ffd62d70000 - 0x00007ffd62f54000 	C:\WINDOWS\SYSTEM32\DBGHELP.DLL
0x00007ffd5af90000 - 0x00007ffd5afc4000 	C:\WINDOWS\SYSTEM32\dbgcore.DLL
0x00007ffd759c0000 - 0x00007ffd75a42000 	C:\WINDOWS\System32\bcryptPrimitives.dll
0x00007ffd55b30000 - 0x00007ffd55b55000 	C:\Users\Darius\Desktop\jdk-14.0.2\bin\java.dll
0x00007ffd59c00000 - 0x00007ffd59c16000 	C:\Users\Darius\Desktop\jdk-14.0.2\bin\zip.dll
0x00007ffd767e0000 - 0x00007ffd76f25000 	C:\WINDOWS\System32\SHELL32.dll
0x00007ffd73940000 - 0x00007ffd740db000 	C:\WINDOWS\SYSTEM32\windows.storage.dll
0x00007ffd76450000 - 0x00007ffd767a4000 	C:\WINDOWS\System32\combase.dll
0x00007ffd75260000 - 0x00007ffd7528e000 	C:\WINDOWS\SYSTEM32\Wldp.dll
0x00007ffd76210000 - 0x00007ffd762bd000 	C:\WINDOWS\System32\SHCORE.dll
0x00007ffd77560000 - 0x00007ffd775b5000 	C:\WINDOWS\System32\shlwapi.dll
0x00007ffd757c0000 - 0x00007ffd757e5000 	C:\WINDOWS\SYSTEM32\profapi.dll
0x00007ffd55ad0000 - 0x00007ffd55ae9000 	C:\Users\Darius\Desktop\jdk-14.0.2\bin\net.dll
0x00007ffd6d060000 - 0x00007ffd6d16a000 	C:\WINDOWS\SYSTEM32\WINHTTP.dll
0x00007ffd74f60000 - 0x00007ffd74fca000 	C:\WINDOWS\system32\mswsock.dll
0x00007ffd55ab0000 - 0x00007ffd55ac2000 	C:\Users\Darius\Desktop\jdk-14.0.2\bin\nio.dll
0x00007ffd55b20000 - 0x00007ffd55b30000 	C:\Users\Darius\Desktop\jdk-14.0.2\bin\verify.dll
0x00007ffd598d0000 - 0x00007ffd598f7000 	C:\Users\Darius\.gradle\native\c976cfcca226fdd4bee4412e95191dd41148b7504f9625baeda1d523bc39a967\windows-amd64\native-platform.dll
0x00007ffd53880000 - 0x00007ffd53889000 	C:\Users\Darius\Desktop\jdk-14.0.2\bin\management.dll
0x00007ffd53870000 - 0x00007ffd5387b000 	C:\Users\Darius\Desktop\jdk-14.0.2\bin\management_ext.dll
0x00007ffd75150000 - 0x00007ffd75168000 	C:\WINDOWS\SYSTEM32\CRYPTSP.dll
0x00007ffd74870000 - 0x00007ffd748a4000 	C:\WINDOWS\system32\rsaenh.dll
0x00007ffd75af0000 - 0x00007ffd75b17000 	C:\WINDOWS\System32\bcrypt.dll
0x00007ffd75740000 - 0x00007ffd7576e000 	C:\WINDOWS\SYSTEM32\USERENV.dll
0x00007ffd75170000 - 0x00007ffd7517c000 	C:\WINDOWS\SYSTEM32\CRYPTBASE.dll
0x00007ffd74c50000 - 0x00007ffd74c8b000 	C:\WINDOWS\SYSTEM32\IPHLPAPI.DLL
0x00007ffd77860000 - 0x00007ffd77868000 	C:\WINDOWS\System32\NSI.dll
0x00007ffd6dfc0000 - 0x00007ffd6dfd7000 	C:\WINDOWS\SYSTEM32\dhcpcsvc6.DLL
0x00007ffd6df80000 - 0x00007ffd6df9d000 	C:\WINDOWS\SYSTEM32\dhcpcsvc.DLL
0x00007ffd74c90000 - 0x00007ffd74d5a000 	C:\WINDOWS\SYSTEM32\DNSAPI.dll

dbghelp: loaded successfully - version: 4.0.5 - missing functions: none
symbol engine: initialized successfully - sym options: 0x614 - pdb path: .;C:\Users\Darius\Desktop\jdk-14.0.2\bin;C:\WINDOWS\SYSTEM32;C:\WINDOWS\WinSxS\amd64_microsoft.windows.common-controls_6595b64144ccf1df_6.0.19041.1110_none_60b5254171f9507e;C:\Users\Darius\Desktop\jdk-14.0.2\bin\server;C:\Users\Darius\.gradle\native\c976cfcca226fdd4bee4412e95191dd41148b7504f9625baeda1d523bc39a967\windows-amd64

VM Arguments:
jvm_args: --add-opens=java.base/java.util=ALL-UNNAMED --add-opens=java.base/java.lang=ALL-UNNAMED --add-opens=java.base/java.lang.invoke=ALL-UNNAMED --add-opens=java.prefs/java.util.prefs=ALL-UNNAMED -Xmx2048m -Dfile.encoding=windows-1252 -Duser.country=US -Duser.language=en -Duser.variant 
java_command: org.gradle.launcher.daemon.bootstrap.GradleDaemon 6.3
java_class_path (initial): C:\Users\Darius\.gradle\wrapper\dists\gradle-6.3-bin\8tpu6egwsccjzp10c1jckl0rx\gradle-6.3\lib\gradle-launcher-6.3.jar
Launcher Type: SUN_STANDARD

[Global flags]
     intx CICompilerCount                          = 4                                         {product} {ergonomic}
     uint ConcGCThreads                            = 3                                         {product} {ergonomic}
     uint G1ConcRefinementThreads                  = 10                                        {product} {ergonomic}
   size_t G1HeapRegionSize                         = 1048576                                   {product} {ergonomic}
    uintx GCDrainStackTargetSize                   = 64                                        {product} {ergonomic}
   size_t InitialHeapSize                          = 268435456                                 {product} {ergonomic}
   size_t MarkStackSize                            = 4194304                                   {product} {ergonomic}
   size_t MaxHeapSize                              = 2147483648                                {product} {command line}
   size_t MaxNewSize                               = 1287651328                                {product} {ergonomic}
   size_t MinHeapDeltaBytes                        = 1048576                                   {product} {ergonomic}
   size_t MinHeapSize                              = 8388608                                   {product} {ergonomic}
    uintx NonNMethodCodeHeapSize                   = 5839372                                {pd product} {ergonomic}
    uintx NonProfiledCodeHeapSize                  = 122909434                              {pd product} {ergonomic}
    uintx ProfiledCodeHeapSize                     = 122909434                              {pd product} {ergonomic}
    uintx ReservedCodeCacheSize                    = 251658240                              {pd product} {ergonomic}
     bool SegmentedCodeCache                       = true                                      {product} {ergonomic}
   size_t SoftMaxHeapSize                          = 2147483648                             {manageable} {ergonomic}
     bool UseCompressedClassPointers               = true                                 {lp64_product} {ergonomic}
     bool UseCompressedOops                        = true                                 {lp64_product} {ergonomic}
     bool UseG1GC                                  = true                                      {product} {ergonomic}
     bool UseLargePagesIndividualAllocation        = false                                  {pd product} {ergonomic}

Logging:
Log output configuration:
 #0: stdout all=warning uptime,level,tags
 #1: stderr all=off uptime,level,tags

Environment Variables:
PATH=C:\mo;C:\mo;C:\mo;C:\mo;C:\mo;C:\mo;C:\mo;C:\mo;C:\mo;C:\mo;C:\Program Files (x86)\Common Files\Oracle\Java\javapath;C:\Program Files (x86)\Intel\iCLS Client\;C:\Program Files\Intel\iCLS Client\;C:\Windows\system32;C:\Windows;C:\Windows\System32\Wbem;C:\Windows\System32\WindowsPowerShell\v1.0\;C:\Program Files (x86)\Intel\Intel(R) Management Engine Components\DAL;C:\Program Files\Intel\Intel(R) Management Engine Components\DAL;C:\Program Files (x86)\Intel\Intel(R) Management Engine Components\IPT;C:\Program Files\Intel\Intel(R) Management Engine Components\IPT;C:\Program Files (x86)\NVIDIA Corporation\PhysX\Common;C:\Program Files\Microsoft SQL Server\130\Tools\Binn\;C:\Program Files\dotnet\;C:\WINDOWS\system32;C:\WINDOWS;C:\WINDOWS\System32\Wbem;C:\WINDOWS\System32\WindowsPowerShell\v1.0\;C:\WINDOWS\System32\OpenSSH\;C:\Program Files\NVIDIA Corporation\NVIDIA NvDLISR;D:\File Viewer Lite\lib\magick;C:\Users\Darius\Desktop\java-se-8u41-ri\bin;C:\Users\Darius\Desktop\jdk-14.0.2\bin;C:\Users\Darius\AppData\Local;C:\Users\Darius\AppData\Local\Programs\Python\Python39\Scripts\;C:\Users\Darius\AppData\Local\Programs\Python\Python39\;C:\Users\Darius\AppData\Local\Programs\Python\Python38\Scripts\;C:\Users\Darius\AppData\Local\Programs\Python\Python38\;C:\Users\Darius\AppData\Local\Microsoft\WindowsApps;
USERNAME=Darius
OS=Windows_NT
PROCESSOR_IDENTIFIER=Intel64 Family 6 Model 158 Stepping 10, GenuineIntel



---------------  S Y S T E M  ---------------

OS: Windows 10 , 64 bit Build 19041 (10.0.19041.3393)
OS uptime: 0 days 1:56 hours

CPU:total 12 (initial active 12) (6 cores per cpu, 2 threads per core) family 6 model 158 stepping 10, cmov, cx8, fxsr, mmx, sse, sse2, sse3, ssse3, sse4.1, sse4.2, popcnt, avx, avx2, aes, clmul, erms, rtm, 3dnowpref, lzcnt, ht, tsc, tscinvbit, bmi1, bmi2, adx, fma

Memory: 4k page, system-wide physical 16344M (6258M free)
TotalPageFile size 30576M (AvailPageFile size 69M)
current process WorkingSet (physical memory assigned to process): 398M, peak: 398M
current process commit charge ("private bytes"): 451M, peak: 451M

vm_info: OpenJDK 64-Bit Server VM (14.0.2+12-46) for windows-amd64 JRE (14.0.2+12-46), built on Jul  9 2020 00:31:16 by "mach5one" with MS VC++ 15.9 (VS2017)

END.
