#
# There is insufficient memory for the Java Runtime Environment to continue.
# Native memory allocation (malloc) failed to allocate 1135024 bytes for Chunk::new
# Possible reasons:
#   The system is out of physical RAM or swap space
#   The process is running with CompressedOops enabled, and the Java Heap may be blocking the growth of the native heap
# Possible solutions:
#   Reduce memory load on the system
#   Increase physical memory or swap space
#   Check if swap backing store is full
#   Decrease Java heap size (-Xmx/-Xms)
#   Decrease number of Java threads
#   Decrease Java thread stack sizes (-Xss)
#   Set larger code cache with -XX:ReservedCodeCacheSize=
#   JVM is running with Unscaled Compressed Oops mode in which the Java heap is
#     placed in the first 4GB address space. The Java Heap base address is the
#     maximum limit for the native heap growth. Please use -XX:HeapBaseMinAddress
#     to set the Java Heap base and to place the Java Heap above 4GB virtual address.
# This output file may be truncated or incomplete.
#
#  Out of Memory Error (./open/src/hotspot/share/memory/arena.cpp:195), pid=8668, tid=16136
#
# JRE version: OpenJDK Runtime Environment (14.0.2+12) (build 14.0.2+12-46)
# Java VM: OpenJDK 64-Bit Server VM (14.0.2+12-46, mixed mode, sharing, tiered, compressed oops, g1 gc, windows-amd64)
# No core dump will be written. Minidumps are not enabled by default on client versions of Windows
#

---------------  S U M M A R Y ------------

Command Line: --add-opens=java.base/java.util=ALL-UNNAMED --add-opens=java.base/java.lang=ALL-UNNAMED --add-opens=java.base/java.lang.invoke=ALL-UNNAMED --add-opens=java.prefs/java.util.prefs=ALL-UNNAMED -Xmx2048m -Dfile.encoding=windows-1252 -Duser.country=US -Duser.language=en -Duser.variant org.gradle.launcher.daemon.bootstrap.GradleDaemon 6.3

Host: Intel(R) Core(TM) i7-8700 CPU @ 3.20GHz, 12 cores, 15G,  Windows 10 , 64 bit Build 19041 (10.0.19041.3393)
Time: Sun Sep 17 14:07:17 2023 Pacific Daylight Time elapsed time: 225 seconds (0d 0h 3m 45s)

---------------  T H R E A D  ---------------

Current thread (0x000001d244821800):  JavaThread "C2 CompilerThread2" daemon [_thread_in_native, id=16136, stack(0x0000001845900000,0x0000001845a00000)]


Current CompileTask:
C2: 225528 12649       4       org.gradle.internal.fingerprint.classpath.impl.ClasspathFingerprintingStrategy$ClasspathFingerprintVisitor::visit (61 bytes)

Stack: [0x0000001845900000,0x0000001845a00000]
Native frames: (J=compiled Java code, j=interpreted, Vv=VM code, C=native code)
V  [jvm.dll+0x5f8a9a]
V  [jvm.dll+0x74247a]
V  [jvm.dll+0x743c2f]
V  [jvm.dll+0x744273]
V  [jvm.dll+0x20d288]
V  [jvm.dll+0xabb07]
V  [jvm.dll+0xac1fc]
V  [jvm.dll+0x31c495]
V  [jvm.dll+0x2e6b38]
V  [jvm.dll+0x2e5f3a]
V  [jvm.dll+0x1e5e16]
V  [jvm.dll+0x1e50b8]
V  [jvm.dll+0x1779cc]
V  [jvm.dll+0x1f4105]
V  [jvm.dll+0x1f22eb]
V  [jvm.dll+0x7070cd]
V  [jvm.dll+0x6ffeda]
V  [jvm.dll+0x5f78f6]
C  [ucrtbase.dll+0x21bb2]
C  [KERNEL32.DLL+0x17344]
C  [ntdll.dll+0x526b1]


---------------  P R O C E S S  ---------------

Threads class SMR info:
_java_thread_list=0x000001d2472ab060, length=89, elements={
0x000001d21bbfd000, 0x000001d23d986000, 0x000001d23d987000, 0x000001d23d99e000,
0x000001d23d9a1000, 0x000001d23d9a2800, 0x000001d23d9a3800, 0x000001d23d9a4800,
0x000001d23d9aa000, 0x000001d23dafe000, 0x000001d23db3b800, 0x000001d23f4f9800,
0x000001d23eec2000, 0x000001d23eec4800, 0x000001d23f607000, 0x000001d23f604800,
0x000001d23f608000, 0x000001d242ce1000, 0x000001d246593000, 0x000001d246595800,
0x000001d246590000, 0x000001d246596800, 0x000001d246590800, 0x000001d246597000,
0x000001d246591800, 0x000001d246598000, 0x000001d246592000, 0x000001d24659a800,
0x000001d24659d800, 0x000001d23e43d800, 0x000001d246599800, 0x000001d24659e800,
0x000001d246599000, 0x000001d24659d000, 0x000001d24659b000, 0x000001d24659c000,
0x000001d242ce2800, 0x000001d242ce3000, 0x000001d242ce0000, 0x000001d242cdd800,
0x000001d242ce4000, 0x000001d242cde800, 0x000001d242ce5000, 0x000001d242ce9000,
0x000001d242cea000, 0x000001d242ceb800, 0x000001d242cea800, 0x000001d242ce7800,
0x000001d242ce5800, 0x000001d242cec000, 0x000001d242ce6800, 0x000001d242ce8000,
0x000001d23f601800, 0x000001d23f606000, 0x000001d23f603800, 0x000001d23f602000,
0x000001d23f603000, 0x000001d246fbf000, 0x000001d246fc0000, 0x000001d244821800,
0x000001d246fbd800, 0x000001d246fbe800, 0x000001d246fc1800, 0x000001d246fbc000,
0x000001d246fc3000, 0x000001d246fc5000, 0x000001d246fc5800, 0x000001d246fc4000,
0x000001d246fc7800, 0x000001d246fc8000, 0x000001d246fc6800, 0x000001d246fc2800,
0x000001d246fc9000, 0x000001d246fca800, 0x000001d23fc97000, 0x000001d23fc98800,
0x000001d23fc96000, 0x000001d23fc9a000, 0x000001d23fc94800, 0x000001d23fc95000,
0x000001d23fc99000, 0x000001d23fc9b000, 0x000001d23fc9b800, 0x000001d23fc9c800,
0x000001d23fc9d800, 0x000001d23fc97800, 0x000001d23fca0800, 0x000001d23fc9e000,
0x000001d23fc9f000
}

Java Threads: ( => current thread )
  0x000001d21bbfd000 JavaThread "main" [_thread_blocked, id=11116, stack(0x0000001841900000,0x0000001841a00000)]
  0x000001d23d986000 JavaThread "Reference Handler" daemon [_thread_blocked, id=17784, stack(0x0000001842000000,0x0000001842100000)]
  0x000001d23d987000 JavaThread "Finalizer" daemon [_thread_blocked, id=3044, stack(0x0000001842100000,0x0000001842200000)]
  0x000001d23d99e000 JavaThread "Signal Dispatcher" daemon [_thread_blocked, id=12760, stack(0x0000001842200000,0x0000001842300000)]
  0x000001d23d9a1000 JavaThread "Attach Listener" daemon [_thread_blocked, id=10324, stack(0x0000001842300000,0x0000001842400000)]
  0x000001d23d9a2800 JavaThread "Service Thread" daemon [_thread_blocked, id=14952, stack(0x0000001842400000,0x0000001842500000)]
  0x000001d23d9a3800 JavaThread "C2 CompilerThread0" daemon [_thread_in_native, id=17352, stack(0x0000001842500000,0x0000001842600000)]
  0x000001d23d9a4800 JavaThread "C1 CompilerThread0" daemon [_thread_blocked, id=12788, stack(0x0000001842600000,0x0000001842700000)]
  0x000001d23d9aa000 JavaThread "Sweeper thread" daemon [_thread_blocked, id=13384, stack(0x0000001842700000,0x0000001842800000)]
  0x000001d23dafe000 JavaThread "Common-Cleaner" daemon [_thread_blocked, id=536, stack(0x0000001842800000,0x0000001842900000)]
  0x000001d23db3b800 JavaThread "Notification Thread" daemon [_thread_blocked, id=9436, stack(0x0000001842900000,0x0000001842a00000)]
  0x000001d23f4f9800 JavaThread "Daemon health stats" [_thread_blocked, id=12120, stack(0x0000001843100000,0x0000001843200000)]
  0x000001d23eec2000 JavaThread "Incoming local TCP Connector on port 50692" [_thread_in_native, id=7992, stack(0x0000001843200000,0x0000001843300000)]
  0x000001d23eec4800 JavaThread "Daemon periodic checks" [_thread_blocked, id=17256, stack(0x0000001843300000,0x0000001843400000)]
  0x000001d23f607000 JavaThread "Cache worker for journal cache (C:\Users\Darius\.gradle\caches\journal-1)" [_thread_blocked, id=7532, stack(0x0000001843b00000,0x0000001843c00000)]
  0x000001d23f604800 JavaThread "File lock request listener" [_thread_in_native, id=17152, stack(0x0000001843c00000,0x0000001843d00000)]
  0x000001d23f608000 JavaThread "Cache worker for file hash cache (C:\Users\Darius\.gradle\caches\6.3\fileHashes)" [_thread_blocked, id=11668, stack(0x0000001843d00000,0x0000001843e00000)]
  0x000001d242ce1000 JavaThread "Cache worker for execution history cache (C:\Users\Darius\.gradle\caches\6.3\executionHistory)" [_thread_blocked, id=11968, stack(0x0000001844800000,0x0000001844900000)]
  0x000001d246593000 JavaThread "Daemon Thread 2" [_thread_blocked, id=14732, stack(0x0000001841600000,0x0000001841700000)]
  0x000001d246595800 JavaThread "Handler for socket connection from /127.0.0.1:50692 to /127.0.0.1:50802" [_thread_in_native, id=15972, stack(0x0000001841700000,0x0000001841800000)]
  0x000001d246590000 JavaThread "Cancel handler" [_thread_blocked, id=14844, stack(0x0000001841800000,0x0000001841900000)]
  0x000001d246596800 JavaThread "Daemon worker Thread 2" [_thread_blocked, id=14848, stack(0x0000001843400000,0x0000001843500000)]
  0x000001d246590800 JavaThread "Asynchronous log dispatcher for DefaultDaemonConnection: socket connection from /127.0.0.1:50692 to /127.0.0.1:50802" [_thread_blocked, id=1780, stack(0x0000001843600000,0x0000001843700000)]
  0x000001d246597000 JavaThread "Stdin handler" [_thread_blocked, id=7836, stack(0x0000001843700000,0x0000001843800000)]
  0x000001d246591800 JavaThread "Thread-47" [_thread_blocked, id=7936, stack(0x0000001843800000,0x0000001843900000)]
  0x000001d246598000 JavaThread "Cache worker for checksums cache (D:\Darius Stuff\AndroidStudioProjects\noteApp\.gradle\checksums)" [_thread_blocked, id=3080, stack(0x0000001843900000,0x0000001843a00000)]
  0x000001d246592000 JavaThread "Cache worker for file hash cache (D:\Darius Stuff\AndroidStudioProjects\noteApp\.gradle\6.3\fileHashes)" [_thread_blocked, id=3076, stack(0x0000001843a00000,0x0000001843b00000)]
  0x000001d24659a800 JavaThread "Cache worker for cache directory md-supplier (C:\Users\Darius\.gradle\caches\6.3\md-supplier)" [_thread_blocked, id=7692, stack(0x0000001843e00000,0x0000001843f00000)]
  0x000001d24659d800 JavaThread "Cache worker for cache directory md-rule (C:\Users\Darius\.gradle\caches\6.3\md-rule)" [_thread_blocked, id=1844, stack(0x0000001843f00000,0x0000001844000000)]
  0x000001d23e43d800 JavaThread "C2 CompilerThread1" daemon [_thread_in_native, id=14208, stack(0x0000001844000000,0x0000001844100000)]
  0x000001d246599800 JavaThread "Build operations" [_thread_blocked, id=13844, stack(0x0000001844100000,0x0000001844200000)]
  0x000001d24659e800 JavaThread "Build operations Thread 2" [_thread_blocked, id=7948, stack(0x0000001844a00000,0x0000001844b00000)]
  0x000001d246599000 JavaThread "Build operations Thread 3" [_thread_blocked, id=13336, stack(0x0000001844b00000,0x0000001844c00000)]
  0x000001d24659d000 JavaThread "Build operations Thread 4" [_thread_blocked, id=13840, stack(0x0000001844c00000,0x0000001844d00000)]
  0x000001d24659b000 JavaThread "Build operations Thread 5" [_thread_blocked, id=13340, stack(0x0000001844d00000,0x0000001844e00000)]
  0x000001d24659c000 JavaThread "Build operations Thread 6" [_thread_blocked, id=9120, stack(0x0000001844e00000,0x0000001844f00000)]
  0x000001d242ce2800 JavaThread "Build operations Thread 7" [_thread_blocked, id=15308, stack(0x0000001844f00000,0x0000001845000000)]
  0x000001d242ce3000 JavaThread "Build operations Thread 8" [_thread_blocked, id=7868, stack(0x0000001845000000,0x0000001845100000)]
  0x000001d242ce0000 JavaThread "Build operations Thread 9" [_thread_blocked, id=15248, stack(0x0000001845100000,0x0000001845200000)]
  0x000001d242cdd800 JavaThread "Build operations Thread 10" [_thread_blocked, id=15676, stack(0x0000001845200000,0x0000001845300000)]
  0x000001d242ce4000 JavaThread "Build operations Thread 11" [_thread_blocked, id=15668, stack(0x0000001845300000,0x0000001845400000)]
  0x000001d242cde800 JavaThread "Build operations Thread 12" [_thread_blocked, id=3548, stack(0x0000001845400000,0x0000001845500000)]
  0x000001d242ce5000 JavaThread "Cache worker for Build Output Cleanup Cache (D:\Darius Stuff\AndroidStudioProjects\noteApp\.gradle\buildOutputCleanup)" [_thread_blocked, id=7876, stack(0x0000001845500000,0x0000001845600000)]
  0x000001d242ce9000 JavaThread "Memory manager" [_thread_blocked, id=3820, stack(0x0000001845600000,0x0000001845700000)]
  0x000001d242cea000 JavaThread "Cache worker for file content cache (C:\Users\Darius\.gradle\caches\6.3\fileContent)" [_thread_blocked, id=3788, stack(0x0000001845700000,0x0000001845800000)]
  0x000001d242ceb800 JavaThread "Cache worker for file content cache (D:\Darius Stuff\AndroidStudioProjects\noteApp\.gradle\6.3\fileContent)" [_thread_blocked, id=3924, stack(0x0000001845800000,0x0000001845900000)]
  0x000001d242cea800 JavaThread "Execution worker for ':'" [_thread_blocked, id=2524, stack(0x0000001845b00000,0x0000001845c00000)]
  0x000001d242ce7800 JavaThread "Execution worker for ':' Thread 2" [_thread_blocked, id=14552, stack(0x0000001845c00000,0x0000001845d00000)]
  0x000001d242ce5800 JavaThread "Execution worker for ':' Thread 3" [_thread_blocked, id=7520, stack(0x0000001845d00000,0x0000001845e00000)]
  0x000001d242cec000 JavaThread "Execution worker for ':' Thread 4" [_thread_blocked, id=2724, stack(0x0000001845e00000,0x0000001845f00000)]
  0x000001d242ce6800 JavaThread "Execution worker for ':' Thread 5" [_thread_blocked, id=14060, stack(0x0000001845f00000,0x0000001846000000)]
  0x000001d242ce8000 JavaThread "Execution worker for ':' Thread 6" [_thread_blocked, id=14092, stack(0x0000001846000000,0x0000001846100000)]
  0x000001d23f601800 JavaThread "Execution worker for ':' Thread 7" [_thread_blocked, id=12664, stack(0x0000001846100000,0x0000001846200000)]
  0x000001d23f606000 JavaThread "Execution worker for ':' Thread 8" [_thread_blocked, id=14052, stack(0x0000001846200000,0x0000001846300000)]
  0x000001d23f603800 JavaThread "Execution worker for ':' Thread 9" [_thread_blocked, id=3320, stack(0x0000001846300000,0x0000001846400000)]
  0x000001d23f602000 JavaThread "Execution worker for ':' Thread 10" [_thread_in_native, id=4496, stack(0x0000001846400000,0x0000001846500000)]
  0x000001d23f603000 JavaThread "Execution worker for ':' Thread 11" [_thread_blocked, id=4616, stack(0x0000001846500000,0x0000001846600000)]
  0x000001d246fbf000 JavaThread "Cache worker for execution history cache (D:\Darius Stuff\AndroidStudioProjects\noteApp\.gradle\6.3\executionHistory)" [_thread_blocked, id=2772, stack(0x0000001846600000,0x0000001846700000)]
  0x000001d246fc0000 JavaThread "WorkerExecutor Queue" [_thread_blocked, id=12212, stack(0x0000001846700000,0x0000001846800000)]
=>0x000001d244821800 JavaThread "C2 CompilerThread2" daemon [_thread_in_native, id=16136, stack(0x0000001845900000,0x0000001845a00000)]
  0x000001d246fbd800 JavaThread "WorkerExecutor Queue Thread 2" [_thread_blocked, id=14828, stack(0x0000001846800000,0x0000001846900000)]
  0x000001d246fbe800 JavaThread "WorkerExecutor Queue Thread 3" [_thread_blocked, id=15460, stack(0x0000001846900000,0x0000001846a00000)]
  0x000001d246fc1800 JavaThread "WorkerExecutor Queue Thread 4" [_thread_blocked, id=15444, stack(0x0000001846a00000,0x0000001846b00000)]
  0x000001d246fbc000 JavaThread "WorkerExecutor Queue Thread 5" [_thread_blocked, id=14820, stack(0x0000001846b00000,0x0000001846c00000)]
  0x000001d246fc3000 JavaThread "WorkerExecutor Queue Thread 6" [_thread_blocked, id=12228, stack(0x0000001846c00000,0x0000001846d00000)]
  0x000001d246fc5000 JavaThread "WorkerExecutor Queue Thread 7" [_thread_blocked, id=9744, stack(0x0000001846d00000,0x0000001846e00000)]
  0x000001d246fc5800 JavaThread "Java2D Disposer" daemon [_thread_blocked, id=4228, stack(0x0000001847000000,0x0000001847100000)]
  0x000001d246fc4000 JavaThread "WorkerExecutor Queue Thread 8" [_thread_blocked, id=6580, stack(0x0000001847100000,0x0000001847200000)]
  0x000001d246fc7800 JavaThread "WorkerExecutor Queue Thread 9" [_thread_blocked, id=6728, stack(0x0000001847200000,0x0000001847300000)]
  0x000001d246fc8000 JavaThread "WorkerExecutor Queue Thread 10" [_thread_blocked, id=6984, stack(0x0000001847300000,0x0000001847400000)]
  0x000001d246fc6800 JavaThread "WorkerExecutor Queue Thread 11" [_thread_blocked, id=6980, stack(0x0000001847400000,0x0000001847500000)]
  0x000001d246fc2800 JavaThread "WorkerExecutor Queue Thread 12" [_thread_blocked, id=7024, stack(0x0000001847500000,0x0000001847600000)]
  0x000001d246fc9000 JavaThread "pool-4-thread-1" [_thread_blocked, id=5892, stack(0x0000001847600000,0x0000001847700000)]
  0x000001d246fca800 JavaThread "stderr" [_thread_in_native, id=1936, stack(0x0000001847700000,0x0000001847800000)]
  0x000001d23fc97000 JavaThread "stderr" [_thread_in_native, id=2308, stack(0x0000001847800000,0x0000001847900000)]
  0x000001d23fc98800 JavaThread "stdout" [_thread_in_native, id=808, stack(0x0000001847900000,0x0000001847a00000)]
  0x000001d23fc96000 JavaThread "stderr" [_thread_in_native, id=7664, stack(0x0000001847a00000,0x0000001847b00000)]
  0x000001d23fc9a000 JavaThread "stdout" [_thread_in_native, id=6236, stack(0x0000001847b00000,0x0000001847c00000)]
  0x000001d23fc94800 JavaThread "stdout" [_thread_in_native, id=7140, stack(0x0000001847c00000,0x0000001847d00000)]
  0x000001d23fc95000 JavaThread "stderr" [_thread_in_native, id=6928, stack(0x0000001847d00000,0x0000001847e00000)]
  0x000001d23fc99000 JavaThread "stdout" [_thread_in_native, id=1384, stack(0x0000001847e00000,0x0000001847f00000)]
  0x000001d23fc9b000 JavaThread "stderr" [_thread_in_native, id=13276, stack(0x0000001847f00000,0x0000001848000000)]
  0x000001d23fc9b800 JavaThread "stdout" [_thread_in_native, id=4896, stack(0x0000001848000000,0x0000001848100000)]
  0x000001d23fc9c800 JavaThread "stderr" [_thread_in_native, id=9968, stack(0x0000001848100000,0x0000001848200000)]
  0x000001d23fc9d800 JavaThread "stdout" [_thread_in_native, id=10280, stack(0x0000001848200000,0x0000001848300000)]
  0x000001d23fc97800 JavaThread "stderr" [_thread_in_native, id=10000, stack(0x0000001848300000,0x0000001848400000)]
  0x000001d23fca0800 JavaThread "stdout" [_thread_in_native, id=9924, stack(0x0000001848400000,0x0000001848500000)]
  0x000001d23fc9e000 JavaThread "stderr" [_thread_in_native, id=14492, stack(0x0000001848500000,0x0000001848600000)]
  0x000001d23fc9f000 JavaThread "stdout" [_thread_in_native, id=13992, stack(0x0000001848600000,0x0000001848700000)]

Other Threads:
  0x000001d23d984000 VMThread "VM Thread" [stack: 0x0000001841f00000,0x0000001842000000] [id=13056]
  0x000001d23db3c800 WatcherThread [stack: 0x0000001842a00000,0x0000001842b00000] [id=2200]
  0x000001d21bc43000 GCTaskThread "GC Thread#0" [stack: 0x0000001841a00000,0x0000001841b00000] [id=17676]
  0x000001d23e4cd800 GCTaskThread "GC Thread#1" [stack: 0x0000001842c00000,0x0000001842d00000] [id=11796]
  0x000001d23e4ce000 GCTaskThread "GC Thread#2" [stack: 0x0000001842d00000,0x0000001842e00000] [id=17768]
  0x000001d23e4cf000 GCTaskThread "GC Thread#3" [stack: 0x0000001842e00000,0x0000001842f00000] [id=600]
  0x000001d23e4cf800 GCTaskThread "GC Thread#4" [stack: 0x0000001842f00000,0x0000001843000000] [id=15924]
  0x000001d23e4d0000 GCTaskThread "GC Thread#5" [stack: 0x0000001843000000,0x0000001843100000] [id=16528]
  0x000001d241d4e000 GCTaskThread "GC Thread#6" [stack: 0x0000001844200000,0x0000001844300000] [id=16656]
  0x000001d2404ed000 GCTaskThread "GC Thread#7" [stack: 0x0000001844300000,0x0000001844400000] [id=13716]
  0x000001d23faca000 GCTaskThread "GC Thread#8" [stack: 0x0000001844400000,0x0000001844500000] [id=3352]
  0x000001d242b9c800 GCTaskThread "GC Thread#9" [stack: 0x0000001844500000,0x0000001844600000] [id=7624]
  0x000001d21bc55800 ConcurrentGCThread "G1 Main Marker" [stack: 0x0000001841b00000,0x0000001841c00000] [id=13212]
  0x000001d21bc57000 ConcurrentGCThread "G1 Conc#0" [stack: 0x0000001841c00000,0x0000001841d00000] [id=18136]
  0x000001d241a55800 ConcurrentGCThread "G1 Conc#1" [stack: 0x0000001844600000,0x0000001844700000] [id=13344]
  0x000001d24132d000 ConcurrentGCThread "G1 Conc#2" [stack: 0x0000001844700000,0x0000001844800000] [id=17644]
  0x000001d21bcde800 ConcurrentGCThread "G1 Refine#0" [stack: 0x0000001841d00000,0x0000001841e00000] [id=5700]
  0x000001d2400ef800 ConcurrentGCThread "G1 Refine#1" [stack: 0x0000001844900000,0x0000001844a00000] [id=17148]
  0x000001d24043c800 ConcurrentGCThread "G1 Refine#2" [stack: 0x0000001845a00000,0x0000001845b00000] [id=12500]
  0x000001d240442800 ConcurrentGCThread "G1 Refine#3" [stack: 0x0000001846e00000,0x0000001846f00000] [id=2988]
  0x000001d23cffc000 ConcurrentGCThread "G1 Young RemSet Sampling" [stack: 0x0000001841e00000,0x0000001841f00000] [id=4192]

Threads with active compile tasks:
C2 CompilerThread0   225551 12650       4       org.gradle.internal.fingerprint.classpath.impl.ClasspathFingerprintingStrategy$ClasspathContentFingerprintingVisitor::visitFile (69 bytes)
C2 CompilerThread1   225551 12380   !   4       java.io.ObjectInputStream::readSerialData (563 bytes)
C2 CompilerThread2   225551 12649       4       org.gradle.internal.fingerprint.classpath.impl.ClasspathFingerprintingStrategy$ClasspathFingerprintVisitor::visit (61 bytes)

VM state:not at safepoint (normal execution)

VM Mutex/Monitor currently owned by a thread: None

Heap address: 0x0000000080000000, size: 2048 MB, Compressed Oops mode: 32-bit
Narrow klass base: 0x0000000800000000, Narrow klass shift: 3
Compressed class space size: 1073741824 Address: 0x0000000800b30000

Heap:
 garbage-first heap   total 276480K, used 193159K [0x0000000080000000, 0x0000000100000000)
  region size 1024K, 40 young (40960K), 7 survivors (7168K)
 Metaspace       used 89547K, capacity 92155K, committed 92288K, reserved 1128448K
  class space    used 11481K, capacity 12331K, committed 12416K, reserved 1048576K
Heap Regions: E=young(eden), S=young(survivor), O=old, HS=humongous(starts), HC=humongous(continues), CS=collection set, F=free, OA=open archive, CA=closed archive, TAMS=top-at-mark-start (previous, next)
|   0|0x0000000080000000, 0x0000000080100000, 0x0000000080100000|100%| O|  |TAMS 0x0000000080100000, 0x0000000080000000| Untracked 
|   1|0x0000000080100000, 0x0000000080200000, 0x0000000080200000|100%| O|  |TAMS 0x0000000080200000, 0x0000000080100000| Untracked 
|   2|0x0000000080200000, 0x0000000080268200, 0x0000000080300000| 40%| O|  |TAMS 0x0000000080268200, 0x0000000080200000| Untracked 
|   3|0x0000000080300000, 0x0000000080400000, 0x0000000080400000|100%|HS|  |TAMS 0x0000000080400000, 0x0000000080300000| Complete 
|   4|0x0000000080400000, 0x0000000080500000, 0x0000000080500000|100%|HC|  |TAMS 0x0000000080500000, 0x0000000080400000| Complete 
|   5|0x0000000080500000, 0x0000000080600000, 0x0000000080600000|100%|HC|  |TAMS 0x0000000080600000, 0x0000000080500000| Complete 
|   6|0x0000000080600000, 0x0000000080700000, 0x0000000080700000|100%| O|  |TAMS 0x0000000080700000, 0x0000000080600000| Untracked 
|   7|0x0000000080700000, 0x0000000080800000, 0x0000000080800000|100%| O|  |TAMS 0x0000000080800000, 0x0000000080700000| Untracked 
|   8|0x0000000080800000, 0x0000000080900000, 0x0000000080900000|100%| O|  |TAMS 0x0000000080900000, 0x0000000080800000| Untracked 
|   9|0x0000000080900000, 0x0000000080a00000, 0x0000000080a00000|100%| O|  |TAMS 0x0000000080a00000, 0x0000000080900000| Untracked 
|  10|0x0000000080a00000, 0x0000000080b00000, 0x0000000080b00000|100%|HS|  |TAMS 0x0000000080b00000, 0x0000000080a00000| Complete 
|  11|0x0000000080b00000, 0x0000000080c00000, 0x0000000080c00000|100%|HC|  |TAMS 0x0000000080c00000, 0x0000000080b00000| Complete 
|  12|0x0000000080c00000, 0x0000000080d00000, 0x0000000080d00000|100%|HS|  |TAMS 0x0000000080d00000, 0x0000000080c00000| Complete 
|  13|0x0000000080d00000, 0x0000000080e00000, 0x0000000080e00000|100%|HC|  |TAMS 0x0000000080e00000, 0x0000000080d00000| Complete 
|  14|0x0000000080e00000, 0x0000000080f00000, 0x0000000080f00000|100%|HC|  |TAMS 0x0000000080f00000, 0x0000000080e00000| Complete 
|  15|0x0000000080f00000, 0x0000000081000000, 0x0000000081000000|100%|HS|  |TAMS 0x0000000081000000, 0x0000000080f00000| Complete 
|  16|0x0000000081000000, 0x0000000081100000, 0x0000000081100000|100%|HC|  |TAMS 0x0000000081100000, 0x0000000081000000| Complete 
|  17|0x0000000081100000, 0x0000000081200000, 0x0000000081200000|100%|HC|  |TAMS 0x0000000081200000, 0x0000000081100000| Complete 
|  18|0x0000000081200000, 0x0000000081300000, 0x0000000081300000|100%|HS|  |TAMS 0x0000000081300000, 0x0000000081200000| Complete 
|  19|0x0000000081300000, 0x0000000081400000, 0x0000000081400000|100%|HC|  |TAMS 0x0000000081400000, 0x0000000081300000| Complete 
|  20|0x0000000081400000, 0x0000000081500000, 0x0000000081500000|100%|HC|  |TAMS 0x0000000081500000, 0x0000000081400000| Complete 
|  21|0x0000000081500000, 0x0000000081600000, 0x0000000081600000|100%|HC|  |TAMS 0x0000000081600000, 0x0000000081500000| Complete 
|  22|0x0000000081600000, 0x0000000081700000, 0x0000000081700000|100%|HC|  |TAMS 0x0000000081700000, 0x0000000081600000| Complete 
|  23|0x0000000081700000, 0x0000000081800000, 0x0000000081800000|100%|HC|  |TAMS 0x0000000081800000, 0x0000000081700000| Complete 
|  24|0x0000000081800000, 0x0000000081900000, 0x0000000081900000|100%|HC|  |TAMS 0x0000000081900000, 0x0000000081800000| Complete 
|  25|0x0000000081900000, 0x0000000081a00000, 0x0000000081a00000|100%|HC|  |TAMS 0x0000000081a00000, 0x0000000081900000| Complete 
|  26|0x0000000081a00000, 0x0000000081b00000, 0x0000000081b00000|100%|HC|  |TAMS 0x0000000081b00000, 0x0000000081a00000| Complete 
|  27|0x0000000081b00000, 0x0000000081c00000, 0x0000000081c00000|100%|HC|  |TAMS 0x0000000081c00000, 0x0000000081b00000| Complete 
|  28|0x0000000081c00000, 0x0000000081d00000, 0x0000000081d00000|100%|HC|  |TAMS 0x0000000081d00000, 0x0000000081c00000| Complete 
|  29|0x0000000081d00000, 0x0000000081e00000, 0x0000000081e00000|100%|HC|  |TAMS 0x0000000081e00000, 0x0000000081d00000| Complete 
|  30|0x0000000081e00000, 0x0000000081f00000, 0x0000000081f00000|100%|HS|  |TAMS 0x0000000081f00000, 0x0000000081e00000| Complete 
|  31|0x0000000081f00000, 0x0000000082000000, 0x0000000082000000|100%|HC|  |TAMS 0x0000000082000000, 0x0000000081f00000| Complete 
|  32|0x0000000082000000, 0x0000000082100000, 0x0000000082100000|100%| O|  |TAMS 0x0000000082100000, 0x0000000082000000| Untracked 
|  33|0x0000000082100000, 0x0000000082200000, 0x0000000082200000|100%| O|  |TAMS 0x0000000082200000, 0x0000000082100000| Untracked 
|  34|0x0000000082200000, 0x0000000082300000, 0x0000000082300000|100%| O|  |TAMS 0x0000000082300000, 0x0000000082200000| Untracked 
|  35|0x0000000082300000, 0x0000000082400000, 0x0000000082400000|100%| O|  |TAMS 0x0000000082400000, 0x0000000082300000| Untracked 
|  36|0x0000000082400000, 0x0000000082500000, 0x0000000082500000|100%| O|  |TAMS 0x0000000082500000, 0x0000000082400000| Untracked 
|  37|0x0000000082500000, 0x0000000082600000, 0x0000000082600000|100%| O|  |TAMS 0x0000000082600000, 0x0000000082500000| Untracked 
|  38|0x0000000082600000, 0x0000000082700000, 0x0000000082700000|100%| O|  |TAMS 0x0000000082700000, 0x0000000082600000| Untracked 
|  39|0x0000000082700000, 0x0000000082800000, 0x0000000082800000|100%| O|  |TAMS 0x0000000082800000, 0x0000000082700000| Untracked 
|  40|0x0000000082800000, 0x0000000082900000, 0x0000000082900000|100%| O|  |TAMS 0x0000000082900000, 0x0000000082800000| Untracked 
|  41|0x0000000082900000, 0x0000000082a00000, 0x0000000082a00000|100%| O|  |TAMS 0x0000000082a00000, 0x0000000082900000| Untracked 
|  42|0x0000000082a00000, 0x0000000082b00000, 0x0000000082b00000|100%| O|  |TAMS 0x0000000082b00000, 0x0000000082a00000| Untracked 
|  43|0x0000000082b00000, 0x0000000082c00000, 0x0000000082c00000|100%| O|  |TAMS 0x0000000082c00000, 0x0000000082b00000| Untracked 
|  44|0x0000000082c00000, 0x0000000082d00000, 0x0000000082d00000|100%| O|  |TAMS 0x0000000082d00000, 0x0000000082c00000| Untracked 
|  45|0x0000000082d00000, 0x0000000082e00000, 0x0000000082e00000|100%| O|  |TAMS 0x0000000082e00000, 0x0000000082d00000| Untracked 
|  46|0x0000000082e00000, 0x0000000082f00000, 0x0000000082f00000|100%| O|  |TAMS 0x0000000082f00000, 0x0000000082e00000| Untracked 
|  47|0x0000000082f00000, 0x0000000083000000, 0x0000000083000000|100%| O|  |TAMS 0x0000000083000000, 0x0000000082f00000| Untracked 
|  48|0x0000000083000000, 0x0000000083100000, 0x0000000083100000|100%| O|  |TAMS 0x0000000083100000, 0x0000000083000000| Untracked 
|  49|0x0000000083100000, 0x0000000083200000, 0x0000000083200000|100%| O|  |TAMS 0x0000000083200000, 0x0000000083100000| Untracked 
|  50|0x0000000083200000, 0x0000000083300000, 0x0000000083300000|100%|HS|  |TAMS 0x0000000083300000, 0x0000000083200000| Complete 
|  51|0x0000000083300000, 0x0000000083400000, 0x0000000083400000|100%|HC|  |TAMS 0x0000000083400000, 0x0000000083300000| Complete 
|  52|0x0000000083400000, 0x0000000083500000, 0x0000000083500000|100%|HC|  |TAMS 0x0000000083500000, 0x0000000083400000| Complete 
|  53|0x0000000083500000, 0x0000000083600000, 0x0000000083600000|100%|HS|  |TAMS 0x0000000083600000, 0x0000000083500000| Complete 
|  54|0x0000000083600000, 0x0000000083700000, 0x0000000083700000|100%|HC|  |TAMS 0x0000000083700000, 0x0000000083600000| Complete 
|  55|0x0000000083700000, 0x0000000083800000, 0x0000000083800000|100%| O|  |TAMS 0x0000000083800000, 0x0000000083700000| Untracked 
|  56|0x0000000083800000, 0x0000000083900000, 0x0000000083900000|100%| O|  |TAMS 0x0000000083900000, 0x0000000083800000| Untracked 
|  57|0x0000000083900000, 0x0000000083a00000, 0x0000000083a00000|100%| O|  |TAMS 0x0000000083a00000, 0x0000000083900000| Untracked 
|  58|0x0000000083a00000, 0x0000000083b00000, 0x0000000083b00000|100%| O|  |TAMS 0x0000000083b00000, 0x0000000083a00000| Untracked 
|  59|0x0000000083b00000, 0x0000000083c00000, 0x0000000083c00000|100%| O|  |TAMS 0x0000000083c00000, 0x0000000083b00000| Untracked 
|  60|0x0000000083c00000, 0x0000000083d00000, 0x0000000083d00000|100%| O|  |TAMS 0x0000000083d00000, 0x0000000083c00000| Untracked 
|  61|0x0000000083d00000, 0x0000000083e00000, 0x0000000083e00000|100%| O|  |TAMS 0x0000000083e00000, 0x0000000083d00000| Untracked 
|  62|0x0000000083e00000, 0x0000000083f00000, 0x0000000083f00000|100%| O|  |TAMS 0x0000000083f00000, 0x0000000083e00000| Untracked 
|  63|0x0000000083f00000, 0x0000000084000000, 0x0000000084000000|100%| O|  |TAMS 0x0000000084000000, 0x0000000083f00000| Untracked 
|  64|0x0000000084000000, 0x0000000084100000, 0x0000000084100000|100%| O|  |TAMS 0x0000000084100000, 0x0000000084000000| Untracked 
|  65|0x0000000084100000, 0x0000000084200000, 0x0000000084200000|100%| O|  |TAMS 0x0000000084200000, 0x0000000084100000| Untracked 
|  66|0x0000000084200000, 0x0000000084300000, 0x0000000084300000|100%| O|  |TAMS 0x0000000084300000, 0x0000000084200000| Untracked 
|  67|0x0000000084300000, 0x0000000084400000, 0x0000000084400000|100%| O|  |TAMS 0x0000000084400000, 0x0000000084300000| Untracked 
|  68|0x0000000084400000, 0x0000000084500000, 0x0000000084500000|100%| O|  |TAMS 0x0000000084500000, 0x0000000084400000| Untracked 
|  69|0x0000000084500000, 0x0000000084600000, 0x0000000084600000|100%| O|  |TAMS 0x0000000084600000, 0x0000000084500000| Untracked 
|  70|0x0000000084600000, 0x0000000084700000, 0x0000000084700000|100%| O|  |TAMS 0x0000000084700000, 0x0000000084600000| Untracked 
|  71|0x0000000084700000, 0x0000000084800000, 0x0000000084800000|100%| O|  |TAMS 0x0000000084800000, 0x0000000084700000| Untracked 
|  72|0x0000000084800000, 0x0000000084900000, 0x0000000084900000|100%| O|  |TAMS 0x0000000084900000, 0x0000000084800000| Untracked 
|  73|0x0000000084900000, 0x0000000084a00000, 0x0000000084a00000|100%| O|  |TAMS 0x0000000084a00000, 0x0000000084900000| Untracked 
|  74|0x0000000084a00000, 0x0000000084b00000, 0x0000000084b00000|100%| O|  |TAMS 0x0000000084b00000, 0x0000000084a00000| Untracked 
|  75|0x0000000084b00000, 0x0000000084c00000, 0x0000000084c00000|100%|HS|  |TAMS 0x0000000084c00000, 0x0000000084b00000| Complete 
|  76|0x0000000084c00000, 0x0000000084d00000, 0x0000000084d00000|100%|HC|  |TAMS 0x0000000084d00000, 0x0000000084c00000| Complete 
|  77|0x0000000084d00000, 0x0000000084e00000, 0x0000000084e00000|100%|HS|  |TAMS 0x0000000084e00000, 0x0000000084d00000| Complete 
|  78|0x0000000084e00000, 0x0000000084f00000, 0x0000000084f00000|100%|HC|  |TAMS 0x0000000084f00000, 0x0000000084e00000| Complete 
|  79|0x0000000084f00000, 0x0000000085000000, 0x0000000085000000|100%|HC|  |TAMS 0x0000000085000000, 0x0000000084f00000| Complete 
|  80|0x0000000085000000, 0x0000000085100000, 0x0000000085100000|100%|HS|  |TAMS 0x0000000085100000, 0x0000000085000000| Complete 
|  81|0x0000000085100000, 0x0000000085200000, 0x0000000085200000|100%|HC|  |TAMS 0x0000000085200000, 0x0000000085100000| Complete 
|  82|0x0000000085200000, 0x0000000085300000, 0x0000000085300000|100%|HC|  |TAMS 0x0000000085300000, 0x0000000085200000| Complete 
|  83|0x0000000085300000, 0x0000000085400000, 0x0000000085400000|100%|HS|  |TAMS 0x0000000085400000, 0x0000000085300000| Complete 
|  84|0x0000000085400000, 0x0000000085500000, 0x0000000085500000|100%|HC|  |TAMS 0x0000000085500000, 0x0000000085400000| Complete 
|  85|0x0000000085500000, 0x0000000085600000, 0x0000000085600000|100%|HC|  |TAMS 0x0000000085600000, 0x0000000085500000| Complete 
|  86|0x0000000085600000, 0x0000000085700000, 0x0000000085700000|100%|HC|  |TAMS 0x0000000085700000, 0x0000000085600000| Complete 
|  87|0x0000000085700000, 0x0000000085800000, 0x0000000085800000|100%|HC|  |TAMS 0x0000000085800000, 0x0000000085700000| Complete 
|  88|0x0000000085800000, 0x0000000085900000, 0x0000000085900000|100%|HC|  |TAMS 0x0000000085900000, 0x0000000085800000| Complete 
|  89|0x0000000085900000, 0x0000000085a00000, 0x0000000085a00000|100%|HC|  |TAMS 0x0000000085a00000, 0x0000000085900000| Complete 
|  90|0x0000000085a00000, 0x0000000085b00000, 0x0000000085b00000|100%|HC|  |TAMS 0x0000000085b00000, 0x0000000085a00000| Complete 
|  91|0x0000000085b00000, 0x0000000085c00000, 0x0000000085c00000|100%|HC|  |TAMS 0x0000000085c00000, 0x0000000085b00000| Complete 
|  92|0x0000000085c00000, 0x0000000085d00000, 0x0000000085d00000|100%|HC|  |TAMS 0x0000000085d00000, 0x0000000085c00000| Complete 
|  93|0x0000000085d00000, 0x0000000085e00000, 0x0000000085e00000|100%|HC|  |TAMS 0x0000000085e00000, 0x0000000085d00000| Complete 
|  94|0x0000000085e00000, 0x0000000085f00000, 0x0000000085f00000|100%|HC|  |TAMS 0x0000000085f00000, 0x0000000085e00000| Complete 
|  95|0x0000000085f00000, 0x0000000086000000, 0x0000000086000000|100%|HS|  |TAMS 0x0000000086000000, 0x0000000085f00000| Complete 
|  96|0x0000000086000000, 0x0000000086100000, 0x0000000086100000|100%|HC|  |TAMS 0x0000000086100000, 0x0000000086000000| Complete 
|  97|0x0000000086100000, 0x0000000086200000, 0x0000000086200000|100%| O|  |TAMS 0x0000000086200000, 0x0000000086100000| Untracked 
|  98|0x0000000086200000, 0x0000000086300000, 0x0000000086300000|100%| O|  |TAMS 0x0000000086300000, 0x0000000086200000| Untracked 
|  99|0x0000000086300000, 0x0000000086400000, 0x0000000086400000|100%| O|  |TAMS 0x0000000086400000, 0x0000000086300000| Untracked 
| 100|0x0000000086400000, 0x0000000086500000, 0x0000000086500000|100%| O|  |TAMS 0x0000000086500000, 0x0000000086400000| Untracked 
| 101|0x0000000086500000, 0x0000000086600000, 0x0000000086600000|100%| O|  |TAMS 0x0000000086600000, 0x0000000086500000| Untracked 
| 102|0x0000000086600000, 0x0000000086700000, 0x0000000086700000|100%| O|  |TAMS 0x0000000086700000, 0x0000000086600000| Untracked 
| 103|0x0000000086700000, 0x0000000086800000, 0x0000000086800000|100%| O|  |TAMS 0x0000000086800000, 0x0000000086700000| Untracked 
| 104|0x0000000086800000, 0x0000000086900000, 0x0000000086900000|100%| O|  |TAMS 0x0000000086900000, 0x0000000086800000| Untracked 
| 105|0x0000000086900000, 0x0000000086a00000, 0x0000000086a00000|100%| O|  |TAMS 0x0000000086a00000, 0x0000000086900000| Untracked 
| 106|0x0000000086a00000, 0x0000000086b00000, 0x0000000086b00000|100%| O|  |TAMS 0x0000000086b00000, 0x0000000086a00000| Untracked 
| 107|0x0000000086b00000, 0x0000000086c00000, 0x0000000086c00000|100%| O|  |TAMS 0x0000000086c00000, 0x0000000086b00000| Untracked 
| 108|0x0000000086c00000, 0x0000000086d00000, 0x0000000086d00000|100%| O|  |TAMS 0x0000000086d00000, 0x0000000086c00000| Untracked 
| 109|0x0000000086d00000, 0x0000000086e00000, 0x0000000086e00000|100%| O|  |TAMS 0x0000000086e00000, 0x0000000086d00000| Untracked 
| 110|0x0000000086e00000, 0x0000000086f00000, 0x0000000086f00000|100%| O|  |TAMS 0x0000000086f00000, 0x0000000086e00000| Untracked 
| 111|0x0000000086f00000, 0x0000000087000000, 0x0000000087000000|100%| O|  |TAMS 0x0000000087000000, 0x0000000086f00000| Untracked 
| 112|0x0000000087000000, 0x0000000087100000, 0x0000000087100000|100%| O|  |TAMS 0x0000000087100000, 0x0000000087000000| Untracked 
| 113|0x0000000087100000, 0x0000000087200000, 0x0000000087200000|100%| O|  |TAMS 0x0000000087200000, 0x0000000087100000| Untracked 
| 114|0x0000000087200000, 0x0000000087300000, 0x0000000087300000|100%| O|  |TAMS 0x0000000087300000, 0x0000000087200000| Untracked 
| 115|0x0000000087300000, 0x0000000087400000, 0x0000000087400000|100%| O|  |TAMS 0x0000000087400000, 0x0000000087300000| Untracked 
| 116|0x0000000087400000, 0x0000000087500000, 0x0000000087500000|100%| O|  |TAMS 0x0000000087500000, 0x0000000087400000| Untracked 
| 117|0x0000000087500000, 0x0000000087600000, 0x0000000087600000|100%| O|  |TAMS 0x0000000087600000, 0x0000000087500000| Untracked 
| 118|0x0000000087600000, 0x0000000087700000, 0x0000000087700000|100%| O|  |TAMS 0x0000000087700000, 0x0000000087600000| Untracked 
| 119|0x0000000087700000, 0x0000000087800000, 0x0000000087800000|100%| O|  |TAMS 0x0000000087800000, 0x0000000087700000| Untracked 
| 120|0x0000000087800000, 0x0000000087900000, 0x0000000087900000|100%| O|  |TAMS 0x0000000087900000, 0x0000000087800000| Untracked 
| 121|0x0000000087900000, 0x0000000087a00000, 0x0000000087a00000|100%| O|  |TAMS 0x0000000087a00000, 0x0000000087900000| Untracked 
| 122|0x0000000087a00000, 0x0000000087b00000, 0x0000000087b00000|100%| O|  |TAMS 0x0000000087b00000, 0x0000000087a00000| Untracked 
| 123|0x0000000087b00000, 0x0000000087c00000, 0x0000000087c00000|100%| O|  |TAMS 0x0000000087c00000, 0x0000000087b00000| Untracked 
| 124|0x0000000087c00000, 0x0000000087d00000, 0x0000000087d00000|100%| O|  |TAMS 0x0000000087d00000, 0x0000000087c00000| Untracked 
| 125|0x0000000087d00000, 0x0000000087e00000, 0x0000000087e00000|100%| O|  |TAMS 0x0000000087e00000, 0x0000000087d00000| Untracked 
| 126|0x0000000087e00000, 0x0000000087f00000, 0x0000000087f00000|100%| O|  |TAMS 0x0000000087f00000, 0x0000000087e00000| Untracked 
| 127|0x0000000087f00000, 0x0000000088000000, 0x0000000088000000|100%| O|  |TAMS 0x0000000088000000, 0x0000000087f00000| Untracked 
| 128|0x0000000088000000, 0x0000000088100000, 0x0000000088100000|100%| O|  |TAMS 0x0000000088100000, 0x0000000088000000| Untracked 
| 129|0x0000000088100000, 0x0000000088200000, 0x0000000088200000|100%| O|  |TAMS 0x0000000088200000, 0x0000000088100000| Untracked 
| 130|0x0000000088200000, 0x0000000088300000, 0x0000000088300000|100%| O|  |TAMS 0x0000000088300000, 0x0000000088200000| Untracked 
| 131|0x0000000088300000, 0x0000000088400000, 0x0000000088400000|100%| O|  |TAMS 0x0000000088400000, 0x0000000088300000| Untracked 
| 132|0x0000000088400000, 0x0000000088500000, 0x0000000088500000|100%| O|  |TAMS 0x0000000088500000, 0x0000000088400000| Untracked 
| 133|0x0000000088500000, 0x0000000088600000, 0x0000000088600000|100%| O|  |TAMS 0x0000000088600000, 0x0000000088500000| Untracked 
| 134|0x0000000088600000, 0x0000000088700000, 0x0000000088700000|100%| O|  |TAMS 0x0000000088700000, 0x0000000088600000| Untracked 
| 135|0x0000000088700000, 0x0000000088800000, 0x0000000088800000|100%| O|  |TAMS 0x0000000088733a00, 0x0000000088700000| Untracked 
| 136|0x0000000088800000, 0x0000000088900000, 0x0000000088900000|100%|HS|  |TAMS 0x0000000088800000, 0x0000000088800000| Complete 
| 137|0x0000000088900000, 0x0000000088a00000, 0x0000000088a00000|100%|HS|  |TAMS 0x0000000088900000, 0x0000000088900000| Complete 
| 138|0x0000000088a00000, 0x0000000088b00000, 0x0000000088b00000|100%|HC|  |TAMS 0x0000000088a00000, 0x0000000088a00000| Complete 
| 139|0x0000000088b00000, 0x0000000088c00000, 0x0000000088c00000|100%|HS|  |TAMS 0x0000000088c00000, 0x0000000088b00000| Complete 
| 140|0x0000000088c00000, 0x0000000088d00000, 0x0000000088d00000|100%| O|  |TAMS 0x0000000088c00000, 0x0000000088c00000| Untracked 
| 141|0x0000000088d00000, 0x0000000088e00000, 0x0000000088e00000|100%| O|  |TAMS 0x0000000088d00000, 0x0000000088d00000| Untracked 
| 142|0x0000000088e00000, 0x0000000088f00000, 0x0000000088f00000|100%| O|  |TAMS 0x0000000088e00000, 0x0000000088e00000| Untracked 
| 143|0x0000000088f00000, 0x0000000089000000, 0x0000000089000000|100%| O|  |TAMS 0x0000000088f00000, 0x0000000088f00000| Untracked 
| 144|0x0000000089000000, 0x0000000089100000, 0x0000000089100000|100%| O|  |TAMS 0x0000000089000000, 0x0000000089000000| Untracked 
| 145|0x0000000089100000, 0x0000000089200000, 0x0000000089200000|100%| O|  |TAMS 0x0000000089100000, 0x0000000089100000| Untracked 
| 146|0x0000000089200000, 0x00000000892f3e00, 0x0000000089300000| 95%| O|  |TAMS 0x0000000089200000, 0x0000000089200000| Untracked 
| 147|0x0000000089300000, 0x0000000089400000, 0x0000000089400000|100%|HS|  |TAMS 0x0000000089300000, 0x0000000089300000| Complete 
| 148|0x0000000089400000, 0x0000000089500000, 0x0000000089500000|100%|HS|  |TAMS 0x0000000089400000, 0x0000000089400000| Complete 
| 149|0x0000000089500000, 0x0000000089600000, 0x0000000089600000|100%|HC|  |TAMS 0x0000000089500000, 0x0000000089500000| Complete 
| 150|0x0000000089600000, 0x0000000089700000, 0x0000000089700000|100%|HS|  |TAMS 0x0000000089600000, 0x0000000089600000| Complete 
| 151|0x0000000089700000, 0x0000000089800000, 0x0000000089800000|100%|HC|  |TAMS 0x0000000089700000, 0x0000000089700000| Complete 
| 152|0x0000000089800000, 0x0000000089800000, 0x0000000089900000|  0%| F|  |TAMS 0x0000000089800000, 0x0000000089800000| Untracked 
| 153|0x0000000089900000, 0x0000000089900000, 0x0000000089a00000|  0%| F|  |TAMS 0x0000000089900000, 0x0000000089900000| Untracked 
| 154|0x0000000089a00000, 0x0000000089a00000, 0x0000000089b00000|  0%| F|  |TAMS 0x0000000089a00000, 0x0000000089a00000| Untracked 
| 155|0x0000000089b00000, 0x0000000089b00000, 0x0000000089c00000|  0%| F|  |TAMS 0x0000000089b00000, 0x0000000089b00000| Untracked 
| 156|0x0000000089c00000, 0x0000000089c00000, 0x0000000089d00000|  0%| F|  |TAMS 0x0000000089c00000, 0x0000000089c00000| Untracked 
| 157|0x0000000089d00000, 0x0000000089d00000, 0x0000000089e00000|  0%| F|  |TAMS 0x0000000089d00000, 0x0000000089d00000| Untracked 
| 158|0x0000000089e00000, 0x0000000089e00000, 0x0000000089f00000|  0%| F|  |TAMS 0x0000000089e00000, 0x0000000089e00000| Untracked 
| 159|0x0000000089f00000, 0x0000000089f00000, 0x000000008a000000|  0%| F|  |TAMS 0x0000000089f00000, 0x0000000089f00000| Untracked 
| 160|0x000000008a000000, 0x000000008a000000, 0x000000008a100000|  0%| F|  |TAMS 0x000000008a000000, 0x000000008a000000| Untracked 
| 161|0x000000008a100000, 0x000000008a100000, 0x000000008a200000|  0%| F|  |TAMS 0x000000008a100000, 0x000000008a100000| Untracked 
| 162|0x000000008a200000, 0x000000008a200000, 0x000000008a300000|  0%| F|  |TAMS 0x000000008a200000, 0x000000008a200000| Untracked 
| 163|0x000000008a300000, 0x000000008a300000, 0x000000008a400000|  0%| F|  |TAMS 0x000000008a300000, 0x000000008a300000| Untracked 
| 164|0x000000008a400000, 0x000000008a400000, 0x000000008a500000|  0%| F|  |TAMS 0x000000008a400000, 0x000000008a400000| Untracked 
| 165|0x000000008a500000, 0x000000008a500000, 0x000000008a600000|  0%| F|  |TAMS 0x000000008a500000, 0x000000008a500000| Untracked 
| 166|0x000000008a600000, 0x000000008a600000, 0x000000008a700000|  0%| F|  |TAMS 0x000000008a600000, 0x000000008a600000| Untracked 
| 167|0x000000008a700000, 0x000000008a700000, 0x000000008a800000|  0%| F|  |TAMS 0x000000008a700000, 0x000000008a700000| Untracked 
| 168|0x000000008a800000, 0x000000008a800000, 0x000000008a900000|  0%| F|  |TAMS 0x000000008a800000, 0x000000008a800000| Untracked 
| 169|0x000000008a900000, 0x000000008a900000, 0x000000008aa00000|  0%| F|  |TAMS 0x000000008a900000, 0x000000008a900000| Untracked 
| 170|0x000000008aa00000, 0x000000008aa00000, 0x000000008ab00000|  0%| F|  |TAMS 0x000000008aa00000, 0x000000008aa00000| Untracked 
| 171|0x000000008ab00000, 0x000000008ab00000, 0x000000008ac00000|  0%| F|  |TAMS 0x000000008ab00000, 0x000000008ab00000| Untracked 
| 172|0x000000008ac00000, 0x000000008ac00000, 0x000000008ad00000|  0%| F|  |TAMS 0x000000008ac00000, 0x000000008ac00000| Untracked 
| 173|0x000000008ad00000, 0x000000008ad00000, 0x000000008ae00000|  0%| F|  |TAMS 0x000000008ad00000, 0x000000008ad00000| Untracked 
| 174|0x000000008ae00000, 0x000000008ae00000, 0x000000008af00000|  0%| F|  |TAMS 0x000000008ae00000, 0x000000008ae00000| Untracked 
| 175|0x000000008af00000, 0x000000008af00000, 0x000000008b000000|  0%| F|  |TAMS 0x000000008af00000, 0x000000008af00000| Untracked 
| 176|0x000000008b000000, 0x000000008b000000, 0x000000008b100000|  0%| F|  |TAMS 0x000000008b000000, 0x000000008b000000| Untracked 
| 177|0x000000008b100000, 0x000000008b100000, 0x000000008b200000|  0%| F|  |TAMS 0x000000008b100000, 0x000000008b100000| Untracked 
| 178|0x000000008b200000, 0x000000008b200000, 0x000000008b300000|  0%| F|  |TAMS 0x000000008b200000, 0x000000008b200000| Untracked 
| 179|0x000000008b300000, 0x000000008b300000, 0x000000008b400000|  0%| F|  |TAMS 0x000000008b300000, 0x000000008b300000| Untracked 
| 180|0x000000008b400000, 0x000000008b400000, 0x000000008b500000|  0%| F|  |TAMS 0x000000008b400000, 0x000000008b400000| Untracked 
| 181|0x000000008b500000, 0x000000008b500000, 0x000000008b600000|  0%| F|  |TAMS 0x000000008b500000, 0x000000008b500000| Untracked 
| 182|0x000000008b600000, 0x000000008b600000, 0x000000008b700000|  0%| F|  |TAMS 0x000000008b600000, 0x000000008b600000| Untracked 
| 183|0x000000008b700000, 0x000000008b700000, 0x000000008b800000|  0%| F|  |TAMS 0x000000008b700000, 0x000000008b700000| Untracked 
| 184|0x000000008b800000, 0x000000008b800000, 0x000000008b900000|  0%| F|  |TAMS 0x000000008b800000, 0x000000008b800000| Untracked 
| 185|0x000000008b900000, 0x000000008b900000, 0x000000008ba00000|  0%| F|  |TAMS 0x000000008b900000, 0x000000008b900000| Untracked 
| 186|0x000000008ba00000, 0x000000008ba00000, 0x000000008bb00000|  0%| F|  |TAMS 0x000000008ba00000, 0x000000008ba00000| Untracked 
| 187|0x000000008bb00000, 0x000000008bb00000, 0x000000008bc00000|  0%| F|  |TAMS 0x000000008bb00000, 0x000000008bb00000| Untracked 
| 188|0x000000008bc00000, 0x000000008bc00000, 0x000000008bd00000|  0%| F|  |TAMS 0x000000008bc00000, 0x000000008bc00000| Untracked 
| 189|0x000000008bd00000, 0x000000008bd00000, 0x000000008be00000|  0%| F|  |TAMS 0x000000008bd00000, 0x000000008bd00000| Untracked 
| 190|0x000000008be00000, 0x000000008be00000, 0x000000008bf00000|  0%| F|  |TAMS 0x000000008be00000, 0x000000008be00000| Untracked 
| 191|0x000000008bf00000, 0x000000008bf00000, 0x000000008c000000|  0%| F|  |TAMS 0x000000008bf00000, 0x000000008bf00000| Untracked 
| 192|0x000000008c000000, 0x000000008c000000, 0x000000008c100000|  0%| F|  |TAMS 0x000000008c000000, 0x000000008c000000| Untracked 
| 193|0x000000008c100000, 0x000000008c100000, 0x000000008c200000|  0%| F|  |TAMS 0x000000008c100000, 0x000000008c100000| Untracked 
| 194|0x000000008c200000, 0x000000008c200000, 0x000000008c300000|  0%| F|  |TAMS 0x000000008c200000, 0x000000008c200000| Untracked 
| 195|0x000000008c300000, 0x000000008c300000, 0x000000008c400000|  0%| F|  |TAMS 0x000000008c300000, 0x000000008c300000| Untracked 
| 196|0x000000008c400000, 0x000000008c400000, 0x000000008c500000|  0%| F|  |TAMS 0x000000008c400000, 0x000000008c400000| Untracked 
| 197|0x000000008c500000, 0x000000008c500000, 0x000000008c600000|  0%| F|  |TAMS 0x000000008c500000, 0x000000008c500000| Untracked 
| 198|0x000000008c600000, 0x000000008c600000, 0x000000008c700000|  0%| F|  |TAMS 0x000000008c600000, 0x000000008c600000| Untracked 
| 199|0x000000008c700000, 0x000000008c700000, 0x000000008c800000|  0%| F|  |TAMS 0x000000008c700000, 0x000000008c700000| Untracked 
| 200|0x000000008c800000, 0x000000008c800000, 0x000000008c900000|  0%| F|  |TAMS 0x000000008c800000, 0x000000008c800000| Untracked 
| 201|0x000000008c900000, 0x000000008c900000, 0x000000008ca00000|  0%| F|  |TAMS 0x000000008c900000, 0x000000008c900000| Untracked 
| 202|0x000000008ca00000, 0x000000008ca00000, 0x000000008cb00000|  0%| F|  |TAMS 0x000000008ca00000, 0x000000008ca00000| Untracked 
| 203|0x000000008cb00000, 0x000000008cb00000, 0x000000008cc00000|  0%| F|  |TAMS 0x000000008cb00000, 0x000000008cb00000| Untracked 
| 204|0x000000008cc00000, 0x000000008cc00000, 0x000000008cd00000|  0%| F|  |TAMS 0x000000008cc00000, 0x000000008cc00000| Untracked 
| 205|0x000000008cd00000, 0x000000008cd00000, 0x000000008ce00000|  0%| F|  |TAMS 0x000000008cd00000, 0x000000008cd00000| Untracked 
| 206|0x000000008ce00000, 0x000000008ce00000, 0x000000008cf00000|  0%| F|  |TAMS 0x000000008ce00000, 0x000000008ce00000| Untracked 
| 207|0x000000008cf00000, 0x000000008cf00000, 0x000000008d000000|  0%| F|  |TAMS 0x000000008cf00000, 0x000000008cf00000| Untracked 
| 208|0x000000008d000000, 0x000000008d000000, 0x000000008d100000|  0%| F|  |TAMS 0x000000008d000000, 0x000000008d000000| Untracked 
| 209|0x000000008d100000, 0x000000008d100000, 0x000000008d200000|  0%| F|  |TAMS 0x000000008d100000, 0x000000008d100000| Untracked 
| 210|0x000000008d200000, 0x000000008d200000, 0x000000008d300000|  0%| F|  |TAMS 0x000000008d200000, 0x000000008d200000| Untracked 
| 211|0x000000008d300000, 0x000000008d300000, 0x000000008d400000|  0%| F|  |TAMS 0x000000008d300000, 0x000000008d300000| Untracked 
| 212|0x000000008d400000, 0x000000008d400000, 0x000000008d500000|  0%| F|  |TAMS 0x000000008d400000, 0x000000008d400000| Untracked 
| 213|0x000000008d500000, 0x000000008d500000, 0x000000008d600000|  0%| F|  |TAMS 0x000000008d500000, 0x000000008d500000| Untracked 
| 214|0x000000008d600000, 0x000000008d600000, 0x000000008d700000|  0%| F|  |TAMS 0x000000008d600000, 0x000000008d600000| Untracked 
| 215|0x000000008d700000, 0x000000008d700000, 0x000000008d800000|  0%| F|  |TAMS 0x000000008d700000, 0x000000008d700000| Untracked 
| 216|0x000000008d800000, 0x000000008d800000, 0x000000008d900000|  0%| F|  |TAMS 0x000000008d800000, 0x000000008d800000| Untracked 
| 217|0x000000008d900000, 0x000000008d900000, 0x000000008da00000|  0%| F|  |TAMS 0x000000008d900000, 0x000000008d900000| Untracked 
| 218|0x000000008da00000, 0x000000008da45f90, 0x000000008db00000| 27%| S|CS|TAMS 0x000000008da00000, 0x000000008da00000| Complete 
| 219|0x000000008db00000, 0x000000008dc00000, 0x000000008dc00000|100%| S|CS|TAMS 0x000000008db00000, 0x000000008db00000| Complete 
| 220|0x000000008dc00000, 0x000000008dd00000, 0x000000008dd00000|100%| S|CS|TAMS 0x000000008dc00000, 0x000000008dc00000| Complete 
| 221|0x000000008dd00000, 0x000000008de00000, 0x000000008de00000|100%| S|CS|TAMS 0x000000008dd00000, 0x000000008dd00000| Complete 
| 222|0x000000008de00000, 0x000000008df00000, 0x000000008df00000|100%| S|CS|TAMS 0x000000008de00000, 0x000000008de00000| Complete 
| 223|0x000000008df00000, 0x000000008e000000, 0x000000008e000000|100%| S|CS|TAMS 0x000000008df00000, 0x000000008df00000| Complete 
| 224|0x000000008e000000, 0x000000008e000000, 0x000000008e100000|  0%| F|  |TAMS 0x000000008e000000, 0x000000008e000000| Untracked 
| 225|0x000000008e100000, 0x000000008e100000, 0x000000008e200000|  0%| F|  |TAMS 0x000000008e100000, 0x000000008e100000| Untracked 
| 226|0x000000008e200000, 0x000000008e300000, 0x000000008e300000|100%| S|CS|TAMS 0x000000008e200000, 0x000000008e200000| Complete 
| 227|0x000000008e300000, 0x000000008e300000, 0x000000008e400000|  0%| F|  |TAMS 0x000000008e300000, 0x000000008e300000| Untracked 
| 228|0x000000008e400000, 0x000000008e400000, 0x000000008e500000|  0%| F|  |TAMS 0x000000008e400000, 0x000000008e400000| Untracked 
| 229|0x000000008e500000, 0x000000008e500000, 0x000000008e600000|  0%| F|  |TAMS 0x000000008e500000, 0x000000008e500000| Untracked 
| 230|0x000000008e600000, 0x000000008e600000, 0x000000008e700000|  0%| F|  |TAMS 0x000000008e600000, 0x000000008e600000| Untracked 
| 231|0x000000008e700000, 0x000000008e700000, 0x000000008e800000|  0%| F|  |TAMS 0x000000008e700000, 0x000000008e700000| Untracked 
| 232|0x000000008e800000, 0x000000008e800000, 0x000000008e900000|  0%| F|  |TAMS 0x000000008e800000, 0x000000008e800000| Untracked 
| 233|0x000000008e900000, 0x000000008e900000, 0x000000008ea00000|  0%| F|  |TAMS 0x000000008e900000, 0x000000008e900000| Untracked 
| 234|0x000000008ea00000, 0x000000008ea00000, 0x000000008eb00000|  0%| F|  |TAMS 0x000000008ea00000, 0x000000008ea00000| Untracked 
| 235|0x000000008eb00000, 0x000000008eb00000, 0x000000008ec00000|  0%| F|  |TAMS 0x000000008eb00000, 0x000000008eb00000| Untracked 
| 236|0x000000008ec00000, 0x000000008ec00000, 0x000000008ed00000|  0%| F|  |TAMS 0x000000008ec00000, 0x000000008ec00000| Untracked 
| 237|0x000000008ed00000, 0x000000008ed309a0, 0x000000008ee00000| 18%| E|  |TAMS 0x000000008ed00000, 0x000000008ed00000| Complete 
| 238|0x000000008ee00000, 0x000000008eeff880, 0x000000008ef00000| 99%| E|  |TAMS 0x000000008ee00000, 0x000000008ee00000| Complete 
| 239|0x000000008ef00000, 0x000000008f000000, 0x000000008f000000|100%| E|CS|TAMS 0x000000008ef00000, 0x000000008ef00000| Complete 
| 240|0x000000008f000000, 0x000000008f100000, 0x000000008f100000|100%| E|CS|TAMS 0x000000008f000000, 0x000000008f000000| Complete 
| 241|0x000000008f100000, 0x000000008f200000, 0x000000008f200000|100%| E|CS|TAMS 0x000000008f100000, 0x000000008f100000| Complete 
| 242|0x000000008f200000, 0x000000008f300000, 0x000000008f300000|100%| E|CS|TAMS 0x000000008f200000, 0x000000008f200000| Complete 
| 243|0x000000008f300000, 0x000000008f400000, 0x000000008f400000|100%| E|CS|TAMS 0x000000008f300000, 0x000000008f300000| Complete 
| 244|0x000000008f400000, 0x000000008f500000, 0x000000008f500000|100%| E|CS|TAMS 0x000000008f400000, 0x000000008f400000| Complete 
| 245|0x000000008f500000, 0x000000008f600000, 0x000000008f600000|100%| E|CS|TAMS 0x000000008f500000, 0x000000008f500000| Complete 
| 246|0x000000008f600000, 0x000000008f700000, 0x000000008f700000|100%| E|CS|TAMS 0x000000008f600000, 0x000000008f600000| Complete 
| 247|0x000000008f700000, 0x000000008f800000, 0x000000008f800000|100%| E|CS|TAMS 0x000000008f700000, 0x000000008f700000| Complete 
| 248|0x000000008f800000, 0x000000008f900000, 0x000000008f900000|100%| E|CS|TAMS 0x000000008f800000, 0x000000008f800000| Complete 
| 249|0x000000008f900000, 0x000000008fa00000, 0x000000008fa00000|100%| E|CS|TAMS 0x000000008f900000, 0x000000008f900000| Complete 
| 250|0x000000008fa00000, 0x000000008fb00000, 0x000000008fb00000|100%| E|CS|TAMS 0x000000008fa00000, 0x000000008fa00000| Complete 
| 251|0x000000008fb00000, 0x000000008fc00000, 0x000000008fc00000|100%| E|CS|TAMS 0x000000008fb00000, 0x000000008fb00000| Complete 
| 252|0x000000008fc00000, 0x000000008fd00000, 0x000000008fd00000|100%| E|CS|TAMS 0x000000008fc00000, 0x000000008fc00000| Complete 
| 253|0x000000008fd00000, 0x000000008fe00000, 0x000000008fe00000|100%| E|CS|TAMS 0x000000008fd00000, 0x000000008fd00000| Complete 
| 254|0x000000008fe00000, 0x000000008ff00000, 0x000000008ff00000|100%| E|CS|TAMS 0x000000008fe00000, 0x000000008fe00000| Complete 
| 255|0x000000008ff00000, 0x0000000090000000, 0x0000000090000000|100%| E|CS|TAMS 0x000000008ff00000, 0x000000008ff00000| Complete 
| 256|0x0000000090000000, 0x0000000090100000, 0x0000000090100000|100%| E|CS|TAMS 0x0000000090000000, 0x0000000090000000| Complete 
| 257|0x0000000090100000, 0x0000000090200000, 0x0000000090200000|100%| E|CS|TAMS 0x0000000090100000, 0x0000000090100000| Complete 
| 258|0x0000000090200000, 0x0000000090300000, 0x0000000090300000|100%| E|CS|TAMS 0x0000000090200000, 0x0000000090200000| Complete 
| 259|0x0000000090300000, 0x0000000090400000, 0x0000000090400000|100%| E|CS|TAMS 0x0000000090300000, 0x0000000090300000| Complete 
| 260|0x0000000090400000, 0x0000000090500000, 0x0000000090500000|100%| E|CS|TAMS 0x0000000090400000, 0x0000000090400000| Complete 
| 261|0x0000000090500000, 0x0000000090600000, 0x0000000090600000|100%| E|CS|TAMS 0x0000000090500000, 0x0000000090500000| Complete 
| 262|0x0000000090600000, 0x0000000090700000, 0x0000000090700000|100%| E|CS|TAMS 0x0000000090600000, 0x0000000090600000| Complete 
| 263|0x0000000090700000, 0x0000000090800000, 0x0000000090800000|100%| E|CS|TAMS 0x0000000090700000, 0x0000000090700000| Complete 
| 264|0x0000000090800000, 0x0000000090900000, 0x0000000090900000|100%| E|CS|TAMS 0x0000000090800000, 0x0000000090800000| Complete 
| 265|0x0000000090900000, 0x0000000090a00000, 0x0000000090a00000|100%| E|CS|TAMS 0x0000000090900000, 0x0000000090900000| Complete 
| 266|0x0000000090a00000, 0x0000000090b00000, 0x0000000090b00000|100%| E|CS|TAMS 0x0000000090a00000, 0x0000000090a00000| Complete 
| 267|0x0000000090b00000, 0x0000000090c00000, 0x0000000090c00000|100%| E|CS|TAMS 0x0000000090b00000, 0x0000000090b00000| Complete 
| 268|0x0000000090c00000, 0x0000000090d00000, 0x0000000090d00000|100%| E|CS|TAMS 0x0000000090c00000, 0x0000000090c00000| Complete 
| 269|0x0000000090d00000, 0x0000000090e00000, 0x0000000090e00000|100%| E|CS|TAMS 0x0000000090d00000, 0x0000000090d00000| Complete 

Card table byte_map: [0x000001d235c40000,0x000001d236040000] _byte_map_base: 0x000001d235840000

Marking Bits (Prev, Next): (CMBitMap*) 0x000001d21bc43d58, (CMBitMap*) 0x000001d21bc43d98
 Prev Bits: [0x000001d236440000, 0x000001d238440000)
 Next Bits: [0x000001d238440000, 0x000001d23a440000)

Polling page: 0x000001d21bce0000

Metaspace:

Usage:
  Non-class:     77.95 MB capacity,    76.24 MB ( 98%) used,     1.48 MB (  2%) free+waste,   240.56 KB ( <1%) overhead. 
      Class:     12.04 MB capacity,    11.21 MB ( 93%) used,   740.25 KB (  6%) free+waste,   109.00 KB ( <1%) overhead. 
       Both:     90.00 MB capacity,    87.45 MB ( 97%) used,     2.20 MB (  2%) free+waste,   349.56 KB ( <1%) overhead. 

Virtual space:
  Non-class space:       78.00 MB reserved,      78.00 MB (100%) committed 
      Class space:        1.00 GB reserved,      12.13 MB (  1%) committed 
             Both:        1.08 GB reserved,      90.13 MB (  8%) committed 

Chunk freelists:
   Non-Class:  48.00 KB
       Class:  21.00 KB
        Both:  69.00 KB

MaxMetaspaceSize: 17179869184.00 GB
CompressedClassSpaceSize: 1.00 GB

CodeHeap 'non-profiled nmethods': size=120000Kb used=7782Kb max_used=7782Kb free=112218Kb
 bounds [0x000001d22d680000, 0x000001d22de20000, 0x000001d234bb0000]
CodeHeap 'profiled nmethods': size=120000Kb used=24611Kb max_used=24611Kb free=95388Kb
 bounds [0x000001d226150000, 0x000001d227960000, 0x000001d22d680000]
CodeHeap 'non-nmethods': size=5760Kb used=2515Kb max_used=2620Kb free=3244Kb
 bounds [0x000001d225bb0000, 0x000001d225e50000, 0x000001d226150000]
 total_blobs=12228 nmethods=11194 adapters=946
 compilation: enabled
              stopped_count=0, restarted_count=0
 full_count=0

Compilation events (20 events):
Event: 225.453 Thread 0x000001d23d9a4800 12642       3       java.util.HashMap::removeNode (291 bytes)
Event: 225.455 Thread 0x000001d23d9a4800 nmethod 12642 0x000001d227954710 code [0x000001d2279549c0, 0x000001d227955eb8]
Event: 225.455 Thread 0x000001d23d9a4800 12643       3       org.gradle.internal.hash.HashCode::toByteArray (11 bytes)
Event: 225.456 Thread 0x000001d23d9a4800 nmethod 12643 0x000001d227956490 code [0x000001d227956640, 0x000001d227956928]
Event: 225.456 Thread 0x000001d23d9a4800 12644       3       org.gradle.internal.serialize.HashCodeSerializer::write (22 bytes)
Event: 225.457 Thread 0x000001d23d9a4800 nmethod 12644 0x000001d227956a10 code [0x000001d227956c00, 0x000001d227957268]
Event: 225.457 Thread 0x000001d23d9a4800 12645       3       org.gradle.internal.serialize.AbstractEncoder::writeBytes (9 bytes)
Event: 225.457 Thread 0x000001d23d9a4800 nmethod 12645 0x000001d227957490 code [0x000001d227957640, 0x000001d227957828]
Event: 225.459 Thread 0x000001d244821800 12646       4       org.gradle.internal.snapshot.SnapshotUtil$$Lambda$238/0x0000000800f80840::compareTo (16 bytes)
Event: 225.461 Thread 0x000001d244821800 nmethod 12646 0x000001d22de18a90 code [0x000001d22de18c40, 0x000001d22de18dc8]
Event: 225.465 Thread 0x000001d244821800 12647       4       com.google.common.collect.CompactHashMap::entrySet (24 bytes)
Event: 225.465 Thread 0x000001d23d9a3800 12648       4       com.google.common.collect.ImmutableMultimap$1::hasNext (30 bytes)
Event: 225.467 Thread 0x000001d23d9a3800 nmethod 12648 0x000001d22de18f10 code [0x000001d22de190c0, 0x000001d22de19258]
Event: 225.467 Thread 0x000001d244821800 nmethod 12647 0x000001d22de19390 code [0x000001d22de19520, 0x000001d22de196f8]
Event: 225.468 Thread 0x000001d244821800 12649       4       org.gradle.internal.fingerprint.classpath.impl.ClasspathFingerprintingStrategy$ClasspathFingerprintVisitor::visit (61 bytes)
Event: 225.468 Thread 0x000001d23d9a3800 12650       4       org.gradle.internal.fingerprint.classpath.impl.ClasspathFingerprintingStrategy$ClasspathContentFingerprintingVisitor::visitFile (69 bytes)
Event: 225.470 Thread 0x000001d23d9a4800 12651       3       java.io.FileDescriptor::setHandle (33 bytes)
Event: 225.471 Thread 0x000001d23d9a4800 nmethod 12651 0x000001d227957910 code [0x000001d227957ac0, 0x000001d227957d68]
Event: 225.471 Thread 0x000001d23d9a4800 12652       3       org.gradle.execution.plan.DefaultExecutionPlan::updateAllDependenciesCompleteForPredecessors (61 bytes)
Event: 225.471 Thread 0x000001d23d9a4800 nmethod 12652 0x000001d227957e90 code [0x000001d2279580c0, 0x000001d227958c28]

GC Heap History (20 events):
Event: 10.467 GC heap before
{Heap before GC invocations=20 (full 0):
 garbage-first heap   total 186368K, used 141698K [0x0000000080000000, 0x0000000100000000)
  region size 1024K, 38 young (38912K), 5 survivors (5120K)
 Metaspace       used 69461K, capacity 71618K, committed 71808K, reserved 1112064K
  class space    used 9363K, capacity 10083K, committed 10112K, reserved 1048576K
}
Event: 10.471 GC heap after
{Heap after GC invocations=21 (full 0):
 garbage-first heap   total 186368K, used 110627K [0x0000000080000000, 0x0000000100000000)
  region size 1024K, 4 young (4096K), 4 survivors (4096K)
 Metaspace       used 69461K, capacity 71618K, committed 71808K, reserved 1112064K
  class space    used 9363K, capacity 10083K, committed 10112K, reserved 1048576K
}
Event: 10.890 GC heap before
{Heap before GC invocations=21 (full 0):
 garbage-first heap   total 186368K, used 147491K [0x0000000080000000, 0x0000000100000000)
  region size 1024K, 40 young (40960K), 4 survivors (4096K)
 Metaspace       used 71563K, capacity 73789K, committed 73984K, reserved 1112064K
  class space    used 9654K, capacity 10378K, committed 10496K, reserved 1048576K
}
Event: 10.894 GC heap after
{Heap after GC invocations=22 (full 0):
 garbage-first heap   total 186368K, used 112600K [0x0000000080000000, 0x0000000100000000)
  region size 1024K, 4 young (4096K), 4 survivors (4096K)
 Metaspace       used 71563K, capacity 73789K, committed 73984K, reserved 1112064K
  class space    used 9654K, capacity 10378K, committed 10496K, reserved 1048576K
}
Event: 11.353 GC heap before
{Heap before GC invocations=23 (full 0):
 garbage-first heap   total 198656K, used 148440K [0x0000000080000000, 0x0000000100000000)
  region size 1024K, 40 young (40960K), 4 survivors (4096K)
 Metaspace       used 74233K, capacity 76486K, committed 76800K, reserved 1116160K
  class space    used 9940K, capacity 10683K, committed 10752K, reserved 1048576K
}
Event: 11.357 GC heap after
{Heap after GC invocations=24 (full 0):
 garbage-first heap   total 198656K, used 115312K [0x0000000080000000, 0x0000000100000000)
  region size 1024K, 5 young (5120K), 5 survivors (5120K)
 Metaspace       used 74233K, capacity 76486K, committed 76800K, reserved 1116160K
  class space    used 9940K, capacity 10683K, committed 10752K, reserved 1048576K
}
Event: 11.681 GC heap before
{Heap before GC invocations=24 (full 0):
 garbage-first heap   total 198656K, used 159344K [0x0000000080000000, 0x0000000100000000)
  region size 1024K, 49 young (50176K), 5 survivors (5120K)
 Metaspace       used 77310K, capacity 79495K, committed 79744K, reserved 1118208K
  class space    used 10360K, capacity 11104K, committed 11136K, reserved 1048576K
}
Event: 11.688 GC heap after
{Heap after GC invocations=25 (full 0):
 garbage-first heap   total 198656K, used 119102K [0x0000000080000000, 0x0000000100000000)
  region size 1024K, 7 young (7168K), 7 survivors (7168K)
 Metaspace       used 77310K, capacity 79495K, committed 79744K, reserved 1118208K
  class space    used 10360K, capacity 11104K, committed 11136K, reserved 1048576K
}
Event: 221.635 GC heap before
{Heap before GC invocations=26 (full 0):
 garbage-first heap   total 206848K, used 160062K [0x0000000080000000, 0x0000000100000000)
  region size 1024K, 48 young (49152K), 7 survivors (7168K)
 Metaspace       used 81702K, capacity 84055K, committed 84352K, reserved 1122304K
  class space    used 10648K, capacity 11423K, committed 11648K, reserved 1048576K
}
Event: 221.641 GC heap after
{Heap after GC invocations=27 (full 0):
 garbage-first heap   total 206848K, used 122169K [0x0000000080000000, 0x0000000100000000)
  region size 1024K, 4 young (4096K), 4 survivors (4096K)
 Metaspace       used 81702K, capacity 84055K, committed 84352K, reserved 1122304K
  class space    used 10648K, capacity 11423K, committed 11648K, reserved 1048576K
}
Event: 222.136 GC heap before
{Heap before GC invocations=27 (full 0):
 garbage-first heap   total 206848K, used 169273K [0x0000000080000000, 0x0000000100000000)
  region size 1024K, 50 young (51200K), 4 survivors (4096K)
 Metaspace       used 82812K, capacity 85137K, committed 85376K, reserved 1122304K
  class space    used 10783K, capacity 11541K, committed 11648K, reserved 1048576K
}
Event: 222.143 GC heap after
{Heap after GC invocations=28 (full 0):
 garbage-first heap   total 206848K, used 128881K [0x0000000080000000, 0x0000000100000000)
  region size 1024K, 7 young (7168K), 7 survivors (7168K)
 Metaspace       used 82812K, capacity 85137K, committed 85376K, reserved 1122304K
  class space    used 10783K, capacity 11541K, committed 11648K, reserved 1048576K
}
Event: 222.773 GC heap before
{Heap before GC invocations=29 (full 0):
 garbage-first heap   total 227328K, used 166769K [0x0000000080000000, 0x0000000100000000)
  region size 1024K, 45 young (46080K), 7 survivors (7168K)
 Metaspace       used 83337K, capacity 85714K, committed 86016K, reserved 1124352K
  class space    used 10849K, capacity 11658K, committed 11776K, reserved 1048576K
}
Event: 222.780 GC heap after
{Heap after GC invocations=30 (full 0):
 garbage-first heap   total 227328K, used 132464K [0x0000000080000000, 0x0000000100000000)
  region size 1024K, 4 young (4096K), 4 survivors (4096K)
 Metaspace       used 83337K, capacity 85714K, committed 86016K, reserved 1124352K
  class space    used 10849K, capacity 11658K, committed 11776K, reserved 1048576K
}
Event: 223.956 GC heap before
{Heap before GC invocations=30 (full 0):
 garbage-first heap   total 227328K, used 183664K [0x0000000080000000, 0x0000000100000000)
  region size 1024K, 55 young (56320K), 4 survivors (4096K)
 Metaspace       used 85009K, capacity 87476K, committed 87680K, reserved 1124352K
  class space    used 11064K, capacity 11883K, committed 11904K, reserved 1048576K
}
Event: 223.961 GC heap after
{Heap after GC invocations=31 (full 0):
 garbage-first heap   total 227328K, used 135193K [0x0000000080000000, 0x0000000100000000)
  region size 1024K, 6 young (6144K), 6 survivors (6144K)
 Metaspace       used 85009K, capacity 87476K, committed 87680K, reserved 1124352K
  class space    used 11064K, capacity 11883K, committed 11904K, reserved 1048576K
}
Event: 224.489 GC heap before
{Heap before GC invocations=32 (full 0):
 garbage-first heap   total 232448K, used 184345K [0x0000000080000000, 0x0000000100000000)
  region size 1024K, 56 young (57344K), 6 survivors (6144K)
 Metaspace       used 86095K, capacity 88643K, committed 88832K, reserved 1126400K
  class space    used 11141K, capacity 11972K, committed 12032K, reserved 1048576K
}
Event: 224.499 GC heap after
{Heap after GC invocations=33 (full 0):
 garbage-first heap   total 232448K, used 146031K [0x0000000080000000, 0x0000000100000000)
  region size 1024K, 8 young (8192K), 8 survivors (8192K)
 Metaspace       used 86095K, capacity 88643K, committed 88832K, reserved 1126400K
  class space    used 11141K, capacity 11972K, committed 12032K, reserved 1048576K
}
Event: 224.926 GC heap before
{Heap before GC invocations=34 (full 0):
 garbage-first heap   total 258048K, used 175727K [0x0000000080000000, 0x0000000100000000)
  region size 1024K, 35 young (35840K), 8 survivors (8192K)
 Metaspace       used 88471K, capacity 91007K, committed 91136K, reserved 1128448K
  class space    used 11376K, capacity 12205K, committed 12288K, reserved 1048576K
}
Event: 224.935 GC heap after
{Heap after GC invocations=35 (full 0):
 garbage-first heap   total 258048K, used 153223K [0x0000000080000000, 0x0000000100000000)
  region size 1024K, 7 young (7168K), 7 survivors (7168K)
 Metaspace       used 88471K, capacity 91007K, committed 91136K, reserved 1128448K
  class space    used 11376K, capacity 12205K, committed 12288K, reserved 1048576K
}

Deoptimization events (20 events):
Event: 225.343 Thread 0x000001d242ce7800 DEOPT PACKING pc=0x000001d22dbf2fa8 sp=0x0000001845cfa950
Event: 225.343 Thread 0x000001d242ce7800 DEOPT UNPACKING pc=0x000001d225bf912f sp=0x0000001845cfa8e8 mode 2
Event: 225.359 Thread 0x000001d242ce7800 Uncommon trap: trap_request=0xffffff45 fr.pc=0x000001d22dc1e108 relative=0x0000000000001368
Event: 225.359 Thread 0x000001d242ce7800 Uncommon trap: reason=unstable_if action=reinterpret pc=0x000001d22dc1e108 method=sun.nio.fs.WindowsPathParser.isSlash(C)Z @ 9 c2
Event: 225.359 Thread 0x000001d242ce7800 DEOPT PACKING pc=0x000001d22dc1e108 sp=0x0000001845cfaaa0
Event: 225.359 Thread 0x000001d242ce7800 DEOPT UNPACKING pc=0x000001d225bf912f sp=0x0000001845cfaa00 mode 2
Event: 225.359 Thread 0x000001d242ce7800 Uncommon trap: trap_request=0xffffff45 fr.pc=0x000001d22d703d34 relative=0x0000000000001474
Event: 225.359 Thread 0x000001d242ce7800 Uncommon trap: reason=unstable_if action=reinterpret pc=0x000001d22d703d34 method=sun.nio.fs.WindowsPathParser.isSlash(C)Z @ 9 c2
Event: 225.359 Thread 0x000001d242ce7800 DEOPT PACKING pc=0x000001d22d703d34 sp=0x0000001845cfa9a0
Event: 225.359 Thread 0x000001d242ce7800 DEOPT UNPACKING pc=0x000001d225bf912f sp=0x0000001845cfa948 mode 2
Event: 225.359 Thread 0x000001d242ce7800 Uncommon trap: trap_request=0xffffff45 fr.pc=0x000001d22d6994dc relative=0x000000000000003c
Event: 225.359 Thread 0x000001d242ce7800 Uncommon trap: reason=unstable_if action=reinterpret pc=0x000001d22d6994dc method=sun.nio.fs.WindowsPathParser.isSlash(C)Z @ 9 c2
Event: 225.359 Thread 0x000001d242ce7800 DEOPT PACKING pc=0x000001d22d6994dc sp=0x0000001845cfa9b0
Event: 225.359 Thread 0x000001d242ce7800 DEOPT UNPACKING pc=0x000001d225bf912f sp=0x0000001845cfa938 mode 2
Event: 225.452 Thread 0x000001d246fbf000 DEOPT PACKING pc=0x000001d2278bc5e9 sp=0x00000018466fe090
Event: 225.452 Thread 0x000001d246fbf000 DEOPT UNPACKING pc=0x000001d225bf964e sp=0x00000018466fd530 mode 0
Event: 225.460 Thread 0x000001d242ce6800 DEOPT PACKING pc=0x000001d227943e9c sp=0x0000001845ffc310
Event: 225.460 Thread 0x000001d242ce6800 DEOPT UNPACKING pc=0x000001d225bf964e sp=0x0000001845ffb8b0 mode 0
Event: 225.465 Thread 0x000001d246590800 DEOPT PACKING pc=0x000001d2279543e6 sp=0x00000018436fef60
Event: 225.465 Thread 0x000001d246590800 DEOPT UNPACKING pc=0x000001d225bf964e sp=0x00000018436fe400 mode 0

Classes unloaded (20 events):
Event: 224.986 Thread 0x000001d23d984000 Unloading class 0x00000008014e5c40 'org/gradle/api/internal/artifacts/transform/TransformationNode$ChainedTransformationNode$1$$Lambda$955'
Event: 224.986 Thread 0x000001d23d984000 Unloading class 0x00000008014e5840 'org/gradle/api/internal/artifacts/transform/TransformationNode$ChainedTransformationNode$1$$Lambda$960'
Event: 224.986 Thread 0x000001d23d984000 Unloading class 0x00000008014e6440 'org/gradle/api/internal/artifacts/transform/TransformationNode$ChainedTransformationNode$1$$Lambda$965'
Event: 224.986 Thread 0x000001d23d984000 Unloading class 0x00000008014e6040 'org/gradle/api/internal/artifacts/transform/TransformationNode$ChainedTransformationNode$1$$Lambda$964'
Event: 224.986 Thread 0x000001d23d984000 Unloading class 0x00000008014e6840 'org/gradle/api/internal/artifacts/transform/TransformationNode$ChainedTransformationNode$1$$Lambda$962'
Event: 224.986 Thread 0x000001d23d984000 Unloading class 0x00000008014e7c40 'org/gradle/api/internal/artifacts/transform/TransformationNode$ChainedTransformationNode$1$$Lambda$961'
Event: 224.986 Thread 0x000001d23d984000 Unloading class 0x00000008014e7840 'org/gradle/api/internal/artifacts/transform/TransformationNode$ChainedTransformationNode$1$$Lambda$958'
Event: 224.986 Thread 0x000001d23d984000 Unloading class 0x00000008014e8440 'org/gradle/api/internal/artifacts/transform/TransformationNode$ChainedTransformationNode$1$$Lambda$957'
Event: 224.986 Thread 0x000001d23d984000 Unloading class 0x00000008014e8040 'org/gradle/api/internal/artifacts/transform/TransformationNode$ChainedTransformationNode$1$$Lambda$959'
Event: 224.986 Thread 0x000001d23d984000 Unloading class 0x00000008014e8c40 'org/gradle/api/internal/artifacts/transform/TransformationNode$ArtifactTransformationStepBuildOperation$$Lambda$944'
Event: 224.986 Thread 0x000001d23d984000 Unloading class 0x00000008014e8840 'org/gradle/api/internal/artifacts/transform/TransformationNode$ArtifactTransformationStepBuildOperation$$Lambda$954'
Event: 224.986 Thread 0x000001d23d984000 Unloading class 0x00000008014e9c40 'org/gradle/api/internal/artifacts/transform/TransformationNode$ArtifactTransformationStepBuildOperation$$Lambda$953'
Event: 224.986 Thread 0x000001d23d984000 Unloading class 0x00000008014e9840 'org/gradle/api/internal/artifacts/transform/TransformationNode$ArtifactTransformationStepBuildOperation$$Lambda$948'
Event: 224.986 Thread 0x000001d23d984000 Unloading class 0x00000008014ea440 'org/gradle/api/internal/artifacts/transform/TransformationNode$ArtifactTransformationStepBuildOperation$$Lambda$952'
Event: 224.986 Thread 0x000001d23d984000 Unloading class 0x00000008014ea040 'org/gradle/api/internal/artifacts/transform/TransformationNode$ArtifactTransformationStepBuildOperation$$Lambda$951'
Event: 224.986 Thread 0x000001d23d984000 Unloading class 0x00000008014eb440 'org/gradle/api/internal/artifacts/transform/TransformationNode$ArtifactTransformationStepBuildOperation$$Lambda$950'
Event: 224.986 Thread 0x000001d23d984000 Unloading class 0x00000008014ebc40 'org/gradle/api/internal/artifacts/transform/TransformationNode$ArtifactTransformationStepBuildOperation$$Lambda$945'
Event: 224.986 Thread 0x000001d23d984000 Unloading class 0x00000008014eb840 'org/gradle/api/internal/artifacts/transform/TransformationNode$ArtifactTransformationStepBuildOperation$$Lambda$947'
Event: 224.986 Thread 0x000001d23d984000 Unloading class 0x00000008014ec440 'org/gradle/api/internal/artifacts/transform/TransformationNode$ArtifactTransformationStepBuildOperation$$Lambda$946'
Event: 224.986 Thread 0x000001d23d984000 Unloading class 0x00000008014ec040 'org/gradle/api/internal/artifacts/transform/TransformationNode$ArtifactTransformationStepBuildOperation$$Lambda$943'

Classes redefined (0 events):
No events

Internal exceptions (20 events):
Event: 224.426 Thread 0x000001d23f602000 Exception <a 'java/lang/NoSuchMethodError'{0x000000008b9ef638}: static Lcom/android/build/gradle/internal/LoggerWrapper$LoggerSupplier;.<clinit>()V> (0x000000008b9ef638) 
thrown [./open/src/hotspot/share/prims/jni.cpp, line 1348]
Event: 224.474 Thread 0x000001d23f602000 Implicit null exception at 0x000001d22d9ec27c to 0x000001d22d9ec32d
Event: 224.534 Thread 0x000001d246fc0000 Exception <a 'java/lang/ClassNotFoundException'{0x000000008e15e1b0}: sun/awt/resources/spi/awtProvider> (0x000000008e15e1b0) 
thrown [./open/src/hotspot/share/classfile/systemDictionary.cpp, line 226]
Event: 224.537 Thread 0x000001d246fc0000 Exception <a 'java/io/FileNotFoundException'{0x000000008e1fc490}> (0x000000008e1fc490) 
thrown [./open/src/hotspot/share/prims/jni.cpp, line 599]
Event: 224.538 Thread 0x000001d246fc0000 Exception <a 'java/io/FileNotFoundException'{0x000000008e1fe350}> (0x000000008e1fe350) 
thrown [./open/src/hotspot/share/prims/jni.cpp, line 599]
Event: 224.973 Thread 0x000001d23f602000 Exception <a 'java/lang/NoSuchMethodError'{0x000000008fa1bc18}: static Lcom/android/build/gradle/internal/res/Aapt2CompileRunnable$Params;.<clinit>()V> (0x000000008fa1bc18) 
thrown [./open/src/hotspot/share/prims/jni.cpp, line 1348]
Event: 224.974 Thread 0x000001d23f602000 Exception <a 'java/lang/NoSuchMethodError'{0x000000008fa2b2f0}: static Lcom/android/build/gradle/internal/services/Aapt2DaemonServiceKey;.<clinit>()V> (0x000000008fa2b2f0) 
thrown [./open/src/hotspot/share/prims/jni.cpp, line 1348]
Event: 224.976 Thread 0x000001d23f602000 Exception <a 'java/lang/NoSuchMethodError'{0x000000008fa3d2a0}: static Lcom/android/ide/common/resources/CompileResourceRequest;.<clinit>()V> (0x000000008fa3d2a0) 
thrown [./open/src/hotspot/share/prims/jni.cpp, line 1348]
Event: 224.980 Thread 0x000001d23f602000 Exception <a 'java/lang/NoSuchMethodError'{0x000000008fa92e28}: static Ljava/lang/Object;.<clinit>()V> (0x000000008fa92e28) 
thrown [./open/src/hotspot/share/prims/jni.cpp, line 1348]
Event: 224.980 Thread 0x000001d23f602000 Exception <a 'java/lang/NoSuchMethodError'{0x000000008faa4610}: static Ljava/lang/Object;.<clinit>()V> (0x000000008faa4610) 
thrown [./open/src/hotspot/share/prims/jni.cpp, line 1348]
Event: 224.981 Thread 0x000001d23f602000 Exception <a 'java/lang/NoSuchMethodError'{0x000000008fab4ea0}: static Ljava/lang/Object;.<clinit>()V> (0x000000008fab4ea0) 
thrown [./open/src/hotspot/share/prims/jni.cpp, line 1348]
Event: 225.014 Thread 0x000001d246596800 Implicit null exception at 0x000001d22dc8a946 to 0x000001d22dc8b5c8
Event: 225.073 Thread 0x000001d246fc5000 Exception <a 'java/lang/NoSuchMethodError'{0x0000000090833e78}: 'void java.lang.invoke.DirectMethodHandle$Holder.invokeStatic(java.lang.Object, long)'> (0x0000000090833e78) 
thrown [./open/src/hotspot/share/interpreter/linkResolver.cpp, line 766]
Event: 225.075 Thread 0x000001d246fc5000 Exception <a 'java/lang/NoSuchMethodError'{0x00000000900ebac0}: 'java.lang.Object java.lang.invoke.DirectMethodHandle$Holder.invokeStatic(java.lang.Object, java.lang.Object, long, java.lang.Object)'> (0x00000000900ebac0) 
thrown [./open/src/hotspot/share/interpreter/linkResolver.cpp, line 766]
Event: 225.075 Thread 0x000001d246fc5000 Exception <a 'java/lang/NoSuchMethodError'{0x00000000900f4c68}: 'java.lang.Object java.lang.invoke.DirectMethodHandle$Holder.invokeStaticInit(java.lang.Object, java.lang.Object, long, java.lang.Object)'> (0x00000000900f4c68) 
thrown [./open/src/hotspot/share/interpreter/linkResolver.cpp, line 766]
Event: 225.166 Thread 0x000001d242ce7800 Exception <a 'sun/nio/fs/WindowsException'{0x000000008fc039b0}> (0x000000008fc039b0) 
thrown [./open/src/hotspot/share/prims/jni.cpp, line 599]
Event: 225.166 Thread 0x000001d242ce7800 Exception <a 'sun/nio/fs/WindowsException'{0x000000008fc045d8}> (0x000000008fc045d8) 
thrown [./open/src/hotspot/share/prims/jni.cpp, line 599]
Event: 225.166 Thread 0x000001d242ce7800 Exception <a 'sun/nio/fs/WindowsException'{0x000000008fc04930}> (0x000000008fc04930) 
thrown [./open/src/hotspot/share/prims/jni.cpp, line 599]
Event: 225.166 Thread 0x000001d242ce7800 Exception <a 'sun/nio/fs/WindowsException'{0x000000008fc05770}> (0x000000008fc05770) 
thrown [./open/src/hotspot/share/prims/jni.cpp, line 599]
Event: 225.282 Thread 0x000001d242ce7800 Implicit null exception at 0x000001d22dbe122c to 0x000001d22dbe1278

Events (20 events):
Event: 225.092 Thread 0x000001d23fc9c800 Thread added: 0x000001d23fc9c800
Event: 225.093 Thread 0x000001d23fc9d800 Thread added: 0x000001d23fc9d800
Event: 225.098 Thread 0x000001d23fc97800 Thread added: 0x000001d23fc97800
Event: 225.098 Thread 0x000001d23fca0800 Thread added: 0x000001d23fca0800
Event: 225.101 Thread 0x000001d23fc9e000 Thread added: 0x000001d23fc9e000
Event: 225.101 Thread 0x000001d23fc9f000 Thread added: 0x000001d23fc9f000
Event: 225.159 Executing VM operation: HandshakeOneThread
Event: 225.159 Executing VM operation: HandshakeOneThread done
Event: 225.171 Executing VM operation: HandshakeOneThread
Event: 225.171 Executing VM operation: HandshakeOneThread done
Event: 225.171 Executing VM operation: BulkRevokeBias
Event: 225.173 Executing VM operation: BulkRevokeBias done
Event: 225.293 Executing VM operation: HandshakeAllThreads
Event: 225.293 Executing VM operation: HandshakeAllThreads done
Event: 225.317 loading class java/util/TreeMap$DescendingSubMap$DescendingEntrySetView
Event: 225.318 loading class java/util/TreeMap$NavigableSubMap$EntrySetView
Event: 225.318 loading class java/util/TreeMap$NavigableSubMap$EntrySetView done
Event: 225.318 loading class java/util/TreeMap$DescendingSubMap$DescendingEntrySetView done
Event: 225.318 loading class java/util/TreeMap$NavigableSubMap$DescendingSubMapEntryIterator
Event: 225.318 loading class java/util/TreeMap$NavigableSubMap$DescendingSubMapEntryIterator done


Dynamic libraries:
0x00007ff747e90000 - 0x00007ff747e9d000 	C:\Users\Darius\Desktop\jdk-14.0.2\bin\java.exe
0x00007ffd781b0000 - 0x00007ffd783a8000 	C:\WINDOWS\SYSTEM32\ntdll.dll
0x00007ffd771d0000 - 0x00007ffd7728d000 	C:\WINDOWS\System32\KERNEL32.DLL
0x00007ffd75bd0000 - 0x00007ffd75ec6000 	C:\WINDOWS\System32\KERNELBASE.dll
0x00007ffd758c0000 - 0x00007ffd759c0000 	C:\WINDOWS\System32\ucrtbase.dll
0x00007ffd59be0000 - 0x00007ffd59bf8000 	C:\Users\Darius\Desktop\jdk-14.0.2\bin\jli.dll
0x00007ffd598c0000 - 0x00007ffd598d5000 	C:\Users\Darius\Desktop\jdk-14.0.2\bin\VCRUNTIME140.dll
0x00007ffd77e40000 - 0x00007ffd77fde000 	C:\WINDOWS\System32\USER32.dll
0x00007ffd75890000 - 0x00007ffd758b2000 	C:\WINDOWS\System32\win32u.dll
0x00007ffd767b0000 - 0x00007ffd767dc000 	C:\WINDOWS\System32\GDI32.dll
0x00007ffd76030000 - 0x00007ffd7614a000 	C:\WINDOWS\System32\gdi32full.dll
0x00007ffd61590000 - 0x00007ffd6182a000 	C:\WINDOWS\WinSxS\amd64_microsoft.windows.common-controls_6595b64144ccf1df_6.0.19041.1110_none_60b5254171f9507e\COMCTL32.dll
0x00007ffd75a50000 - 0x00007ffd75aed000 	C:\WINDOWS\System32\msvcp_win.dll
0x00007ffd775c0000 - 0x00007ffd7765e000 	C:\WINDOWS\System32\msvcrt.dll
0x00007ffd76420000 - 0x00007ffd76450000 	C:\WINDOWS\System32\IMM32.DLL
0x00007ffd4ad60000 - 0x00007ffd4adfb000 	C:\Users\Darius\Desktop\jdk-14.0.2\bin\msvcp140.dll
0x00007ffd32780000 - 0x00007ffd3329e000 	C:\Users\Darius\Desktop\jdk-14.0.2\bin\server\jvm.dll
0x00007ffd77660000 - 0x00007ffd7770e000 	C:\WINDOWS\System32\ADVAPI32.dll
0x00007ffd77710000 - 0x00007ffd777ac000 	C:\WINDOWS\System32\sechost.dll
0x00007ffd78040000 - 0x00007ffd78166000 	C:\WINDOWS\System32\RPCRT4.dll
0x00007ffd77d60000 - 0x00007ffd77d68000 	C:\WINDOWS\System32\PSAPI.DLL
0x00007ffd5b6b0000 - 0x00007ffd5b6b9000 	C:\WINDOWS\SYSTEM32\WSOCK32.dll
0x00007ffd77030000 - 0x00007ffd7709b000 	C:\WINDOWS\System32\WS2_32.dll
0x00007ffd65ef0000 - 0x00007ffd65f17000 	C:\WINDOWS\SYSTEM32\WINMM.dll
0x00007ffd6d1c0000 - 0x00007ffd6d1ca000 	C:\WINDOWS\SYSTEM32\VERSION.dll
0x00007ffd73740000 - 0x00007ffd73752000 	C:\WINDOWS\SYSTEM32\kernel.appcore.dll
0x00007ffd5bac0000 - 0x00007ffd5baca000 	C:\Users\Darius\Desktop\jdk-14.0.2\bin\jimage.dll
0x00007ffd62d70000 - 0x00007ffd62f54000 	C:\WINDOWS\SYSTEM32\DBGHELP.DLL
0x00007ffd5af90000 - 0x00007ffd5afc4000 	C:\WINDOWS\SYSTEM32\dbgcore.DLL
0x00007ffd759c0000 - 0x00007ffd75a42000 	C:\WINDOWS\System32\bcryptPrimitives.dll
0x00007ffd59780000 - 0x00007ffd597a5000 	C:\Users\Darius\Desktop\jdk-14.0.2\bin\java.dll
0x00007ffd556e0000 - 0x00007ffd556f6000 	C:\Users\Darius\Desktop\jdk-14.0.2\bin\zip.dll
0x00007ffd767e0000 - 0x00007ffd76f25000 	C:\WINDOWS\System32\SHELL32.dll
0x00007ffd73940000 - 0x00007ffd740db000 	C:\WINDOWS\SYSTEM32\windows.storage.dll
0x00007ffd76450000 - 0x00007ffd767a4000 	C:\WINDOWS\System32\combase.dll
0x00007ffd75260000 - 0x00007ffd7528e000 	C:\WINDOWS\SYSTEM32\Wldp.dll
0x00007ffd76210000 - 0x00007ffd762bd000 	C:\WINDOWS\System32\SHCORE.dll
0x00007ffd77560000 - 0x00007ffd775b5000 	C:\WINDOWS\System32\shlwapi.dll
0x00007ffd757c0000 - 0x00007ffd757e5000 	C:\WINDOWS\SYSTEM32\profapi.dll
0x00007ffd556c0000 - 0x00007ffd556d9000 	C:\Users\Darius\Desktop\jdk-14.0.2\bin\net.dll
0x00007ffd6d060000 - 0x00007ffd6d16a000 	C:\WINDOWS\SYSTEM32\WINHTTP.dll
0x00007ffd74f60000 - 0x00007ffd74fca000 	C:\WINDOWS\system32\mswsock.dll
0x00007ffd546c0000 - 0x00007ffd546d2000 	C:\Users\Darius\Desktop\jdk-14.0.2\bin\nio.dll
0x00007ffd5b980000 - 0x00007ffd5b990000 	C:\Users\Darius\Desktop\jdk-14.0.2\bin\verify.dll
0x00007ffd5c7a0000 - 0x00007ffd5c7c7000 	C:\Users\Darius\.gradle\native\c976cfcca226fdd4bee4412e95191dd41148b7504f9625baeda1d523bc39a967\windows-amd64\native-platform.dll
0x00007ffd5b8a0000 - 0x00007ffd5b8a9000 	C:\Users\Darius\Desktop\jdk-14.0.2\bin\management.dll
0x00007ffd5b2a0000 - 0x00007ffd5b2ab000 	C:\Users\Darius\Desktop\jdk-14.0.2\bin\management_ext.dll
0x00007ffd75150000 - 0x00007ffd75168000 	C:\WINDOWS\SYSTEM32\CRYPTSP.dll
0x00007ffd74870000 - 0x00007ffd748a4000 	C:\WINDOWS\system32\rsaenh.dll
0x00007ffd75af0000 - 0x00007ffd75b17000 	C:\WINDOWS\System32\bcrypt.dll
0x00007ffd75740000 - 0x00007ffd7576e000 	C:\WINDOWS\SYSTEM32\USERENV.dll
0x00007ffd75170000 - 0x00007ffd7517c000 	C:\WINDOWS\SYSTEM32\CRYPTBASE.dll
0x00007ffd74c50000 - 0x00007ffd74c8b000 	C:\WINDOWS\SYSTEM32\IPHLPAPI.DLL
0x00007ffd77860000 - 0x00007ffd77868000 	C:\WINDOWS\System32\NSI.dll
0x00007ffd6dfc0000 - 0x00007ffd6dfd7000 	C:\WINDOWS\SYSTEM32\dhcpcsvc6.DLL
0x00007ffd6df80000 - 0x00007ffd6df9d000 	C:\WINDOWS\SYSTEM32\dhcpcsvc.DLL
0x00007ffd74c90000 - 0x00007ffd74d5a000 	C:\WINDOWS\SYSTEM32\DNSAPI.dll
0x00007ffd41160000 - 0x00007ffd412f8000 	C:\Users\Darius\Desktop\jdk-14.0.2\bin\awt.dll
0x00007ffd77d70000 - 0x00007ffd77e3d000 	C:\WINDOWS\System32\OLEAUT32.dll
0x00007ffd73070000 - 0x00007ffd73101000 	C:\WINDOWS\SYSTEM32\apphelp.dll
0x00007ffd73560000 - 0x00007ffd7358f000 	C:\WINDOWS\system32\DWMAPI.DLL
0x00007ffd73270000 - 0x00007ffd7330e000 	C:\WINDOWS\system32\uxtheme.dll

dbghelp: loaded successfully - version: 4.0.5 - missing functions: none
symbol engine: initialized successfully - sym options: 0x614 - pdb path: .;C:\Users\Darius\Desktop\jdk-14.0.2\bin;C:\WINDOWS\SYSTEM32;C:\WINDOWS\WinSxS\amd64_microsoft.windows.common-controls_6595b64144ccf1df_6.0.19041.1110_none_60b5254171f9507e;C:\Users\Darius\Desktop\jdk-14.0.2\bin\server;C:\Users\Darius\.gradle\native\c976cfcca226fdd4bee4412e95191dd41148b7504f9625baeda1d523bc39a967\windows-amd64

VM Arguments:
jvm_args: --add-opens=java.base/java.util=ALL-UNNAMED --add-opens=java.base/java.lang=ALL-UNNAMED --add-opens=java.base/java.lang.invoke=ALL-UNNAMED --add-opens=java.prefs/java.util.prefs=ALL-UNNAMED -Xmx2048m -Dfile.encoding=windows-1252 -Duser.country=US -Duser.language=en -Duser.variant 
java_command: org.gradle.launcher.daemon.bootstrap.GradleDaemon 6.3
java_class_path (initial): C:\Users\Darius\.gradle\wrapper\dists\gradle-6.3-bin\8tpu6egwsccjzp10c1jckl0rx\gradle-6.3\lib\gradle-launcher-6.3.jar
Launcher Type: SUN_STANDARD

[Global flags]
     intx CICompilerCount                          = 4                                         {product} {ergonomic}
     uint ConcGCThreads                            = 3                                         {product} {ergonomic}
     uint G1ConcRefinementThreads                  = 10                                        {product} {ergonomic}
   size_t G1HeapRegionSize                         = 1048576                                   {product} {ergonomic}
    uintx GCDrainStackTargetSize                   = 64                                        {product} {ergonomic}
   size_t InitialHeapSize                          = 268435456                                 {product} {ergonomic}
   size_t MarkStackSize                            = 4194304                                   {product} {ergonomic}
   size_t MaxHeapSize                              = 2147483648                                {product} {command line}
   size_t MaxNewSize                               = 1287651328                                {product} {ergonomic}
   size_t MinHeapDeltaBytes                        = 1048576                                   {product} {ergonomic}
   size_t MinHeapSize                              = 8388608                                   {product} {ergonomic}
    uintx NonNMethodCodeHeapSize                   = 5839372                                {pd product} {ergonomic}
    uintx NonProfiledCodeHeapSize                  = 122909434                              {pd product} {ergonomic}
    uintx ProfiledCodeHeapSize                     = 122909434                              {pd product} {ergonomic}
    uintx ReservedCodeCacheSize                    = 251658240                              {pd product} {ergonomic}
     bool SegmentedCodeCache                       = true                                      {product} {ergonomic}
   size_t SoftMaxHeapSize                          = 2147483648                             {manageable} {ergonomic}
     bool UseCompressedClassPointers               = true                                 {lp64_product} {ergonomic}
     bool UseCompressedOops                        = true                                 {lp64_product} {ergonomic}
     bool UseG1GC                                  = true                                      {product} {ergonomic}
     bool UseLargePagesIndividualAllocation        = false                                  {pd product} {ergonomic}

Logging:
Log output configuration:
 #0: stdout all=warning uptime,level,tags
 #1: stderr all=off uptime,level,tags

Environment Variables:
PATH=C:\mo;C:\mo;C:\mo;C:\mo;C:\mo;C:\mo;C:\mo;C:\mo;C:\mo;C:\mo;C:\Program Files (x86)\Common Files\Oracle\Java\javapath;C:\Program Files (x86)\Intel\iCLS Client\;C:\Program Files\Intel\iCLS Client\;C:\Windows\system32;C:\Windows;C:\Windows\System32\Wbem;C:\Windows\System32\WindowsPowerShell\v1.0\;C:\Program Files (x86)\Intel\Intel(R) Management Engine Components\DAL;C:\Program Files\Intel\Intel(R) Management Engine Components\DAL;C:\Program Files (x86)\Intel\Intel(R) Management Engine Components\IPT;C:\Program Files\Intel\Intel(R) Management Engine Components\IPT;C:\Program Files (x86)\NVIDIA Corporation\PhysX\Common;C:\Program Files\Microsoft SQL Server\130\Tools\Binn\;C:\Program Files\dotnet\;C:\WINDOWS\system32;C:\WINDOWS;C:\WINDOWS\System32\Wbem;C:\WINDOWS\System32\WindowsPowerShell\v1.0\;C:\WINDOWS\System32\OpenSSH\;C:\Program Files\NVIDIA Corporation\NVIDIA NvDLISR;D:\File Viewer Lite\lib\magick;C:\Users\Darius\Desktop\java-se-8u41-ri\bin;C:\Users\Darius\Desktop\jdk-14.0.2\bin;C:\Users\Darius\AppData\Local;C:\Users\Darius\AppData\Local\Programs\Python\Python39\Scripts\;C:\Users\Darius\AppData\Local\Programs\Python\Python39\;C:\Users\Darius\AppData\Local\Programs\Python\Python38\Scripts\;C:\Users\Darius\AppData\Local\Programs\Python\Python38\;C:\Users\Darius\AppData\Local\Microsoft\WindowsApps;
USERNAME=Darius
OS=Windows_NT
PROCESSOR_IDENTIFIER=Intel64 Family 6 Model 158 Stepping 10, GenuineIntel



---------------  S Y S T E M  ---------------

OS: Windows 10 , 64 bit Build 19041 (10.0.19041.3393)
OS uptime: 0 days 1:53 hours

CPU:total 12 (initial active 12) (6 cores per cpu, 2 threads per core) family 6 model 158 stepping 10, cmov, cx8, fxsr, mmx, sse, sse2, sse3, ssse3, sse4.1, sse4.2, popcnt, avx, avx2, aes, clmul, erms, rtm, 3dnowpref, lzcnt, ht, tsc, tscinvbit, bmi1, bmi2, adx, fma

Memory: 4k page, system-wide physical 16344M (5963M free)
TotalPageFile size 30576M (AvailPageFile size 5M)
current process WorkingSet (physical memory assigned to process): 552M, peak: 556M
current process commit charge ("private bytes"): 611M, peak: 613M

vm_info: OpenJDK 64-Bit Server VM (14.0.2+12-46) for windows-amd64 JRE (14.0.2+12-46), built on Jul  9 2020 00:31:16 by "mach5one" with MS VC++ 15.9 (VS2017)

END.
